2024-04-12 16:30:43.436 [error] [RPC Response] PtyService#updateTitle Could not find pty on pty host
2024-04-12 16:30:44.245 [warning] Shell integration cannot be enabled for executable "/bin/sh" and args ["-c","wget --version > /dev/null\nif [ $? -eq 0 ]\nthen\n\twget --connect-timeout=7 --tries=1 --dns-timeout=7 -q --header='Metadata:true' -O - http://169.254.169.254/metadata/instance?api-version=2019-03-11\nelse\n\tcurl --version > /dev/null\n\tif [ $? -eq 0 ]\n\tthen\n\t\tcurl --connect-timeout 7 -s --header='Metadata:true' http://169.254.169.254/metadata/instance?api-version=2019-03-11\n\tfi\nfi\nexit 0"]
2024-04-12 16:30:44.252 [warning] Shell integration cannot be enabled for executable "/bin/sh" and args ["-c","wget --version > /dev/null\nif [ $? -eq 0 ]\nthen\n\twget --connect-timeout=7 --tries=1 --dns-timeout=7 -q  -O - http://169.254.169.254/latest/meta-data/instance-id\nelse\n\tcurl --version > /dev/null\n\tif [ $? -eq 0 ]\n\tthen\n\t\tcurl --connect-timeout 7 -s  http://169.254.169.254/latest/meta-data/instance-id\n\tfi\nfi\nexit 0"]
2024-04-12 16:30:44.253 [warning] Shell integration cannot be enabled for executable "/bin/sh" and args ["-c","wget --version > /dev/null\nif [ $? -eq 0 ]\nthen\n\twget --connect-timeout=7 --tries=1 --dns-timeout=7 -q  -O - http://169.254.169.254/metadata/v1/id\nelse\n\tcurl --version > /dev/null\n\tif [ $? -eq 0 ]\n\tthen\n\t\tcurl --connect-timeout 7 -s  http://169.254.169.254/metadata/v1/id\n\tfi\nfi\nexit 0"]
2024-04-12 16:30:44.302 [warning] Shell integration cannot be enabled for executable "/bin/sh" and args ["-c","wget --version > /dev/null\nif [ $? -eq 0 ]\nthen\n\twget --connect-timeout=7 --tries=1 --dns-timeout=7 -q --header='Metadata-Flavor:Google' -O - http://metadata.google.internal/computeMetadata/v1/instance/id\nelse\n\tcurl --version > /dev/null\n\tif [ $? -eq 0 ]\n\tthen\n\t\tcurl --connect-timeout 7 -s --header='Metadata-Flavor:Google' http://metadata.google.internal/computeMetadata/v1/instance/id\n\tfi\nfi\nexit 0"]
2024-04-12 19:46:41.580 [error] [RPC Response] PtyService#updateIcon Could not find pty on pty host
2024-04-12 19:46:41.586 [error] [RPC Response] PtyService#updateTitle Could not find pty on pty host
2024-04-12 19:46:41.587 [error] [RPC Response] PtyService#updateTitle Could not find pty on pty host
2024-04-12 19:46:42.417 [error] [RPC Response] PtyService#updateTitle Could not find pty on pty host
2024-04-12 23:35:41.504 [error] [RPC Response] PtyService#updateIcon Could not find pty on pty host
2024-04-12 23:35:41.505 [error] [RPC Response] PtyService#updateTitle Could not find pty on pty host
2024-04-12 23:35:41.505 [error] [RPC Response] PtyService#updateTitle Could not find pty on pty host
2024-04-12 23:35:41.505 [error] [RPC Response] PtyService#updateTitle Could not find pty on pty host
2024-04-13 01:18:41.315 [error] [RPC Response] PtyService#updateIcon Could not find pty on pty host
2024-04-13 01:18:41.316 [error] [RPC Response] PtyService#updateTitle Could not find pty on pty host
2024-04-13 01:18:41.316 [error] [RPC Response] PtyService#updateTitle Could not find pty on pty host
2024-04-13 01:18:41.316 [error] [RPC Response] PtyService#updateTitle Could not find pty on pty host
2024-04-15 11:08:28.247 [warning] Shell integration cannot be enabled for executable "/bin/sh" and args ["-c","wget --version > /dev/null\nif [ $? -eq 0 ]\nthen\n\twget --connect-timeout=7 --tries=1 --dns-timeout=7 -q --header='Metadata:true' -O - http://169.254.169.254/metadata/instance?api-version=2019-03-11\nelse\n\tcurl --version > /dev/null\n\tif [ $? -eq 0 ]\n\tthen\n\t\tcurl --connect-timeout 7 -s --header='Metadata:true' http://169.254.169.254/metadata/instance?api-version=2019-03-11\n\tfi\nfi\nexit 0"]
2024-04-15 11:08:28.368 [warning] Shell integration cannot be enabled for executable "/bin/sh" and args ["-c","wget --version > /dev/null\nif [ $? -eq 0 ]\nthen\n\twget --connect-timeout=7 --tries=1 --dns-timeout=7 -q  -O - http://169.254.169.254/latest/meta-data/instance-id\nelse\n\tcurl --version > /dev/null\n\tif [ $? -eq 0 ]\n\tthen\n\t\tcurl --connect-timeout 7 -s  http://169.254.169.254/latest/meta-data/instance-id\n\tfi\nfi\nexit 0"]
2024-04-15 11:08:28.486 [warning] Shell integration cannot be enabled for executable "/bin/sh" and args ["-c","wget --version > /dev/null\nif [ $? -eq 0 ]\nthen\n\twget --connect-timeout=7 --tries=1 --dns-timeout=7 -q  -O - http://169.254.169.254/metadata/v1/id\nelse\n\tcurl --version > /dev/null\n\tif [ $? -eq 0 ]\n\tthen\n\t\tcurl --connect-timeout 7 -s  http://169.254.169.254/metadata/v1/id\n\tfi\nfi\nexit 0"]
2024-04-15 11:08:28.571 [warning] Shell integration cannot be enabled for executable "/bin/sh" and args ["-c","wget --version > /dev/null\nif [ $? -eq 0 ]\nthen\n\twget --connect-timeout=7 --tries=1 --dns-timeout=7 -q --header='Metadata-Flavor:Google' -O - http://metadata.google.internal/computeMetadata/v1/instance/id\nelse\n\tcurl --version > /dev/null\n\tif [ $? -eq 0 ]\n\tthen\n\t\tcurl --connect-timeout 7 -s --header='Metadata-Flavor:Google' http://metadata.google.internal/computeMetadata/v1/instance/id\n\tfi\nfi\nexit 0"]
2024-04-15 11:08:38.105 [warning] Shell integration cannot be enabled for executable "/bin/sh" and args ["-c","wget --version > /dev/null\nif [ $? -eq 0 ]\nthen\n\twget --connect-timeout=7 --tries=1 --dns-timeout=7 -q --header='Metadata:true' -O - http://169.254.169.254/metadata/instance?api-version=2019-03-11\nelse\n\tcurl --version > /dev/null\n\tif [ $? -eq 0 ]\n\tthen\n\t\tcurl --connect-timeout 7 -s --header='Metadata:true' http://169.254.169.254/metadata/instance?api-version=2019-03-11\n\tfi\nfi\nexit 0"]
2024-04-15 11:08:38.154 [warning] Shell integration cannot be enabled for executable "/bin/sh" and args ["-c","wget --version > /dev/null\nif [ $? -eq 0 ]\nthen\n\twget --connect-timeout=7 --tries=1 --dns-timeout=7 -q  -O - http://169.254.169.254/latest/meta-data/instance-id\nelse\n\tcurl --version > /dev/null\n\tif [ $? -eq 0 ]\n\tthen\n\t\tcurl --connect-timeout 7 -s  http://169.254.169.254/latest/meta-data/instance-id\n\tfi\nfi\nexit 0"]
2024-04-15 11:08:38.252 [warning] Shell integration cannot be enabled for executable "/bin/sh" and args ["-c","wget --version > /dev/null\nif [ $? -eq 0 ]\nthen\n\twget --connect-timeout=7 --tries=1 --dns-timeout=7 -q  -O - http://169.254.169.254/metadata/v1/id\nelse\n\tcurl --version > /dev/null\n\tif [ $? -eq 0 ]\n\tthen\n\t\tcurl --connect-timeout 7 -s  http://169.254.169.254/metadata/v1/id\n\tfi\nfi\nexit 0"]
2024-04-15 11:08:38.291 [warning] Shell integration cannot be enabled for executable "/bin/sh" and args ["-c","wget --version > /dev/null\nif [ $? -eq 0 ]\nthen\n\twget --connect-timeout=7 --tries=1 --dns-timeout=7 -q --header='Metadata-Flavor:Google' -O - http://metadata.google.internal/computeMetadata/v1/instance/id\nelse\n\tcurl --version > /dev/null\n\tif [ $? -eq 0 ]\n\tthen\n\t\tcurl --connect-timeout 7 -s --header='Metadata-Flavor:Google' http://metadata.google.internal/computeMetadata/v1/instance/id\n\tfi\nfi\nexit 0"]
2024-04-15 11:08:39.186 [error] [RPC Response] PtyService#updateIcon Could not find pty on pty host
2024-04-15 18:34:34.411 [error] [RPC Response] PtyService#updateIcon Could not find pty on pty host
2024-04-15 18:34:34.420 [error] [RPC Response] PtyService#updateTitle Could not find pty on pty host
2024-04-15 18:34:34.441 [error] [RPC Response] PtyService#updateTitle Could not find pty on pty host
2024-04-15 18:34:34.929 [info] Expanding terminal instance, old id 8556a86f3b2f27b5cde004325239aa80-17 -> new id undefined
2024-04-15 18:34:37.162 [error] [RPC Response] PtyService#updateTitle Could not find pty on pty host
2024-04-15 18:34:37.235 [error] [RPC Response] PtyService#updateIcon Could not find pty on pty host
2024-04-15 18:34:37.241 [error] [RPC Response] PtyService#updateTitle Could not find pty on pty host
2024-04-15 18:34:37.242 [error] [RPC Response] PtyService#updateTitle Could not find pty on pty host
2024-04-15 18:34:38.792 [warning] Shell integration cannot be enabled for executable "/bin/sh" and args ["-c","wget --version > /dev/null\nif [ $? -eq 0 ]\nthen\n\twget --connect-timeout=7 --tries=1 --dns-timeout=7 -q --header='Metadata:true' -O - http://169.254.169.254/metadata/instance?api-version=2019-03-11\nelse\n\tcurl --version > /dev/null\n\tif [ $? -eq 0 ]\n\tthen\n\t\tcurl --connect-timeout 7 -s --header='Metadata:true' http://169.254.169.254/metadata/instance?api-version=2019-03-11\n\tfi\nfi\nexit 0"]
2024-04-15 18:34:38.860 [warning] Shell integration cannot be enabled for executable "/bin/sh" and args ["-c","wget --version > /dev/null\nif [ $? -eq 0 ]\nthen\n\twget --connect-timeout=7 --tries=1 --dns-timeout=7 -q  -O - http://169.254.169.254/latest/meta-data/instance-id\nelse\n\tcurl --version > /dev/null\n\tif [ $? -eq 0 ]\n\tthen\n\t\tcurl --connect-timeout 7 -s  http://169.254.169.254/latest/meta-data/instance-id\n\tfi\nfi\nexit 0"]
2024-04-15 18:34:38.863 [warning] Shell integration cannot be enabled for executable "/bin/sh" and args ["-c","wget --version > /dev/null\nif [ $? -eq 0 ]\nthen\n\twget --connect-timeout=7 --tries=1 --dns-timeout=7 -q  -O - http://169.254.169.254/metadata/v1/id\nelse\n\tcurl --version > /dev/null\n\tif [ $? -eq 0 ]\n\tthen\n\t\tcurl --connect-timeout 7 -s  http://169.254.169.254/metadata/v1/id\n\tfi\nfi\nexit 0"]
2024-04-15 18:34:38.876 [warning] Shell integration cannot be enabled for executable "/bin/sh" and args ["-c","wget --version > /dev/null\nif [ $? -eq 0 ]\nthen\n\twget --connect-timeout=7 --tries=1 --dns-timeout=7 -q --header='Metadata-Flavor:Google' -O - http://metadata.google.internal/computeMetadata/v1/instance/id\nelse\n\tcurl --version > /dev/null\n\tif [ $? -eq 0 ]\n\tthen\n\t\tcurl --connect-timeout 7 -s --header='Metadata-Flavor:Google' http://metadata.google.internal/computeMetadata/v1/instance/id\n\tfi\nfi\nexit 0"]
2024-04-15 18:34:39.945 [info] Persistent process reconnection "17"
2024-04-15 18:34:40.295 [info] Persistent process "17": Replaying 486 chars and 1 size events
2024-04-15 19:47:25.202 [error] [RPC Response] PtyService#updateIcon Could not find pty on pty host
2024-04-15 19:47:25.202 [error] [RPC Response] PtyService#updateTitle Could not find pty on pty host
2024-04-15 19:47:25.202 [error] [RPC Response] PtyService#updateTitle Could not find pty on pty host
2024-04-15 19:47:26.431 [error] [RPC Response] PtyService#updateTitle Could not find pty on pty host
2024-04-15 20:20:21.406 [error] [RPC Response] PtyService#updateIcon Could not find pty on pty host
2024-04-15 20:20:21.406 [error] [RPC Response] PtyService#updateTitle Could not find pty on pty host
2024-04-15 20:20:21.406 [error] [RPC Response] PtyService#updateTitle Could not find pty on pty host
2024-04-15 20:20:22.095 [error] [RPC Response] PtyService#updateTitle Could not find pty on pty host
2024-04-15 21:13:11.395 [error] [RPC Response] PtyService#updateIcon Could not find pty on pty host
2024-04-15 21:13:11.395 [error] [RPC Response] PtyService#updateTitle Could not find pty on pty host
2024-04-15 21:13:11.395 [error] [RPC Response] PtyService#updateTitle Could not find pty on pty host
2024-04-15 21:13:12.106 [error] [RPC Response] PtyService#updateTitle Could not find pty on pty host
2024-04-15 21:45:26.432 [error] [RPC Response] PtyService#updateIcon Could not find pty on pty host
2024-04-15 21:45:26.432 [error] [RPC Response] PtyService#updateTitle Could not find pty on pty host
2024-04-15 21:45:26.432 [error] [RPC Response] PtyService#updateTitle Could not find pty on pty host
2024-04-15 21:45:26.961 [error] [RPC Response] PtyService#updateTitle Could not find pty on pty host
2024-04-15 22:38:57.447 [error] [RPC Response] PtyService#updateIcon Could not find pty on pty host
2024-04-15 22:38:57.447 [error] [RPC Response] PtyService#updateTitle Could not find pty on pty host
2024-04-15 22:38:57.447 [error] [RPC Response] PtyService#updateTitle Could not find pty on pty host
2024-04-15 22:38:57.791 [error] [RPC Response] PtyService#updateTitle Could not find pty on pty host
2024-04-15 23:12:32.409 [error] [RPC Response] PtyService#updateIcon Could not find pty on pty host
2024-04-15 23:12:32.409 [error] [RPC Response] PtyService#updateTitle Could not find pty on pty host
2024-04-15 23:12:32.410 [error] [RPC Response] PtyService#updateTitle Could not find pty on pty host
2024-04-15 23:12:33.119 [error] [RPC Response] PtyService#updateTitle Could not find pty on pty host
2024-04-16 00:04:23.417 [error] [RPC Response] PtyService#updateIcon Could not find pty on pty host
2024-04-16 00:04:23.417 [error] [RPC Response] PtyService#updateTitle Could not find pty on pty host
2024-04-16 00:04:23.417 [error] [RPC Response] PtyService#updateTitle Could not find pty on pty host
2024-04-16 00:04:23.547 [error] [RPC Response] PtyService#updateTitle Could not find pty on pty host
2024-04-16 00:37:59.448 [error] [RPC Response] PtyService#updateIcon Could not find pty on pty host
2024-04-16 00:37:59.448 [error] [RPC Response] PtyService#updateTitle Could not find pty on pty host
2024-04-16 00:37:59.448 [error] [RPC Response] PtyService#updateTitle Could not find pty on pty host
2024-04-16 00:38:00.114 [error] [RPC Response] PtyService#updateTitle Could not find pty on pty host
2024-04-16 01:27:42.433 [error] [RPC Response] PtyService#updateIcon Could not find pty on pty host
2024-04-16 01:27:42.434 [error] [RPC Response] PtyService#updateTitle Could not find pty on pty host
2024-04-16 01:27:42.434 [error] [RPC Response] PtyService#updateTitle Could not find pty on pty host
2024-04-16 01:27:42.575 [error] [RPC Response] PtyService#updateTitle Could not find pty on pty host
2024-04-16 02:01:16.436 [error] [RPC Response] PtyService#updateIcon Could not find pty on pty host
2024-04-16 02:01:16.437 [error] [RPC Response] PtyService#updateTitle Could not find pty on pty host
2024-04-16 02:01:16.437 [error] [RPC Response] PtyService#updateTitle Could not find pty on pty host
2024-04-16 02:01:16.437 [error] [RPC Response] PtyService#updateTitle Could not find pty on pty host
2024-04-16 02:33:28.434 [error] [RPC Response] PtyService#updateIcon Could not find pty on pty host
2024-04-16 02:33:28.434 [error] [RPC Response] PtyService#updateTitle Could not find pty on pty host
2024-04-16 02:33:28.434 [error] [RPC Response] PtyService#updateTitle Could not find pty on pty host
2024-04-16 02:33:28.434 [error] [RPC Response] PtyService#updateTitle Could not find pty on pty host
2024-04-16 03:05:40.413 [error] [RPC Response] PtyService#updateIcon Could not find pty on pty host
2024-04-16 03:05:40.413 [error] [RPC Response] PtyService#updateTitle Could not find pty on pty host
2024-04-16 03:05:40.413 [error] [RPC Response] PtyService#updateTitle Could not find pty on pty host
2024-04-16 03:05:40.413 [error] [RPC Response] PtyService#updateTitle Could not find pty on pty host
2024-04-16 03:37:15.450 [error] [RPC Response] PtyService#updateIcon Could not find pty on pty host
2024-04-16 03:37:15.450 [error] [RPC Response] PtyService#updateTitle Could not find pty on pty host
2024-04-16 03:37:15.450 [error] [RPC Response] PtyService#updateTitle Could not find pty on pty host
2024-04-16 03:37:15.982 [error] [RPC Response] PtyService#updateTitle Could not find pty on pty host
2024-04-16 04:08:48.401 [error] [RPC Response] PtyService#updateIcon Could not find pty on pty host
2024-04-16 04:08:48.401 [error] [RPC Response] PtyService#updateTitle Could not find pty on pty host
2024-04-16 04:08:48.401 [error] [RPC Response] PtyService#updateTitle Could not find pty on pty host
2024-04-16 04:08:48.885 [error] [RPC Response] PtyService#updateTitle Could not find pty on pty host
2024-04-16 05:16:46.167 [error] [RPC Response] PtyService#updateIcon Could not find pty on pty host
2024-04-16 05:16:46.167 [error] [RPC Response] PtyService#updateTitle Could not find pty on pty host
2024-04-16 05:16:46.167 [error] [RPC Response] PtyService#updateTitle Could not find pty on pty host
2024-04-16 05:16:47.360 [error] [RPC Response] PtyService#updateTitle Could not find pty on pty host
2024-04-16 05:50:21.393 [error] [RPC Response] PtyService#updateIcon Could not find pty on pty host
2024-04-16 05:50:21.393 [error] [RPC Response] PtyService#updateTitle Could not find pty on pty host
2024-04-16 05:50:21.393 [error] [RPC Response] PtyService#updateTitle Could not find pty on pty host
2024-04-16 05:50:21.393 [error] [RPC Response] PtyService#updateTitle Could not find pty on pty host
2024-04-16 06:38:36.417 [error] [RPC Response] PtyService#updateIcon Could not find pty on pty host
2024-04-16 06:38:36.417 [error] [RPC Response] PtyService#updateTitle Could not find pty on pty host
2024-04-16 06:38:36.418 [error] [RPC Response] PtyService#updateTitle Could not find pty on pty host
2024-04-16 06:38:37.164 [error] [RPC Response] PtyService#updateTitle Could not find pty on pty host
2024-04-16 07:12:09.410 [error] [RPC Response] PtyService#updateIcon Could not find pty on pty host
2024-04-16 07:12:09.410 [error] [RPC Response] PtyService#updateTitle Could not find pty on pty host
2024-04-16 07:12:09.410 [error] [RPC Response] PtyService#updateTitle Could not find pty on pty host
2024-04-16 07:12:10.065 [error] [RPC Response] PtyService#updateTitle Could not find pty on pty host
2024-04-16 08:00:00.445 [error] [RPC Response] PtyService#updateIcon Could not find pty on pty host
2024-04-16 08:00:00.446 [error] [RPC Response] PtyService#updateTitle Could not find pty on pty host
2024-04-16 08:00:00.446 [error] [RPC Response] PtyService#updateTitle Could not find pty on pty host
2024-04-16 08:00:01.350 [error] [RPC Response] PtyService#updateTitle Could not find pty on pty host
2024-04-16 08:33:35.431 [error] [RPC Response] PtyService#updateIcon Could not find pty on pty host
2024-04-16 08:33:35.431 [error] [RPC Response] PtyService#updateTitle Could not find pty on pty host
2024-04-16 08:33:35.432 [error] [RPC Response] PtyService#updateTitle Could not find pty on pty host
2024-04-16 08:33:36.144 [error] [RPC Response] PtyService#updateTitle Could not find pty on pty host
2024-04-16 09:06:15.401 [error] [RPC Response] PtyService#updateIcon Could not find pty on pty host
2024-04-16 09:06:15.401 [error] [RPC Response] PtyService#updateTitle Could not find pty on pty host
2024-04-16 09:06:15.401 [error] [RPC Response] PtyService#updateTitle Could not find pty on pty host
2024-04-16 09:06:15.401 [error] [RPC Response] PtyService#updateTitle Could not find pty on pty host
2024-04-16 10:55:52.712 [error] [RPC Response] PtyService#updateIcon Could not find pty on pty host
2024-04-16 10:55:52.712 [error] [RPC Response] PtyService#updateTitle Could not find pty on pty host
2024-04-16 10:55:52.713 [error] [RPC Response] PtyService#updateTitle Could not find pty on pty host
2024-04-16 10:55:52.976 [error] [RPC Response] PtyService#updateTitle Could not find pty on pty host
2024-04-16 11:27:13.439 [error] [RPC Response] PtyService#updateIcon Could not find pty on pty host
2024-04-16 11:27:13.440 [error] [RPC Response] PtyService#updateTitle Could not find pty on pty host
2024-04-16 11:27:13.440 [error] [RPC Response] PtyService#updateTitle Could not find pty on pty host
2024-04-16 11:27:13.905 [error] [RPC Response] PtyService#updateTitle Could not find pty on pty host
2024-04-16 19:38:32.490 [error] [RPC Response] PtyService#updateIcon Could not find pty on pty host
2024-04-16 19:38:32.491 [error] [RPC Response] PtyService#updateTitle Could not find pty on pty host
2024-04-16 19:38:32.491 [error] [RPC Response] PtyService#updateTitle Could not find pty on pty host
2024-04-16 19:38:33.165 [error] [RPC Response] PtyService#updateTitle Could not find pty on pty host
2024-04-16 20:14:02.404 [error] [RPC Response] PtyService#updateIcon Could not find pty on pty host
2024-04-16 20:14:02.404 [error] [RPC Response] PtyService#updateTitle Could not find pty on pty host
2024-04-16 20:14:02.404 [error] [RPC Response] PtyService#updateTitle Could not find pty on pty host
2024-04-16 20:14:02.959 [error] [RPC Response] PtyService#updateTitle Could not find pty on pty host
2024-04-16 20:45:41.410 [error] [RPC Response] PtyService#updateIcon Could not find pty on pty host
2024-04-16 20:45:41.410 [error] [RPC Response] PtyService#updateTitle Could not find pty on pty host
2024-04-16 20:45:41.410 [error] [RPC Response] PtyService#updateTitle Could not find pty on pty host
2024-04-16 20:45:42.114 [error] [RPC Response] PtyService#updateTitle Could not find pty on pty host
2024-04-16 21:19:32.476 [error] [RPC Response] PtyService#updateIcon Could not find pty on pty host
2024-04-16 21:19:32.476 [error] [RPC Response] PtyService#updateTitle Could not find pty on pty host
2024-04-16 21:19:32.476 [error] [RPC Response] PtyService#updateTitle Could not find pty on pty host
2024-04-16 21:19:32.480 [error] [RPC Response] PtyService#updateTitle Could not find pty on pty host
2024-04-16 21:50:40.412 [error] [RPC Response] PtyService#updateIcon Could not find pty on pty host
2024-04-16 21:50:40.413 [error] [RPC Response] PtyService#updateTitle Could not find pty on pty host
2024-04-16 21:50:40.413 [error] [RPC Response] PtyService#updateTitle Could not find pty on pty host
2024-04-16 21:50:40.413 [error] [RPC Response] PtyService#updateTitle Could not find pty on pty host
2024-04-16 22:21:36.425 [error] [RPC Response] PtyService#updateIcon Could not find pty on pty host
2024-04-16 22:21:36.425 [error] [RPC Response] PtyService#updateTitle Could not find pty on pty host
2024-04-16 22:21:36.425 [error] [RPC Response] PtyService#updateTitle Could not find pty on pty host
2024-04-16 22:21:36.941 [error] [RPC Response] PtyService#updateTitle Could not find pty on pty host
2024-04-16 22:54:10.423 [error] [RPC Response] PtyService#updateIcon Could not find pty on pty host
2024-04-16 22:54:10.424 [error] [RPC Response] PtyService#updateTitle Could not find pty on pty host
2024-04-16 22:54:10.424 [error] [RPC Response] PtyService#updateTitle Could not find pty on pty host
2024-04-16 22:54:10.424 [error] [RPC Response] PtyService#updateTitle Could not find pty on pty host
2024-04-16 23:26:37.445 [error] [RPC Response] PtyService#updateIcon Could not find pty on pty host
2024-04-16 23:26:37.446 [error] [RPC Response] PtyService#updateTitle Could not find pty on pty host
2024-04-16 23:26:37.446 [error] [RPC Response] PtyService#updateTitle Could not find pty on pty host
2024-04-16 23:26:37.721 [error] [RPC Response] PtyService#updateTitle Could not find pty on pty host
2024-04-16 23:57:20.425 [error] [RPC Response] PtyService#updateIcon Could not find pty on pty host
2024-04-16 23:57:20.425 [error] [RPC Response] PtyService#updateTitle Could not find pty on pty host
2024-04-16 23:57:20.425 [error] [RPC Response] PtyService#updateTitle Could not find pty on pty host
2024-04-16 23:57:21.309 [error] [RPC Response] PtyService#updateTitle Could not find pty on pty host
2024-04-17 00:28:59.446 [error] [RPC Response] PtyService#updateIcon Could not find pty on pty host
2024-04-17 00:28:59.446 [error] [RPC Response] PtyService#updateTitle Could not find pty on pty host
2024-04-17 00:28:59.446 [error] [RPC Response] PtyService#updateTitle Could not find pty on pty host
2024-04-17 00:28:59.446 [error] [RPC Response] PtyService#updateTitle Could not find pty on pty host
2024-04-17 01:00:17.393 [error] [RPC Response] PtyService#updateIcon Could not find pty on pty host
2024-04-17 01:00:17.393 [error] [RPC Response] PtyService#updateTitle Could not find pty on pty host
2024-04-17 01:00:17.393 [error] [RPC Response] PtyService#updateTitle Could not find pty on pty host
2024-04-17 01:00:18.086 [error] [RPC Response] PtyService#updateTitle Could not find pty on pty host
2024-04-17 01:30:57.451 [error] [RPC Response] PtyService#updateIcon Could not find pty on pty host
2024-04-17 01:30:57.451 [error] [RPC Response] PtyService#updateTitle Could not find pty on pty host
2024-04-17 01:30:57.451 [error] [RPC Response] PtyService#updateTitle Could not find pty on pty host
2024-04-17 01:30:57.934 [error] [RPC Response] PtyService#updateTitle Could not find pty on pty host
2024-04-17 02:04:58.419 [error] [RPC Response] PtyService#updateIcon Could not find pty on pty host
2024-04-17 02:04:58.419 [error] [RPC Response] PtyService#updateTitle Could not find pty on pty host
2024-04-17 02:04:58.419 [error] [RPC Response] PtyService#updateTitle Could not find pty on pty host
2024-04-17 02:04:59.267 [error] [RPC Response] PtyService#updateTitle Could not find pty on pty host
2024-04-17 02:37:09.419 [error] [RPC Response] PtyService#updateIcon Could not find pty on pty host
2024-04-17 02:37:09.419 [error] [RPC Response] PtyService#updateTitle Could not find pty on pty host
2024-04-17 02:37:09.419 [error] [RPC Response] PtyService#updateTitle Could not find pty on pty host
2024-04-17 02:37:09.960 [error] [RPC Response] PtyService#updateTitle Could not find pty on pty host
2024-04-17 03:09:19.434 [error] [RPC Response] PtyService#updateIcon Could not find pty on pty host
2024-04-17 03:09:19.434 [error] [RPC Response] PtyService#updateTitle Could not find pty on pty host
2024-04-17 03:09:19.434 [error] [RPC Response] PtyService#updateTitle Could not find pty on pty host
2024-04-17 03:09:20.126 [error] [RPC Response] PtyService#updateTitle Could not find pty on pty host
2024-04-17 03:41:50.419 [error] [RPC Response] PtyService#updateIcon Could not find pty on pty host
2024-04-17 03:41:50.420 [error] [RPC Response] PtyService#updateTitle Could not find pty on pty host
2024-04-17 03:41:50.420 [error] [RPC Response] PtyService#updateTitle Could not find pty on pty host
2024-04-17 03:41:51.057 [error] [RPC Response] PtyService#updateTitle Could not find pty on pty host
2024-04-17 04:13:02.389 [error] [RPC Response] PtyService#updateIcon Could not find pty on pty host
2024-04-17 04:13:02.389 [error] [RPC Response] PtyService#updateTitle Could not find pty on pty host
2024-04-17 04:13:02.389 [error] [RPC Response] PtyService#updateTitle Could not find pty on pty host
2024-04-17 04:13:03.128 [error] [RPC Response] PtyService#updateTitle Could not find pty on pty host
2024-04-17 04:43:46.405 [error] [RPC Response] PtyService#updateIcon Could not find pty on pty host
2024-04-17 04:43:46.405 [error] [RPC Response] PtyService#updateTitle Could not find pty on pty host
2024-04-17 04:43:46.405 [error] [RPC Response] PtyService#updateTitle Could not find pty on pty host
2024-04-17 04:43:46.405 [error] [RPC Response] PtyService#updateTitle Could not find pty on pty host
2024-04-17 05:15:31.431 [error] [RPC Response] PtyService#updateIcon Could not find pty on pty host
2024-04-17 05:15:31.432 [error] [RPC Response] PtyService#updateTitle Could not find pty on pty host
2024-04-17 05:15:31.432 [error] [RPC Response] PtyService#updateTitle Could not find pty on pty host
2024-04-17 05:15:32.286 [error] [RPC Response] PtyService#updateTitle Could not find pty on pty host
2024-04-17 05:46:22.431 [error] [RPC Response] PtyService#updateIcon Could not find pty on pty host
2024-04-17 05:46:22.431 [error] [RPC Response] PtyService#updateTitle Could not find pty on pty host
2024-04-17 05:46:22.431 [error] [RPC Response] PtyService#updateTitle Could not find pty on pty host
2024-04-17 05:46:22.431 [error] [RPC Response] PtyService#updateTitle Could not find pty on pty host
2024-04-17 06:17:18.430 [error] [RPC Response] PtyService#updateIcon Could not find pty on pty host
2024-04-17 06:17:18.430 [error] [RPC Response] PtyService#updateTitle Could not find pty on pty host
2024-04-17 06:17:18.430 [error] [RPC Response] PtyService#updateTitle Could not find pty on pty host
2024-04-17 06:17:19.394 [error] [RPC Response] PtyService#updateTitle Could not find pty on pty host
2024-04-17 06:48:12.434 [error] [RPC Response] PtyService#updateIcon Could not find pty on pty host
2024-04-17 06:48:12.434 [error] [RPC Response] PtyService#updateTitle Could not find pty on pty host
2024-04-17 06:48:12.434 [error] [RPC Response] PtyService#updateTitle Could not find pty on pty host
2024-04-17 06:48:13.202 [error] [RPC Response] PtyService#updateTitle Could not find pty on pty host
2024-04-17 07:18:57.469 [error] [RPC Response] PtyService#updateIcon Could not find pty on pty host
2024-04-17 07:18:57.470 [error] [RPC Response] PtyService#updateTitle Could not find pty on pty host
2024-04-17 07:18:57.470 [error] [RPC Response] PtyService#updateTitle Could not find pty on pty host
2024-04-17 07:18:58.209 [error] [RPC Response] PtyService#updateTitle Could not find pty on pty host
2024-04-17 07:52:33.462 [error] [RPC Response] PtyService#updateIcon Could not find pty on pty host
2024-04-17 07:52:33.463 [error] [RPC Response] PtyService#updateTitle Could not find pty on pty host
2024-04-17 07:52:33.463 [error] [RPC Response] PtyService#updateTitle Could not find pty on pty host
2024-04-17 07:52:33.466 [error] [RPC Response] PtyService#updateTitle Could not find pty on pty host
2024-04-17 08:24:46.427 [error] [RPC Response] PtyService#updateIcon Could not find pty on pty host
2024-04-17 08:24:46.427 [error] [RPC Response] PtyService#updateTitle Could not find pty on pty host
2024-04-17 08:24:46.427 [error] [RPC Response] PtyService#updateTitle Could not find pty on pty host
2024-04-17 08:24:46.427 [error] [RPC Response] PtyService#updateTitle Could not find pty on pty host
2024-04-17 08:57:04.416 [error] [RPC Response] PtyService#updateIcon Could not find pty on pty host
2024-04-17 08:57:04.416 [error] [RPC Response] PtyService#updateTitle Could not find pty on pty host
2024-04-17 08:57:04.416 [error] [RPC Response] PtyService#updateTitle Could not find pty on pty host
2024-04-17 08:57:05.078 [error] [RPC Response] PtyService#updateTitle Could not find pty on pty host
2024-04-17 11:50:39.966 [error] [RPC Response] PtyService#updateIcon Could not find pty on pty host
2024-04-17 11:50:39.967 [error] [RPC Response] PtyService#updateTitle Could not find pty on pty host
2024-04-17 11:50:39.967 [error] [RPC Response] PtyService#updateTitle Could not find pty on pty host
2024-04-17 11:50:41.215 [error] [RPC Response] PtyService#updateTitle Could not find pty on pty host
2024-04-17 12:59:45.452 [error] [RPC Response] PtyService#updateIcon Could not find pty on pty host
2024-04-17 12:59:45.452 [error] [RPC Response] PtyService#updateTitle Could not find pty on pty host
2024-04-17 12:59:45.452 [error] [RPC Response] PtyService#updateTitle Could not find pty on pty host
2024-04-17 12:59:45.996 [error] [RPC Response] PtyService#updateTitle Could not find pty on pty host
2024-04-17 19:02:55.459 [error] [RPC Response] PtyService#updateIcon Could not find pty on pty host
2024-04-17 19:02:55.460 [error] [RPC Response] PtyService#updateTitle Could not find pty on pty host
2024-04-17 19:02:55.460 [error] [RPC Response] PtyService#updateTitle Could not find pty on pty host
2024-04-17 19:02:56.022 [error] [RPC Response] PtyService#updateTitle Could not find pty on pty host
2024-04-17 19:33:47.075 [error] [RPC Response] PtyService#updateIcon Could not find pty on pty host
2024-04-17 19:33:47.075 [error] [RPC Response] PtyService#updateTitle Could not find pty on pty host
2024-04-17 19:33:47.075 [error] [RPC Response] PtyService#updateTitle Could not find pty on pty host
2024-04-17 19:33:47.075 [error] [RPC Response] PtyService#updateTitle Could not find pty on pty host
2024-04-17 20:04:34.426 [error] [RPC Response] PtyService#updateIcon Could not find pty on pty host
2024-04-17 20:04:34.428 [error] [RPC Response] PtyService#updateTitle Could not find pty on pty host
2024-04-17 20:04:34.428 [error] [RPC Response] PtyService#updateTitle Could not find pty on pty host
2024-04-17 20:04:35.129 [error] [RPC Response] PtyService#updateTitle Could not find pty on pty host
2024-04-17 20:36:43.489 [error] [RPC Response] PtyService#updateIcon Could not find pty on pty host
2024-04-17 20:36:43.489 [error] [RPC Response] PtyService#updateTitle Could not find pty on pty host
2024-04-17 20:36:43.489 [error] [RPC Response] PtyService#updateTitle Could not find pty on pty host
2024-04-17 20:36:43.721 [error] [RPC Response] PtyService#updateTitle Could not find pty on pty host
2024-04-17 21:07:33.445 [error] [RPC Response] PtyService#updateIcon Could not find pty on pty host
2024-04-17 21:07:33.445 [error] [RPC Response] PtyService#updateTitle Could not find pty on pty host
2024-04-17 21:07:33.445 [error] [RPC Response] PtyService#updateTitle Could not find pty on pty host
2024-04-17 21:07:33.445 [error] [RPC Response] PtyService#updateTitle Could not find pty on pty host
2024-04-17 21:38:21.387 [error] [RPC Response] PtyService#updateIcon Could not find pty on pty host
2024-04-17 21:38:21.387 [error] [RPC Response] PtyService#updateTitle Could not find pty on pty host
2024-04-17 21:38:21.387 [error] [RPC Response] PtyService#updateTitle Could not find pty on pty host
2024-04-17 21:38:21.387 [error] [RPC Response] PtyService#updateTitle Could not find pty on pty host
2024-04-17 22:09:10.455 [error] [RPC Response] PtyService#updateIcon Could not find pty on pty host
2024-04-17 22:09:10.456 [error] [RPC Response] PtyService#updateTitle Could not find pty on pty host
2024-04-17 22:09:10.456 [error] [RPC Response] PtyService#updateTitle Could not find pty on pty host
2024-04-17 22:09:11.129 [error] [RPC Response] PtyService#updateTitle Could not find pty on pty host
2024-04-17 22:40:00.569 [error] [RPC Response] PtyService#updateIcon Could not find pty on pty host
2024-04-17 22:40:00.569 [error] [RPC Response] PtyService#updateTitle Could not find pty on pty host
2024-04-17 22:40:00.569 [error] [RPC Response] PtyService#updateTitle Could not find pty on pty host
2024-04-17 22:40:00.990 [error] [RPC Response] PtyService#updateTitle Could not find pty on pty host
2024-04-17 23:10:49.464 [error] [RPC Response] PtyService#updateIcon Could not find pty on pty host
2024-04-17 23:10:49.464 [error] [RPC Response] PtyService#updateTitle Could not find pty on pty host
2024-04-17 23:10:49.465 [error] [RPC Response] PtyService#updateTitle Could not find pty on pty host
2024-04-17 23:10:49.700 [error] [RPC Response] PtyService#updateTitle Could not find pty on pty host
2024-04-17 23:41:38.413 [error] [RPC Response] PtyService#updateIcon Could not find pty on pty host
2024-04-17 23:41:38.413 [error] [RPC Response] PtyService#updateTitle Could not find pty on pty host
2024-04-17 23:41:38.413 [error] [RPC Response] PtyService#updateTitle Could not find pty on pty host
2024-04-17 23:41:38.899 [error] [RPC Response] PtyService#updateTitle Could not find pty on pty host
2024-04-18 00:12:28.462 [error] [RPC Response] PtyService#updateIcon Could not find pty on pty host
2024-04-18 00:12:28.462 [error] [RPC Response] PtyService#updateTitle Could not find pty on pty host
2024-04-18 00:12:28.462 [error] [RPC Response] PtyService#updateTitle Could not find pty on pty host
2024-04-18 00:12:29.142 [error] [RPC Response] PtyService#updateTitle Could not find pty on pty host
2024-04-18 00:43:17.458 [error] [RPC Response] PtyService#updateIcon Could not find pty on pty host
2024-04-18 00:43:17.458 [error] [RPC Response] PtyService#updateTitle Could not find pty on pty host
2024-04-18 00:43:17.458 [error] [RPC Response] PtyService#updateTitle Could not find pty on pty host
2024-04-18 00:43:18.001 [error] [RPC Response] PtyService#updateTitle Could not find pty on pty host
2024-04-18 01:14:06.471 [error] [RPC Response] PtyService#updateIcon Could not find pty on pty host
2024-04-18 01:14:06.471 [error] [RPC Response] PtyService#updateTitle Could not find pty on pty host
2024-04-18 01:14:06.471 [error] [RPC Response] PtyService#updateTitle Could not find pty on pty host
2024-04-18 01:14:06.970 [error] [RPC Response] PtyService#updateTitle Could not find pty on pty host
2024-04-18 01:44:56.482 [error] [RPC Response] PtyService#updateIcon Could not find pty on pty host
2024-04-18 01:44:56.482 [error] [RPC Response] PtyService#updateTitle Could not find pty on pty host
2024-04-18 01:44:56.482 [error] [RPC Response] PtyService#updateTitle Could not find pty on pty host
2024-04-18 01:44:56.482 [error] [RPC Response] PtyService#updateTitle Could not find pty on pty host
2024-04-18 02:15:45.472 [error] [RPC Response] PtyService#updateIcon Could not find pty on pty host
2024-04-18 02:15:45.472 [error] [RPC Response] PtyService#updateTitle Could not find pty on pty host
2024-04-18 02:15:45.472 [error] [RPC Response] PtyService#updateTitle Could not find pty on pty host
2024-04-18 02:15:45.473 [error] [RPC Response] PtyService#updateTitle Could not find pty on pty host
2024-04-18 02:46:35.503 [error] [RPC Response] PtyService#updateIcon Could not find pty on pty host
2024-04-18 02:46:35.503 [error] [RPC Response] PtyService#updateTitle Could not find pty on pty host
2024-04-18 02:46:35.503 [error] [RPC Response] PtyService#updateTitle Could not find pty on pty host
2024-04-18 02:46:35.503 [error] [RPC Response] PtyService#updateTitle Could not find pty on pty host
2024-04-18 03:18:44.485 [error] [RPC Response] PtyService#updateIcon Could not find pty on pty host
2024-04-18 03:18:44.485 [error] [RPC Response] PtyService#updateTitle Could not find pty on pty host
2024-04-18 03:18:44.485 [error] [RPC Response] PtyService#updateTitle Could not find pty on pty host
2024-04-18 03:18:45.319 [error] [RPC Response] PtyService#updateTitle Could not find pty on pty host
2024-04-18 03:49:35.474 [error] [RPC Response] PtyService#updateIcon Could not find pty on pty host
2024-04-18 03:49:35.474 [error] [RPC Response] PtyService#updateTitle Could not find pty on pty host
2024-04-18 03:49:35.474 [error] [RPC Response] PtyService#updateTitle Could not find pty on pty host
2024-04-18 03:49:35.475 [error] [RPC Response] PtyService#updateTitle Could not find pty on pty host
2024-04-18 04:20:24.410 [error] [RPC Response] PtyService#updateIcon Could not find pty on pty host
2024-04-18 04:20:24.410 [error] [RPC Response] PtyService#updateTitle Could not find pty on pty host
2024-04-18 04:20:24.410 [error] [RPC Response] PtyService#updateTitle Could not find pty on pty host
2024-04-18 04:20:24.410 [error] [RPC Response] PtyService#updateTitle Could not find pty on pty host
2024-04-18 04:51:53.451 [error] [RPC Response] PtyService#updateIcon Could not find pty on pty host
2024-04-18 04:51:53.451 [error] [RPC Response] PtyService#updateTitle Could not find pty on pty host
2024-04-18 04:51:53.451 [error] [RPC Response] PtyService#updateTitle Could not find pty on pty host
2024-04-18 04:51:53.451 [error] [RPC Response] PtyService#updateTitle Could not find pty on pty host
2024-04-18 05:22:43.462 [error] [RPC Response] PtyService#updateIcon Could not find pty on pty host
2024-04-18 05:22:43.462 [error] [RPC Response] PtyService#updateTitle Could not find pty on pty host
2024-04-18 05:22:43.462 [error] [RPC Response] PtyService#updateTitle Could not find pty on pty host
2024-04-18 05:22:43.462 [error] [RPC Response] PtyService#updateTitle Could not find pty on pty host
2024-04-18 05:53:34.461 [error] [RPC Response] PtyService#updateIcon Could not find pty on pty host
2024-04-18 05:53:34.461 [error] [RPC Response] PtyService#updateTitle Could not find pty on pty host
2024-04-18 05:53:34.461 [error] [RPC Response] PtyService#updateTitle Could not find pty on pty host
2024-04-18 05:53:35.210 [error] [RPC Response] PtyService#updateTitle Could not find pty on pty host
2024-04-18 06:24:24.531 [error] [RPC Response] PtyService#updateIcon Could not find pty on pty host
2024-04-18 06:24:24.531 [error] [RPC Response] PtyService#updateTitle Could not find pty on pty host
2024-04-18 06:24:24.531 [error] [RPC Response] PtyService#updateTitle Could not find pty on pty host
2024-04-18 06:24:25.776 [error] [RPC Response] PtyService#updateTitle Could not find pty on pty host
2024-04-18 06:55:13.454 [error] [RPC Response] PtyService#updateIcon Could not find pty on pty host
2024-04-18 06:55:13.455 [error] [RPC Response] PtyService#updateTitle Could not find pty on pty host
2024-04-18 06:55:13.455 [error] [RPC Response] PtyService#updateTitle Could not find pty on pty host
2024-04-18 06:55:14.184 [error] [RPC Response] PtyService#updateTitle Could not find pty on pty host
2024-04-18 07:26:02.508 [error] [RPC Response] PtyService#updateIcon Could not find pty on pty host
2024-04-18 07:26:02.509 [error] [RPC Response] PtyService#updateTitle Could not find pty on pty host
2024-04-18 07:26:02.509 [error] [RPC Response] PtyService#updateTitle Could not find pty on pty host
2024-04-18 07:26:03.087 [error] [RPC Response] PtyService#updateTitle Could not find pty on pty host
2024-04-18 07:57:32.475 [error] [RPC Response] PtyService#updateIcon Could not find pty on pty host
2024-04-18 07:57:32.475 [error] [RPC Response] PtyService#updateTitle Could not find pty on pty host
2024-04-18 07:57:32.475 [error] [RPC Response] PtyService#updateTitle Could not find pty on pty host
2024-04-18 07:57:32.475 [error] [RPC Response] PtyService#updateTitle Could not find pty on pty host
2024-04-18 08:29:41.468 [error] [RPC Response] PtyService#updateIcon Could not find pty on pty host
2024-04-18 08:29:41.468 [error] [RPC Response] PtyService#updateTitle Could not find pty on pty host
2024-04-18 08:29:41.468 [error] [RPC Response] PtyService#updateTitle Could not find pty on pty host
2024-04-18 08:29:42.250 [error] [RPC Response] PtyService#updateTitle Could not find pty on pty host
2024-04-18 09:00:54.473 [error] [RPC Response] PtyService#updateIcon Could not find pty on pty host
2024-04-18 09:00:54.474 [error] [RPC Response] PtyService#updateTitle Could not find pty on pty host
2024-04-18 09:00:54.474 [error] [RPC Response] PtyService#updateTitle Could not find pty on pty host
2024-04-18 09:00:55.246 [error] [RPC Response] PtyService#updateTitle Could not find pty on pty host
2024-04-18 09:31:41.468 [error] [RPC Response] PtyService#updateIcon Could not find pty on pty host
2024-04-18 09:31:41.469 [error] [RPC Response] PtyService#updateTitle Could not find pty on pty host
2024-04-18 09:31:41.469 [error] [RPC Response] PtyService#updateTitle Could not find pty on pty host
2024-04-18 09:31:42.027 [error] [RPC Response] PtyService#updateTitle Could not find pty on pty host
2024-04-18 10:03:48.463 [error] [RPC Response] PtyService#updateIcon Could not find pty on pty host
2024-04-18 10:03:48.463 [error] [RPC Response] PtyService#updateTitle Could not find pty on pty host
2024-04-18 10:03:48.463 [error] [RPC Response] PtyService#updateTitle Could not find pty on pty host
2024-04-18 10:03:48.995 [error] [RPC Response] PtyService#updateTitle Could not find pty on pty host
2024-04-18 10:34:59.477 [error] [RPC Response] PtyService#updateIcon Could not find pty on pty host
2024-04-18 10:34:59.477 [error] [RPC Response] PtyService#updateTitle Could not find pty on pty host
2024-04-18 10:34:59.478 [error] [RPC Response] PtyService#updateTitle Could not find pty on pty host
2024-04-18 10:35:00.211 [error] [RPC Response] PtyService#updateTitle Could not find pty on pty host
2024-04-18 11:05:47.464 [error] [RPC Response] PtyService#updateIcon Could not find pty on pty host
2024-04-18 11:05:47.464 [error] [RPC Response] PtyService#updateTitle Could not find pty on pty host
2024-04-18 11:05:47.464 [error] [RPC Response] PtyService#updateTitle Could not find pty on pty host
2024-04-18 11:05:48.133 [error] [RPC Response] PtyService#updateTitle Could not find pty on pty host
2024-04-18 11:36:38.476 [error] [RPC Response] PtyService#updateIcon Could not find pty on pty host
2024-04-18 11:36:38.477 [error] [RPC Response] PtyService#updateTitle Could not find pty on pty host
2024-04-18 11:36:38.477 [error] [RPC Response] PtyService#updateTitle Could not find pty on pty host
2024-04-18 11:36:39.215 [error] [RPC Response] PtyService#updateTitle Could not find pty on pty host
2024-04-18 12:07:28.485 [error] [RPC Response] PtyService#updateIcon Could not find pty on pty host
2024-04-18 12:07:28.485 [error] [RPC Response] PtyService#updateTitle Could not find pty on pty host
2024-04-18 12:07:28.487 [error] [RPC Response] PtyService#updateTitle Could not find pty on pty host
2024-04-18 12:07:29.559 [error] [RPC Response] PtyService#updateTitle Could not find pty on pty host
2024-04-18 12:38:18.442 [error] [RPC Response] PtyService#updateIcon Could not find pty on pty host
2024-04-18 12:38:18.442 [error] [RPC Response] PtyService#updateTitle Could not find pty on pty host
2024-04-18 12:38:18.443 [error] [RPC Response] PtyService#updateTitle Could not find pty on pty host
2024-04-18 12:38:19.060 [error] [RPC Response] PtyService#updateTitle Could not find pty on pty host
2024-04-18 13:09:07.466 [error] [RPC Response] PtyService#updateIcon Could not find pty on pty host
2024-04-18 13:09:07.466 [error] [RPC Response] PtyService#updateTitle Could not find pty on pty host
2024-04-18 13:09:07.466 [error] [RPC Response] PtyService#updateTitle Could not find pty on pty host
2024-04-18 13:09:08.122 [error] [RPC Response] PtyService#updateTitle Could not find pty on pty host
2024-04-18 13:39:57.448 [error] [RPC Response] PtyService#updateIcon Could not find pty on pty host
2024-04-18 13:39:57.448 [error] [RPC Response] PtyService#updateTitle Could not find pty on pty host
2024-04-18 13:39:57.448 [error] [RPC Response] PtyService#updateTitle Could not find pty on pty host
2024-04-18 13:39:57.448 [error] [RPC Response] PtyService#updateTitle Could not find pty on pty host
2024-04-18 14:10:46.535 [error] [RPC Response] PtyService#updateIcon Could not find pty on pty host
2024-04-18 14:10:46.535 [error] [RPC Response] PtyService#updateTitle Could not find pty on pty host
2024-04-18 14:10:46.535 [error] [RPC Response] PtyService#updateTitle Could not find pty on pty host
2024-04-18 14:10:47.004 [error] [RPC Response] PtyService#updateTitle Could not find pty on pty host
2024-04-18 14:41:28.509 [error] [RPC Response] PtyService#updateIcon Could not find pty on pty host
2024-04-18 14:41:28.509 [error] [RPC Response] PtyService#updateTitle Could not find pty on pty host
2024-04-18 14:41:28.509 [error] [RPC Response] PtyService#updateTitle Could not find pty on pty host
2024-04-18 14:41:29.204 [error] [RPC Response] PtyService#updateTitle Could not find pty on pty host
2024-04-18 15:12:23.423 [error] [RPC Response] PtyService#updateIcon Could not find pty on pty host
2024-04-18 15:12:23.423 [error] [RPC Response] PtyService#updateTitle Could not find pty on pty host
2024-04-18 15:12:23.423 [error] [RPC Response] PtyService#updateTitle Could not find pty on pty host
2024-04-18 15:12:24.029 [error] [RPC Response] PtyService#updateTitle Could not find pty on pty host
2024-04-18 15:43:08.524 [error] [RPC Response] PtyService#updateIcon Could not find pty on pty host
2024-04-18 15:43:08.524 [error] [RPC Response] PtyService#updateTitle Could not find pty on pty host
2024-04-18 15:43:08.524 [error] [RPC Response] PtyService#updateTitle Could not find pty on pty host
2024-04-18 15:43:08.525 [error] [RPC Response] PtyService#updateTitle Could not find pty on pty host
2024-04-18 16:14:02.496 [error] [RPC Response] PtyService#updateIcon Could not find pty on pty host
2024-04-18 16:14:02.497 [error] [RPC Response] PtyService#updateTitle Could not find pty on pty host
2024-04-18 16:14:02.497 [error] [RPC Response] PtyService#updateTitle Could not find pty on pty host
2024-04-18 16:14:02.893 [error] [RPC Response] PtyService#updateTitle Could not find pty on pty host
2024-04-18 16:44:50.479 [error] [RPC Response] PtyService#updateIcon Could not find pty on pty host
2024-04-18 16:44:50.479 [error] [RPC Response] PtyService#updateTitle Could not find pty on pty host
2024-04-18 16:44:50.479 [error] [RPC Response] PtyService#updateTitle Could not find pty on pty host
2024-04-18 16:44:50.479 [error] [RPC Response] PtyService#updateTitle Could not find pty on pty host
2024-04-18 17:15:39.485 [error] [RPC Response] PtyService#updateIcon Could not find pty on pty host
2024-04-18 17:15:39.486 [error] [RPC Response] PtyService#updateTitle Could not find pty on pty host
2024-04-18 17:15:39.486 [error] [RPC Response] PtyService#updateTitle Could not find pty on pty host
2024-04-18 17:15:40.313 [error] [RPC Response] PtyService#updateTitle Could not find pty on pty host
2024-04-18 17:46:28.484 [error] [RPC Response] PtyService#updateIcon Could not find pty on pty host
2024-04-18 17:46:28.484 [error] [RPC Response] PtyService#updateTitle Could not find pty on pty host
2024-04-18 17:46:28.484 [error] [RPC Response] PtyService#updateTitle Could not find pty on pty host
2024-04-18 17:46:30.295 [error] [RPC Response] PtyService#updateTitle Could not find pty on pty host
2024-04-18 18:17:17.466 [error] [RPC Response] PtyService#updateIcon Could not find pty on pty host
2024-04-18 18:17:17.466 [error] [RPC Response] PtyService#updateTitle Could not find pty on pty host
2024-04-18 18:17:17.466 [error] [RPC Response] PtyService#updateTitle Could not find pty on pty host
2024-04-18 18:17:17.498 [error] [RPC Response] PtyService#updateTitle Could not find pty on pty host
2024-04-18 18:49:24.613 [error] [RPC Response] PtyService#updateIcon Could not find pty on pty host
2024-04-18 18:49:24.617 [error] [RPC Response] PtyService#updateTitle Could not find pty on pty host
2024-04-18 18:49:24.617 [error] [RPC Response] PtyService#updateTitle Could not find pty on pty host
2024-04-18 18:49:24.617 [error] [RPC Response] PtyService#updateTitle Could not find pty on pty host
2024-04-18 19:20:16.645 [error] [RPC Response] PtyService#updateIcon Could not find pty on pty host
2024-04-18 19:20:16.646 [error] [RPC Response] PtyService#updateTitle Could not find pty on pty host
2024-04-18 19:20:16.646 [error] [RPC Response] PtyService#updateTitle Could not find pty on pty host
2024-04-18 19:20:16.646 [error] [RPC Response] PtyService#updateTitle Could not find pty on pty host
2024-04-18 19:51:05.442 [error] [RPC Response] PtyService#updateIcon Could not find pty on pty host
2024-04-18 19:51:05.442 [error] [RPC Response] PtyService#updateTitle Could not find pty on pty host
2024-04-18 19:51:05.443 [error] [RPC Response] PtyService#updateTitle Could not find pty on pty host
2024-04-18 19:51:05.493 [error] [RPC Response] PtyService#updateTitle Could not find pty on pty host
2024-04-18 20:23:54.483 [error] [RPC Response] PtyService#updateIcon Could not find pty on pty host
2024-04-18 20:23:54.484 [error] [RPC Response] PtyService#updateTitle Could not find pty on pty host
2024-04-18 20:23:54.484 [error] [RPC Response] PtyService#updateTitle Could not find pty on pty host
2024-04-18 20:23:54.484 [error] [RPC Response] PtyService#updateTitle Could not find pty on pty host
2024-04-18 20:54:43.512 [error] [RPC Response] PtyService#updateIcon Could not find pty on pty host
2024-04-18 20:54:43.524 [error] [RPC Response] PtyService#updateTitle Could not find pty on pty host
2024-04-18 20:54:43.524 [error] [RPC Response] PtyService#updateTitle Could not find pty on pty host
2024-04-18 20:54:44.478 [error] [RPC Response] PtyService#updateTitle Could not find pty on pty host
2024-04-18 21:25:33.502 [error] [RPC Response] PtyService#updateIcon Could not find pty on pty host
2024-04-18 21:25:33.505 [error] [RPC Response] PtyService#updateTitle Could not find pty on pty host
2024-04-18 21:25:33.505 [error] [RPC Response] PtyService#updateTitle Could not find pty on pty host
2024-04-18 21:25:34.635 [error] [RPC Response] PtyService#updateTitle Could not find pty on pty host
2024-04-18 21:56:22.490 [error] [RPC Response] PtyService#updateIcon Could not find pty on pty host
2024-04-18 21:56:22.490 [error] [RPC Response] PtyService#updateTitle Could not find pty on pty host
2024-04-18 21:56:22.490 [error] [RPC Response] PtyService#updateTitle Could not find pty on pty host
2024-04-18 21:56:23.565 [error] [RPC Response] PtyService#updateTitle Could not find pty on pty host
2024-04-18 22:27:11.545 [error] [RPC Response] PtyService#updateIcon Could not find pty on pty host
2024-04-18 22:27:11.546 [error] [RPC Response] PtyService#updateTitle Could not find pty on pty host
2024-04-18 22:27:11.546 [error] [RPC Response] PtyService#updateTitle Could not find pty on pty host
2024-04-18 22:27:11.934 [error] [RPC Response] PtyService#updateTitle Could not find pty on pty host
2024-04-18 22:58:00.531 [error] [RPC Response] PtyService#updateIcon Could not find pty on pty host
2024-04-18 22:58:00.532 [error] [RPC Response] PtyService#updateTitle Could not find pty on pty host
2024-04-18 22:58:00.532 [error] [RPC Response] PtyService#updateTitle Could not find pty on pty host
2024-04-18 22:58:00.532 [error] [RPC Response] PtyService#updateTitle Could not find pty on pty host
2024-04-18 23:28:49.574 [error] [RPC Response] PtyService#updateIcon Could not find pty on pty host
2024-04-18 23:28:49.583 [error] [RPC Response] PtyService#updateTitle Could not find pty on pty host
2024-04-18 23:28:49.583 [error] [RPC Response] PtyService#updateTitle Could not find pty on pty host
2024-04-18 23:28:49.583 [error] [RPC Response] PtyService#updateTitle Could not find pty on pty host
2024-04-18 23:59:39.543 [error] [RPC Response] PtyService#updateIcon Could not find pty on pty host
2024-04-18 23:59:39.546 [error] [RPC Response] PtyService#updateTitle Could not find pty on pty host
2024-04-18 23:59:39.546 [error] [RPC Response] PtyService#updateTitle Could not find pty on pty host
2024-04-18 23:59:40.582 [error] [RPC Response] PtyService#updateTitle Could not find pty on pty host
2024-04-19 00:30:27.633 [error] [RPC Response] PtyService#updateIcon Could not find pty on pty host
2024-04-19 00:30:27.634 [error] [RPC Response] PtyService#updateTitle Could not find pty on pty host
2024-04-19 00:30:27.634 [error] [RPC Response] PtyService#updateTitle Could not find pty on pty host
2024-04-19 00:30:28.608 [error] [RPC Response] PtyService#updateTitle Could not find pty on pty host
2024-04-19 01:01:18.886 [error] [RPC Response] PtyService#updateIcon Could not find pty on pty host
2024-04-19 01:01:18.889 [error] [RPC Response] PtyService#updateTitle Could not find pty on pty host
2024-04-19 01:01:18.889 [error] [RPC Response] PtyService#updateTitle Could not find pty on pty host
2024-04-19 01:01:19.967 [error] [RPC Response] PtyService#updateTitle Could not find pty on pty host
2024-04-19 01:32:07.827 [error] [RPC Response] PtyService#updateIcon Could not find pty on pty host
2024-04-19 01:32:07.851 [error] [RPC Response] PtyService#updateTitle Could not find pty on pty host
2024-04-19 01:32:07.851 [error] [RPC Response] PtyService#updateTitle Could not find pty on pty host
2024-04-19 01:32:08.324 [error] [RPC Response] PtyService#updateTitle Could not find pty on pty host
2024-04-19 02:04:19.423 [error] [RPC Response] PtyService#updateIcon Could not find pty on pty host
2024-04-19 02:04:19.425 [error] [RPC Response] PtyService#updateTitle Could not find pty on pty host
2024-04-19 02:04:19.425 [error] [RPC Response] PtyService#updateTitle Could not find pty on pty host
2024-04-19 02:04:20.905 [error] [RPC Response] PtyService#updateTitle Could not find pty on pty host
2024-04-19 02:35:07.942 [error] [RPC Response] PtyService#updateIcon Could not find pty on pty host
2024-04-19 02:35:07.957 [error] [RPC Response] PtyService#updateTitle Could not find pty on pty host
2024-04-19 02:35:07.957 [error] [RPC Response] PtyService#updateTitle Could not find pty on pty host
2024-04-19 02:35:08.945 [error] [RPC Response] PtyService#updateTitle Could not find pty on pty host
2024-04-19 03:05:59.854 [error] [RPC Response] PtyService#updateIcon Could not find pty on pty host
2024-04-19 03:05:59.936 [error] [RPC Response] PtyService#updateTitle Could not find pty on pty host
2024-04-19 03:05:59.941 [error] [RPC Response] PtyService#updateTitle Could not find pty on pty host
2024-04-19 03:05:59.941 [error] [RPC Response] PtyService#updateTitle Could not find pty on pty host
2024-04-19 03:36:53.466 [error] [RPC Response] PtyService#updateIcon Could not find pty on pty host
2024-04-19 03:36:54.651 [error] [RPC Response] PtyService#updateTitle Could not find pty on pty host
2024-04-19 03:36:54.666 [error] [RPC Response] PtyService#updateTitle Could not find pty on pty host
2024-04-19 03:36:54.666 [error] [RPC Response] PtyService#updateTitle Could not find pty on pty host
2024-04-19 04:07:32.591 [error] [RPC Response] PtyService#updateIcon Could not find pty on pty host
2024-04-19 04:07:32.603 [error] [RPC Response] PtyService#updateTitle Could not find pty on pty host
2024-04-19 04:07:32.603 [error] [RPC Response] PtyService#updateTitle Could not find pty on pty host
2024-04-19 04:07:32.610 [error] [RPC Response] PtyService#updateTitle Could not find pty on pty host
2024-04-19 04:38:12.514 [error] [RPC Response] PtyService#updateIcon Could not find pty on pty host
2024-04-19 04:38:12.514 [error] [RPC Response] PtyService#updateTitle Could not find pty on pty host
2024-04-19 04:38:12.514 [error] [RPC Response] PtyService#updateTitle Could not find pty on pty host
2024-04-19 04:38:13.603 [error] [RPC Response] PtyService#updateTitle Could not find pty on pty host
2024-04-19 05:09:11.588 [error] [RPC Response] PtyService#updateIcon Could not find pty on pty host
2024-04-19 05:09:11.595 [error] [RPC Response] PtyService#updateTitle Could not find pty on pty host
2024-04-19 05:09:11.596 [error] [RPC Response] PtyService#updateTitle Could not find pty on pty host
2024-04-19 05:09:11.596 [error] [RPC Response] PtyService#updateTitle Could not find pty on pty host
2024-04-19 05:40:03.480 [error] [RPC Response] PtyService#updateIcon Could not find pty on pty host
2024-04-19 05:40:03.481 [error] [RPC Response] PtyService#updateTitle Could not find pty on pty host
2024-04-19 05:40:03.481 [error] [RPC Response] PtyService#updateTitle Could not find pty on pty host
2024-04-19 05:40:03.485 [error] [RPC Response] PtyService#updateTitle Could not find pty on pty host
2024-04-19 06:10:54.528 [error] [RPC Response] PtyService#updateIcon Could not find pty on pty host
2024-04-19 06:10:54.528 [error] [RPC Response] PtyService#updateTitle Could not find pty on pty host
2024-04-19 06:10:54.528 [error] [RPC Response] PtyService#updateTitle Could not find pty on pty host
2024-04-19 06:10:55.040 [error] [RPC Response] PtyService#updateTitle Could not find pty on pty host
2024-04-19 06:41:44.628 [error] [RPC Response] PtyService#updateIcon Could not find pty on pty host
2024-04-19 06:41:44.628 [error] [RPC Response] PtyService#updateTitle Could not find pty on pty host
2024-04-19 06:41:44.628 [error] [RPC Response] PtyService#updateTitle Could not find pty on pty host
2024-04-19 06:41:45.002 [error] [RPC Response] PtyService#updateTitle Could not find pty on pty host
2024-04-19 07:12:34.461 [error] [RPC Response] PtyService#updateIcon Could not find pty on pty host
2024-04-19 07:12:34.461 [error] [RPC Response] PtyService#updateTitle Could not find pty on pty host
2024-04-19 07:12:34.461 [error] [RPC Response] PtyService#updateTitle Could not find pty on pty host
2024-04-19 07:12:35.130 [error] [RPC Response] PtyService#updateTitle Could not find pty on pty host
2024-04-19 07:43:24.483 [error] [RPC Response] PtyService#updateIcon Could not find pty on pty host
2024-04-19 07:43:24.483 [error] [RPC Response] PtyService#updateTitle Could not find pty on pty host
2024-04-19 07:43:24.483 [error] [RPC Response] PtyService#updateTitle Could not find pty on pty host
2024-04-19 07:43:24.834 [error] [RPC Response] PtyService#updateTitle Could not find pty on pty host
2024-04-19 08:14:07.485 [error] [RPC Response] PtyService#updateIcon Could not find pty on pty host
2024-04-19 08:14:07.485 [error] [RPC Response] PtyService#updateTitle Could not find pty on pty host
2024-04-19 08:14:07.485 [error] [RPC Response] PtyService#updateTitle Could not find pty on pty host
2024-04-19 08:14:08.088 [error] [RPC Response] PtyService#updateTitle Could not find pty on pty host
2024-04-19 08:44:49.513 [error] [RPC Response] PtyService#updateIcon Could not find pty on pty host
2024-04-19 08:44:49.513 [error] [RPC Response] PtyService#updateTitle Could not find pty on pty host
2024-04-19 08:44:49.514 [error] [RPC Response] PtyService#updateTitle Could not find pty on pty host
2024-04-19 08:44:49.525 [error] [RPC Response] PtyService#updateTitle Could not find pty on pty host
2024-04-19 09:16:52.541 [error] [RPC Response] PtyService#updateIcon Could not find pty on pty host
2024-04-19 09:16:52.542 [error] [RPC Response] PtyService#updateTitle Could not find pty on pty host
2024-04-19 09:16:52.542 [error] [RPC Response] PtyService#updateTitle Could not find pty on pty host
2024-04-19 09:16:54.532 [error] [RPC Response] PtyService#updateTitle Could not find pty on pty host
2024-04-19 10:38:15.459 [error] [RPC Response] PtyService#updateIcon Could not find pty on pty host
2024-04-19 10:38:20.056 [error] [RPC Response] PtyService#updateTitle Could not find pty on pty host
