2024-03-18 09:33:17.921 [error] [RPC Response] PtyService#updateTitle Could not find pty on pty host
2024-03-18 09:33:19.588 [warning] Shell integration cannot be enabled for executable "/bin/sh" and args ["-c","wget --version > /dev/null\nif [ $? -eq 0 ]\nthen\n\twget --connect-timeout=7 --tries=1 --dns-timeout=7 -q --header='Metadata:true' -O - http://169.254.169.254/metadata/instance?api-version=2019-03-11\nelse\n\tcurl --version > /dev/null\n\tif [ $? -eq 0 ]\n\tthen\n\t\tcurl --connect-timeout 7 -s --header='Metadata:true' http://169.254.169.254/metadata/instance?api-version=2019-03-11\n\tfi\nfi\nexit 0"]
2024-03-18 09:33:19.636 [warning] Shell integration cannot be enabled for executable "/bin/sh" and args ["-c","wget --version > /dev/null\nif [ $? -eq 0 ]\nthen\n\twget --connect-timeout=7 --tries=1 --dns-timeout=7 -q  -O - http://169.254.169.254/latest/meta-data/instance-id\nelse\n\tcurl --version > /dev/null\n\tif [ $? -eq 0 ]\n\tthen\n\t\tcurl --connect-timeout 7 -s  http://169.254.169.254/latest/meta-data/instance-id\n\tfi\nfi\nexit 0"]
2024-03-18 09:33:19.640 [warning] Shell integration cannot be enabled for executable "/bin/sh" and args ["-c","wget --version > /dev/null\nif [ $? -eq 0 ]\nthen\n\twget --connect-timeout=7 --tries=1 --dns-timeout=7 -q  -O - http://169.254.169.254/metadata/v1/id\nelse\n\tcurl --version > /dev/null\n\tif [ $? -eq 0 ]\n\tthen\n\t\tcurl --connect-timeout 7 -s  http://169.254.169.254/metadata/v1/id\n\tfi\nfi\nexit 0"]
2024-03-18 09:33:19.715 [warning] Shell integration cannot be enabled for executable "/bin/sh" and args ["-c","wget --version > /dev/null\nif [ $? -eq 0 ]\nthen\n\twget --connect-timeout=7 --tries=1 --dns-timeout=7 -q --header='Metadata-Flavor:Google' -O - http://metadata.google.internal/computeMetadata/v1/instance/id\nelse\n\tcurl --version > /dev/null\n\tif [ $? -eq 0 ]\n\tthen\n\t\tcurl --connect-timeout 7 -s --header='Metadata-Flavor:Google' http://metadata.google.internal/computeMetadata/v1/instance/id\n\tfi\nfi\nexit 0"]
2024-03-18 09:33:30.708 [warning] Shell integration cannot be enabled for executable "/bin/sh" and args ["-c","wget --version > /dev/null\nif [ $? -eq 0 ]\nthen\n\twget --connect-timeout=7 --tries=1 --dns-timeout=7 -q --header='Metadata:true' -O - http://169.254.169.254/metadata/instance?api-version=2019-03-11\nelse\n\tcurl --version > /dev/null\n\tif [ $? -eq 0 ]\n\tthen\n\t\tcurl --connect-timeout 7 -s --header='Metadata:true' http://169.254.169.254/metadata/instance?api-version=2019-03-11\n\tfi\nfi\nexit 0"]
2024-03-18 09:33:30.713 [warning] Shell integration cannot be enabled for executable "/bin/sh" and args ["-c","wget --version > /dev/null\nif [ $? -eq 0 ]\nthen\n\twget --connect-timeout=7 --tries=1 --dns-timeout=7 -q  -O - http://169.254.169.254/latest/meta-data/instance-id\nelse\n\tcurl --version > /dev/null\n\tif [ $? -eq 0 ]\n\tthen\n\t\tcurl --connect-timeout 7 -s  http://169.254.169.254/latest/meta-data/instance-id\n\tfi\nfi\nexit 0"]
2024-03-18 09:33:30.734 [warning] Shell integration cannot be enabled for executable "/bin/sh" and args ["-c","wget --version > /dev/null\nif [ $? -eq 0 ]\nthen\n\twget --connect-timeout=7 --tries=1 --dns-timeout=7 -q  -O - http://169.254.169.254/metadata/v1/id\nelse\n\tcurl --version > /dev/null\n\tif [ $? -eq 0 ]\n\tthen\n\t\tcurl --connect-timeout 7 -s  http://169.254.169.254/metadata/v1/id\n\tfi\nfi\nexit 0"]
2024-03-18 09:33:30.799 [warning] Shell integration cannot be enabled for executable "/bin/sh" and args ["-c","wget --version > /dev/null\nif [ $? -eq 0 ]\nthen\n\twget --connect-timeout=7 --tries=1 --dns-timeout=7 -q --header='Metadata-Flavor:Google' -O - http://metadata.google.internal/computeMetadata/v1/instance/id\nelse\n\tcurl --version > /dev/null\n\tif [ $? -eq 0 ]\n\tthen\n\t\tcurl --connect-timeout 7 -s --header='Metadata-Flavor:Google' http://metadata.google.internal/computeMetadata/v1/instance/id\n\tfi\nfi\nexit 0"]
2024-03-18 19:08:57.223 [error] [RPC Response] PtyService#updateIcon Could not find pty on pty host
2024-03-18 19:08:57.226 [error] [RPC Response] PtyService#updateTitle Could not find pty on pty host
2024-03-18 19:08:57.226 [error] [RPC Response] PtyService#updateTitle Could not find pty on pty host
2024-03-18 19:08:57.767 [error] [RPC Response] PtyService#updateTitle Could not find pty on pty host
2024-03-18 19:39:39.858 [error] [RPC Response] PtyService#updateIcon Could not find pty on pty host
2024-03-18 19:39:39.859 [error] [RPC Response] PtyService#updateTitle Could not find pty on pty host
2024-03-18 19:39:39.859 [error] [RPC Response] PtyService#updateTitle Could not find pty on pty host
2024-03-18 19:39:40.817 [error] [RPC Response] PtyService#updateTitle Could not find pty on pty host
2024-03-18 20:10:34.276 [error] [RPC Response] PtyService#updateIcon Could not find pty on pty host
2024-03-18 20:10:34.277 [error] [RPC Response] PtyService#updateTitle Could not find pty on pty host
2024-03-18 20:10:34.277 [error] [RPC Response] PtyService#updateTitle Could not find pty on pty host
2024-03-18 20:10:34.784 [error] [RPC Response] PtyService#updateTitle Could not find pty on pty host
2024-03-18 20:41:27.965 [error] [RPC Response] PtyService#updateIcon Could not find pty on pty host
2024-03-18 20:41:27.965 [error] [RPC Response] PtyService#updateTitle Could not find pty on pty host
2024-03-18 20:41:27.965 [error] [RPC Response] PtyService#updateTitle Could not find pty on pty host
2024-03-18 20:41:28.248 [error] [RPC Response] PtyService#updateTitle Could not find pty on pty host
2024-03-18 21:12:21.954 [error] [RPC Response] PtyService#updateIcon Could not find pty on pty host
2024-03-18 21:12:21.954 [error] [RPC Response] PtyService#updateTitle Could not find pty on pty host
2024-03-18 21:12:21.954 [error] [RPC Response] PtyService#updateTitle Could not find pty on pty host
2024-03-18 21:12:23.215 [error] [RPC Response] PtyService#updateTitle Could not find pty on pty host
2024-03-18 21:44:16.151 [error] [RPC Response] PtyService#updateIcon Could not find pty on pty host
2024-03-18 21:44:16.151 [error] [RPC Response] PtyService#updateTitle Could not find pty on pty host
2024-03-18 21:44:16.151 [error] [RPC Response] PtyService#updateTitle Could not find pty on pty host
2024-03-18 21:44:16.805 [error] [RPC Response] PtyService#updateTitle Could not find pty on pty host
2024-03-18 22:17:30.955 [error] [RPC Response] PtyService#updateIcon Could not find pty on pty host
2024-03-18 22:17:30.955 [error] [RPC Response] PtyService#updateTitle Could not find pty on pty host
2024-03-18 22:17:30.955 [error] [RPC Response] PtyService#updateTitle Could not find pty on pty host
2024-03-18 22:17:31.533 [error] [RPC Response] PtyService#updateTitle Could not find pty on pty host
2024-03-18 22:49:39.056 [error] [RPC Response] PtyService#updateIcon Could not find pty on pty host
2024-03-18 22:49:39.056 [error] [RPC Response] PtyService#updateTitle Could not find pty on pty host
2024-03-18 22:49:39.056 [error] [RPC Response] PtyService#updateTitle Could not find pty on pty host
2024-03-18 22:49:39.783 [error] [RPC Response] PtyService#updateTitle Could not find pty on pty host
2024-03-18 23:20:21.864 [error] [RPC Response] PtyService#updateIcon Could not find pty on pty host
2024-03-18 23:20:21.864 [error] [RPC Response] PtyService#updateTitle Could not find pty on pty host
2024-03-18 23:20:21.864 [error] [RPC Response] PtyService#updateTitle Could not find pty on pty host
2024-03-18 23:20:22.831 [error] [RPC Response] PtyService#updateTitle Could not find pty on pty host
2024-03-18 23:52:26.176 [error] [RPC Response] PtyService#updateIcon Could not find pty on pty host
2024-03-18 23:52:26.176 [error] [RPC Response] PtyService#updateTitle Could not find pty on pty host
2024-03-18 23:52:26.176 [error] [RPC Response] PtyService#updateTitle Could not find pty on pty host
2024-03-18 23:52:26.788 [error] [RPC Response] PtyService#updateTitle Could not find pty on pty host
2024-03-19 00:24:20.185 [error] [RPC Response] PtyService#updateIcon Could not find pty on pty host
2024-03-19 00:24:20.185 [error] [RPC Response] PtyService#updateTitle Could not find pty on pty host
2024-03-19 00:24:20.185 [error] [RPC Response] PtyService#updateTitle Could not find pty on pty host
2024-03-19 00:24:20.263 [error] [RPC Response] PtyService#updateTitle Could not find pty on pty host
2024-03-19 00:56:36.140 [error] [RPC Response] PtyService#updateIcon Could not find pty on pty host
2024-03-19 00:56:36.140 [error] [RPC Response] PtyService#updateTitle Could not find pty on pty host
2024-03-19 00:56:36.140 [error] [RPC Response] PtyService#updateTitle Could not find pty on pty host
2024-03-19 00:56:36.831 [error] [RPC Response] PtyService#updateTitle Could not find pty on pty host
2024-03-19 01:31:18.986 [error] [RPC Response] PtyService#updateIcon Could not find pty on pty host
2024-03-19 01:31:18.986 [error] [RPC Response] PtyService#updateTitle Could not find pty on pty host
2024-03-19 01:31:18.986 [error] [RPC Response] PtyService#updateTitle Could not find pty on pty host
2024-03-19 01:31:19.828 [error] [RPC Response] PtyService#updateTitle Could not find pty on pty host
2024-03-19 02:03:23.282 [error] [RPC Response] PtyService#updateIcon Could not find pty on pty host
2024-03-19 02:03:23.282 [error] [RPC Response] PtyService#updateTitle Could not find pty on pty host
2024-03-19 02:03:23.282 [error] [RPC Response] PtyService#updateTitle Could not find pty on pty host
2024-03-19 02:03:23.815 [error] [RPC Response] PtyService#updateTitle Could not find pty on pty host
2024-03-19 02:34:07.740 [error] [RPC Response] PtyService#updateIcon Could not find pty on pty host
2024-03-19 02:34:07.740 [error] [RPC Response] PtyService#updateTitle Could not find pty on pty host
2024-03-19 02:34:07.740 [error] [RPC Response] PtyService#updateTitle Could not find pty on pty host
2024-03-19 02:34:08.680 [error] [RPC Response] PtyService#updateTitle Could not find pty on pty host
2024-03-19 03:06:23.861 [error] [RPC Response] PtyService#updateIcon Could not find pty on pty host
2024-03-19 03:06:23.861 [error] [RPC Response] PtyService#updateTitle Could not find pty on pty host
2024-03-19 03:06:23.862 [error] [RPC Response] PtyService#updateTitle Could not find pty on pty host
2024-03-19 03:06:24.295 [error] [RPC Response] PtyService#updateTitle Could not find pty on pty host
2024-03-19 03:38:41.076 [error] [RPC Response] PtyService#updateIcon Could not find pty on pty host
2024-03-19 03:38:41.077 [error] [RPC Response] PtyService#updateTitle Could not find pty on pty host
2024-03-19 03:38:41.077 [error] [RPC Response] PtyService#updateTitle Could not find pty on pty host
2024-03-19 03:38:41.843 [error] [RPC Response] PtyService#updateTitle Could not find pty on pty host
2024-03-19 04:10:38.353 [error] [RPC Response] PtyService#updateIcon Could not find pty on pty host
2024-03-19 04:10:38.353 [error] [RPC Response] PtyService#updateTitle Could not find pty on pty host
2024-03-19 04:10:38.353 [error] [RPC Response] PtyService#updateTitle Could not find pty on pty host
2024-03-19 04:10:38.607 [error] [RPC Response] PtyService#updateTitle Could not find pty on pty host
2024-03-19 04:41:53.168 [error] [RPC Response] PtyService#updateIcon Could not find pty on pty host
2024-03-19 04:41:53.168 [error] [RPC Response] PtyService#updateTitle Could not find pty on pty host
2024-03-19 04:41:53.168 [error] [RPC Response] PtyService#updateTitle Could not find pty on pty host
2024-03-19 04:41:53.221 [error] [RPC Response] PtyService#updateTitle Could not find pty on pty host
2024-03-19 05:14:08.868 [error] [RPC Response] PtyService#updateIcon Could not find pty on pty host
2024-03-19 05:14:08.868 [error] [RPC Response] PtyService#updateTitle Could not find pty on pty host
2024-03-19 05:14:08.868 [error] [RPC Response] PtyService#updateTitle Could not find pty on pty host
2024-03-19 05:14:09.292 [error] [RPC Response] PtyService#updateTitle Could not find pty on pty host
2024-03-19 05:44:52.186 [error] [RPC Response] PtyService#updateIcon Could not find pty on pty host
2024-03-19 05:44:52.186 [error] [RPC Response] PtyService#updateTitle Could not find pty on pty host
2024-03-19 05:44:52.186 [error] [RPC Response] PtyService#updateTitle Could not find pty on pty host
2024-03-19 05:44:52.797 [error] [RPC Response] PtyService#updateTitle Could not find pty on pty host
2024-03-19 06:16:39.959 [error] [RPC Response] PtyService#updateIcon Could not find pty on pty host
2024-03-19 06:16:39.959 [error] [RPC Response] PtyService#updateTitle Could not find pty on pty host
2024-03-19 06:16:39.959 [error] [RPC Response] PtyService#updateTitle Could not find pty on pty host
2024-03-19 06:16:40.781 [error] [RPC Response] PtyService#updateTitle Could not find pty on pty host
2024-03-19 06:48:57.932 [error] [RPC Response] PtyService#updateIcon Could not find pty on pty host
2024-03-19 06:48:57.932 [error] [RPC Response] PtyService#updateTitle Could not find pty on pty host
2024-03-19 06:48:57.932 [error] [RPC Response] PtyService#updateTitle Could not find pty on pty host
2024-03-19 06:48:58.850 [error] [RPC Response] PtyService#updateTitle Could not find pty on pty host
2024-03-19 07:23:01.106 [error] [RPC Response] PtyService#updateIcon Could not find pty on pty host
2024-03-19 07:23:01.106 [error] [RPC Response] PtyService#updateTitle Could not find pty on pty host
2024-03-19 07:23:01.106 [error] [RPC Response] PtyService#updateTitle Could not find pty on pty host
2024-03-19 07:23:01.784 [error] [RPC Response] PtyService#updateTitle Could not find pty on pty host
2024-03-19 07:53:56.297 [error] [RPC Response] PtyService#updateIcon Could not find pty on pty host
2024-03-19 07:53:56.297 [error] [RPC Response] PtyService#updateTitle Could not find pty on pty host
2024-03-19 07:53:56.297 [error] [RPC Response] PtyService#updateTitle Could not find pty on pty host
2024-03-19 07:53:56.299 [error] [RPC Response] PtyService#updateTitle Could not find pty on pty host
2024-03-19 08:25:19.021 [error] [RPC Response] PtyService#updateIcon Could not find pty on pty host
2024-03-19 08:25:19.021 [error] [RPC Response] PtyService#updateTitle Could not find pty on pty host
2024-03-19 08:25:19.021 [error] [RPC Response] PtyService#updateTitle Could not find pty on pty host
2024-03-19 08:25:19.180 [error] [RPC Response] PtyService#updateTitle Could not find pty on pty host
2024-03-19 08:56:25.978 [error] [RPC Response] PtyService#updateIcon Could not find pty on pty host
2024-03-19 08:56:25.978 [error] [RPC Response] PtyService#updateTitle Could not find pty on pty host
2024-03-19 08:56:25.978 [error] [RPC Response] PtyService#updateTitle Could not find pty on pty host
2024-03-19 08:56:26.637 [error] [RPC Response] PtyService#updateTitle Could not find pty on pty host
2024-03-19 11:53:01.835 [error] [RPC Response] PtyService#updateIcon Could not find pty on pty host
2024-03-19 11:53:01.837 [error] [RPC Response] PtyService#updateTitle Could not find pty on pty host
2024-03-19 11:53:01.837 [error] [RPC Response] PtyService#updateTitle Could not find pty on pty host
2024-03-19 11:53:02.913 [error] [RPC Response] PtyService#updateTitle Could not find pty on pty host
2024-03-19 12:56:33.095 [error] [RPC Response] PtyService#updateIcon Could not find pty on pty host
2024-03-19 12:56:33.095 [error] [RPC Response] PtyService#updateTitle Could not find pty on pty host
2024-03-19 12:56:33.095 [error] [RPC Response] PtyService#updateTitle Could not find pty on pty host
2024-03-19 12:56:33.350 [error] [RPC Response] PtyService#updateTitle Could not find pty on pty host
2024-03-19 17:53:20.512 [error] [RPC Response] PtyService#updateIcon Could not find pty on pty host
2024-03-19 17:53:20.513 [error] [RPC Response] PtyService#updateTitle Could not find pty on pty host
2024-03-19 17:53:20.513 [error] [RPC Response] PtyService#updateTitle Could not find pty on pty host
2024-03-19 17:53:21.770 [error] [RPC Response] PtyService#updateTitle Could not find pty on pty host
2024-03-19 18:33:21.097 [error] [RPC Response] PtyService#updateIcon Could not find pty on pty host
2024-03-19 18:33:21.097 [error] [RPC Response] PtyService#updateTitle Could not find pty on pty host
2024-03-19 18:33:21.098 [error] [RPC Response] PtyService#updateTitle Could not find pty on pty host
2024-03-19 18:33:21.867 [error] [RPC Response] PtyService#updateTitle Could not find pty on pty host
2024-03-19 19:13:38.970 [error] [RPC Response] PtyService#updateIcon Could not find pty on pty host
2024-03-19 19:13:38.970 [error] [RPC Response] PtyService#updateTitle Could not find pty on pty host
2024-03-19 19:13:38.970 [error] [RPC Response] PtyService#updateTitle Could not find pty on pty host
2024-03-19 19:13:39.871 [error] [RPC Response] PtyService#updateTitle Could not find pty on pty host
2024-03-19 19:49:15.210 [error] [RPC Response] PtyService#updateIcon Could not find pty on pty host
2024-03-19 19:49:15.210 [error] [RPC Response] PtyService#updateTitle Could not find pty on pty host
2024-03-19 19:49:15.210 [error] [RPC Response] PtyService#updateTitle Could not find pty on pty host
2024-03-19 19:49:15.278 [error] [RPC Response] PtyService#updateTitle Could not find pty on pty host
2024-03-19 20:29:50.176 [error] [RPC Response] PtyService#updateIcon Could not find pty on pty host
2024-03-19 20:29:50.176 [error] [RPC Response] PtyService#updateTitle Could not find pty on pty host
2024-03-19 20:29:50.176 [error] [RPC Response] PtyService#updateTitle Could not find pty on pty host
2024-03-19 20:29:50.345 [error] [RPC Response] PtyService#updateTitle Could not find pty on pty host
2024-03-19 21:10:07.050 [error] [RPC Response] PtyService#updateIcon Could not find pty on pty host
2024-03-19 21:10:07.050 [error] [RPC Response] PtyService#updateTitle Could not find pty on pty host
2024-03-19 21:10:07.050 [error] [RPC Response] PtyService#updateTitle Could not find pty on pty host
2024-03-19 21:10:08.313 [error] [RPC Response] PtyService#updateTitle Could not find pty on pty host
2024-03-19 21:50:24.268 [error] [RPC Response] PtyService#updateIcon Could not find pty on pty host
2024-03-19 21:50:24.268 [error] [RPC Response] PtyService#updateTitle Could not find pty on pty host
2024-03-19 21:50:24.268 [error] [RPC Response] PtyService#updateTitle Could not find pty on pty host
2024-03-19 21:50:24.382 [error] [RPC Response] PtyService#updateTitle Could not find pty on pty host
2024-03-19 22:30:38.121 [error] [RPC Response] PtyService#updateIcon Could not find pty on pty host
2024-03-19 22:30:38.121 [error] [RPC Response] PtyService#updateTitle Could not find pty on pty host
2024-03-19 22:30:38.122 [error] [RPC Response] PtyService#updateTitle Could not find pty on pty host
2024-03-19 22:30:38.901 [error] [RPC Response] PtyService#updateTitle Could not find pty on pty host
2024-03-20 00:00:35.458 [error] [RPC Response] PtyService#updateIcon Could not find pty on pty host
2024-03-20 00:00:35.458 [error] [RPC Response] PtyService#updateTitle Could not find pty on pty host
2024-03-20 00:00:35.458 [error] [RPC Response] PtyService#updateTitle Could not find pty on pty host
2024-03-20 00:00:35.458 [error] [RPC Response] PtyService#updateTitle Could not find pty on pty host
2024-03-20 00:45:42.845 [error] [RPC Response] PtyService#updateIcon Could not find pty on pty host
2024-03-20 00:45:42.845 [error] [RPC Response] PtyService#updateTitle Could not find pty on pty host
2024-03-20 00:45:42.845 [error] [RPC Response] PtyService#updateTitle Could not find pty on pty host
2024-03-20 00:45:43.830 [error] [RPC Response] PtyService#updateTitle Could not find pty on pty host
