2024-03-21 09:25:37.012 [info] Log level: Info
2024-03-21 09:25:37.012 [info] Validating found git in: "git"
2024-03-21 09:25:37.012 [info] Using git "1.8.3.1" from "git"
2024-03-21 09:25:37.012 [info] > git rev-parse --show-toplevel [1ms]
2024-03-21 09:25:37.012 [info] fatal: Not a git repository (or any of the parent directories): .git
2024-03-21 09:25:37.012 [info] > git rev-parse --show-toplevel [1ms]
2024-03-21 09:25:37.012 [info] fatal: Not a git repository (or any of the parent directories): .git
2024-03-21 09:25:37.012 [info] > git rev-parse --show-toplevel [1ms]
2024-03-21 09:25:37.012 [info] fatal: Not a git repository (or any of the parent directories): .git
2024-03-21 09:25:37.012 [info] > git rev-parse --show-toplevel [1ms]
2024-03-21 09:25:37.012 [info] fatal: Not a git repository (or any of the parent directories): .git
2024-03-21 09:25:37.012 [info] > git rev-parse --show-toplevel [1ms]
2024-03-21 09:25:37.012 [info] fatal: Not a git repository (or any of the parent directories): .git
2024-03-21 09:25:37.012 [info] > git rev-parse --show-toplevel [3ms]
2024-03-21 09:25:37.012 [info] fatal: Not a git repository (or any of the parent directories): .git
2024-03-21 09:25:37.042 [info] > git rev-parse --show-toplevel [0ms]
2024-03-21 09:25:37.042 [info] fatal: Not a git repository (or any of the parent directories): .git
2024-03-21 09:25:37.087 [info] > git rev-parse --show-toplevel [4ms]
2024-03-21 09:25:37.087 [info] fatal: Not a git repository (or any of the parent directories): .git
2024-03-21 09:25:37.123 [info] > git rev-parse --show-toplevel [1ms]
2024-03-21 09:25:37.123 [info] fatal: Not a git repository (or any of the parent directories): .git
2024-03-21 09:25:37.151 [info] > git rev-parse --show-toplevel [1ms]
2024-03-21 09:25:37.151 [info] fatal: Not a git repository (or any of the parent directories): .git
2024-03-21 09:25:37.212 [info] > git rev-parse --show-toplevel [1ms]
2024-03-21 09:25:37.212 [info] fatal: Not a git repository (or any of the parent directories): .git
2024-03-21 09:25:37.237 [info] > git rev-parse --show-toplevel [1ms]
2024-03-21 09:25:37.237 [info] fatal: Not a git repository (or any of the parent directories): .git
2024-03-21 09:25:37.289 [info] > git rev-parse --show-toplevel [23ms]
2024-03-21 09:25:37.320 [info] > git rev-parse --git-dir --git-common-dir [1ms]
2024-03-21 09:25:37.331 [info] Open repository: /root/LTS
2024-03-21 09:25:37.364 [warning] getRemotes() - ENOENT: no such file or directory, open '/root/LTS/--git-common-dir/config'
2024-03-21 09:25:37.395 [info] > git rev-parse --show-toplevel [1ms]
2024-03-21 09:25:37.395 [info] fatal: Not a git repository (or any of the parent directories): .git
2024-03-21 09:25:37.396 [info] > git config --get commit.template [13ms]
2024-03-21 09:25:37.396 [info] > git remote --verbose [32ms]
2024-03-21 09:25:37.448 [info] > git rev-parse --show-toplevel [38ms]
2024-03-21 09:25:37.500 [info] > git rev-parse --git-dir --git-common-dir [1ms]
2024-03-21 09:25:37.500 [info] > git for-each-ref --format=%(refname)%00%(upstream:short)%00%(objectname) refs/heads/master refs/remotes/master [53ms]
2024-03-21 09:25:37.543 [info] Open repository: /root/aws-cognito
2024-03-21 09:25:37.579 [warning] getRemotes() - ENOENT: no such file or directory, open '/root/aws-cognito/--git-common-dir/config'
2024-03-21 09:25:37.609 [info] > git config --get commit.template [8ms]
2024-03-21 09:25:37.609 [info] > git remote --verbose [30ms]
2024-03-21 09:25:37.609 [info] > git rev-list --left-right --count master...origin/master [70ms]
2024-03-21 09:25:37.623 [warning] ENOENT: no such file or directory, open '/root/LTS/.git/refs/remotes/origin/master'
2024-03-21 09:25:37.632 [info] > git rev-parse refs/remotes/origin/master [9ms]
2024-03-21 09:25:37.674 [info] > git rev-parse --show-toplevel [66ms]
2024-03-21 09:25:37.691 [info] > git for-each-ref --format=%(refname)%00%(upstream:short)%00%(objectname) refs/heads/main refs/remotes/main [60ms]
2024-03-21 09:25:37.703 [info] > git rev-parse --git-dir --git-common-dir [15ms]
2024-03-21 09:25:37.707 [info] Open repository: /root/cognito-auth
2024-03-21 09:25:37.720 [warning] getRemotes() - ENOENT: no such file or directory, open '/root/cognito-auth/--git-common-dir/config'
2024-03-21 09:25:37.760 [info] > git rev-list --left-right --count main...origin/main [58ms]
2024-03-21 09:25:37.760 [info] > git rev-parse --show-toplevel [1ms]
2024-03-21 09:25:37.760 [info] fatal: Not a git repository (or any of the parent directories): .git
2024-03-21 09:25:37.761 [info] > git config --get commit.template [26ms]
2024-03-21 09:25:37.761 [info] > git remote --verbose [41ms]
2024-03-21 09:25:37.794 [info] > git rev-parse --show-toplevel [26ms]
2024-03-21 09:25:37.794 [info] fatal: Not a git repository (or any of the parent directories): .git
2024-03-21 09:25:37.811 [info] > git for-each-ref --format=%(refname)%00%(upstream:short)%00%(objectname) refs/heads/test refs/remotes/test [18ms]
2024-03-21 09:25:37.840 [info] > git rev-parse --show-toplevel [37ms]
2024-03-21 09:25:37.856 [info] > git rev-parse --git-dir --git-common-dir [1ms]
2024-03-21 09:25:37.856 [info] > git rev-list --left-right --count test...origin/test [17ms]
2024-03-21 09:25:37.859 [info] Open repository: /root/websockets-chat-app
2024-03-21 09:25:37.863 [info] > git status -z -uall [52ms]
2024-03-21 09:25:37.878 [warning] getRemotes() - ENOENT: no such file or directory, open '/root/websockets-chat-app/--git-common-dir/config'
2024-03-21 09:25:37.969 [warning] getRemotes() - ENOENT: no such file or directory, open '/root/aws-cognito/--git-common-dir/config'
2024-03-21 09:25:37.988 [info] > git config --get commit.template [92ms]
2024-03-21 09:25:37.988 [info] > git remote --verbose [110ms]
2024-03-21 09:25:38.019 [info] > git config --get commit.template [36ms]
2024-03-21 09:25:38.020 [info] > git remote --verbose [50ms]
2024-03-21 09:25:38.080 [info] > git status -z -uall [406ms]
2024-03-21 09:25:38.080 [info] > git status -z -uall [37ms]
2024-03-21 09:25:38.093 [info] > git for-each-ref --format=%(refname)%00%(upstream:short)%00%(objectname) refs/heads/main refs/remotes/main [14ms]
2024-03-21 09:25:38.108 [warning] getRemotes() - ENOENT: no such file or directory, open '/root/cognito-auth/--git-common-dir/config'
2024-03-21 09:25:38.128 [warning] getRemotes() - ENOENT: no such file or directory, open '/root/LTS/--git-common-dir/config'
2024-03-21 09:25:38.136 [info] > git rev-list --left-right --count main...origin/main [38ms]
2024-03-21 09:25:38.136 [info] > git for-each-ref --format=%(refname)%00%(upstream:short)%00%(objectname) refs/heads/master refs/remotes/master [76ms]
2024-03-21 09:25:38.150 [info] > git config --get commit.template [15ms]
2024-03-21 09:25:38.150 [info] > git remote --verbose [22ms]
2024-03-21 09:25:38.150 [info] > git config --get commit.template [35ms]
2024-03-21 09:25:38.150 [info] > git remote --verbose [42ms]
2024-03-21 09:25:38.177 [info] > git for-each-ref --format=%(refname)%00%(upstream:short)%00%(objectname) refs/heads/master refs/remotes/master [0ms]
2024-03-21 09:25:38.183 [info] > git for-each-ref --format=%(refname)%00%(upstream:short)%00%(objectname) refs/heads/test refs/remotes/test [18ms]
2024-03-21 09:25:38.201 [info] > git status -z -uall [1ms]
2024-03-21 09:25:38.201 [info] > git rev-list --left-right --count test...origin/test [15ms]
2024-03-21 09:25:38.201 [info] > git rev-list --left-right --count master...origin/master [19ms]
2024-03-21 09:25:38.201 [info] > git rev-list --left-right --count master...origin/master [52ms]
2024-03-21 09:25:38.221 [warning] ENOENT: no such file or directory, open '/root/LTS/.git/refs/remotes/origin/master'
2024-03-21 09:25:38.221 [info] > git rev-parse refs/remotes/origin/master [0ms]
2024-03-21 09:25:38.268 [info] > git status -z -uall [24ms]
2024-03-21 09:25:38.305 [info] > git status -z -uall [39ms]
2024-03-21 09:25:38.327 [warning] getRemotes() - ENOENT: no such file or directory, open '/root/websockets-chat-app/--git-common-dir/config'
2024-03-21 09:25:38.333 [info] > git status -z -uall [105ms]
2024-03-21 09:25:38.333 [info] > git config --get commit.template [1ms]
2024-03-21 09:25:38.333 [info] > git remote --verbose [6ms]
2024-03-21 09:25:38.356 [info] > git for-each-ref --format=%(refname)%00%(upstream:short)%00%(objectname) refs/heads/master refs/remotes/master [0ms]
2024-03-21 09:25:38.376 [info] > git rev-list --left-right --count master...origin/master [1ms]
2024-03-21 09:25:38.384 [info] > git status -z -uall [0ms]
2024-03-21 09:25:38.635 [info] > git check-ignore -v -z --stdin [35ms]
2024-03-21 09:25:38.635 [info] > git check-ignore -v -z --stdin [25ms]
2024-03-21 09:25:38.636 [info] > git check-ignore -v -z --stdin [21ms]
2024-03-21 09:25:38.639 [info] > git check-ignore -v -z --stdin [12ms]
2024-03-21 09:25:48.208 [info] > git rev-parse --show-toplevel [1ms]
2024-03-21 09:25:48.208 [info] fatal: Not a git repository (or any of the parent directories): .git
2024-03-21 09:25:49.055 [info] > git rev-parse --show-toplevel [7ms]
2024-03-21 09:25:49.055 [info] fatal: Not a git repository (or any of the parent directories): .git
2024-03-21 09:25:49.612 [info] > git rev-parse --show-toplevel [1ms]
2024-03-21 09:25:49.612 [info] fatal: Not a git repository (or any of the parent directories): .git
2024-03-21 09:25:51.071 [info] > git rev-parse --show-toplevel [0ms]
2024-03-21 09:25:51.071 [info] fatal: Not a git repository (or any of the parent directories): .git
2024-03-21 09:25:53.847 [info] > git rev-parse --show-toplevel [1ms]
2024-03-21 09:25:53.847 [info] fatal: Not a git repository (or any of the parent directories): .git
2024-03-21 09:25:55.107 [info] > git rev-parse --show-toplevel [0ms]
2024-03-21 09:25:55.107 [info] fatal: Not a git repository (or any of the parent directories): .git
2024-03-21 09:25:57.575 [info] > git rev-parse --show-toplevel [71ms]
2024-03-21 09:25:57.575 [info] fatal: Not a git repository (or any of the parent directories): .git
2024-03-21 09:25:58.369 [info] > git rev-parse --show-toplevel [1ms]
2024-03-21 09:25:58.369 [info] fatal: Not a git repository (or any of the parent directories): .git
2024-03-21 09:26:00.314 [info] > git rev-parse --show-toplevel [2ms]
2024-03-21 09:26:00.314 [info] fatal: Not a git repository (or any of the parent directories): .git
2024-03-21 09:26:00.932 [info] > git rev-parse --show-toplevel [1ms]
2024-03-21 09:26:00.932 [info] fatal: Not a git repository (or any of the parent directories): .git
2024-03-21 09:26:02.445 [info] > git rev-parse --show-toplevel [1ms]
2024-03-21 09:26:02.445 [info] fatal: Not a git repository (or any of the parent directories): .git
2024-03-21 09:26:04.850 [info] > git rev-parse --show-toplevel [14ms]
2024-03-21 09:26:04.850 [info] fatal: Not a git repository (or any of the parent directories): .git
2024-03-21 09:26:37.889 [info] > git rev-parse --show-toplevel [2ms]
2024-03-21 09:26:37.889 [info] fatal: Not a git repository (or any of the parent directories): .git
2024-03-21 09:26:39.662 [info] > git rev-parse --show-toplevel [1ms]
2024-03-21 09:26:39.662 [info] fatal: Not a git repository (or any of the parent directories): .git
2024-03-21 09:26:45.398 [info] > git rev-parse --show-toplevel [1ms]
2024-03-21 09:26:45.398 [info] fatal: Not a git repository (or any of the parent directories): .git
2024-03-21 09:26:55.571 [info] > git rev-parse --show-toplevel [1ms]
2024-03-21 09:26:55.571 [info] fatal: Not a git repository (or any of the parent directories): .git
2024-03-21 09:27:11.950 [info] > git rev-parse --show-toplevel [1ms]
2024-03-21 09:27:11.950 [info] fatal: Not a git repository (or any of the parent directories): .git
2024-03-21 09:33:00.760 [info] > git rev-parse --show-toplevel [2ms]
2024-03-21 09:33:00.760 [info] fatal: Not a git repository (or any of the parent directories): .git
2024-03-21 09:33:02.502 [info] > git rev-parse --show-toplevel [1ms]
2024-03-21 09:33:02.502 [info] fatal: Not a git repository (or any of the parent directories): .git
2024-03-21 09:33:03.556 [info] > git rev-parse --show-toplevel [1ms]
2024-03-21 09:33:03.556 [info] fatal: Not a git repository (or any of the parent directories): .git
2024-03-21 09:33:26.350 [info] > git rev-parse --show-toplevel [1ms]
2024-03-21 09:33:26.350 [info] fatal: Not a git repository (or any of the parent directories): .git
2024-03-21 09:45:45.953 [info] > git rev-parse --show-toplevel [1ms]
2024-03-21 09:45:45.954 [info] fatal: Not a git repository (or any of the parent directories): .git
2024-03-21 10:49:34.750 [info] > git rev-parse --show-toplevel [2ms]
2024-03-21 10:49:34.750 [info] fatal: Not a git repository (or any of the parent directories): .git
2024-03-21 10:49:55.814 [info] > git rev-parse --show-toplevel [2ms]
2024-03-21 10:49:55.814 [info] fatal: Not a git repository (or any of the parent directories): .git
2024-03-21 13:27:04.706 [info] > git rev-parse --show-toplevel [1ms]
2024-03-21 13:27:04.714 [info] > git rev-parse --git-dir --git-common-dir [1ms]
2024-03-21 13:27:04.730 [info] Open repository: /root/CloudWatch-Monitoring-logging
2024-03-21 13:27:04.737 [warning] getRemotes() - ENOENT: no such file or directory, open '/root/CloudWatch-Monitoring-logging/--git-common-dir/config'
2024-03-21 13:27:04.746 [info] > git remote --verbose [9ms]
2024-03-21 13:27:04.746 [info] > git config --get commit.template [1ms]
2024-03-21 13:27:04.753 [info] > git for-each-ref --format=%(refname)%00%(upstream:short)%00%(objectname) refs/heads/master refs/remotes/master [1ms]
2024-03-21 13:27:04.753 [warning] No such branch: master.
2024-03-21 13:27:04.763 [info] > git status -z -uall [1ms]
2024-03-21 13:27:04.784 [warning] getRemotes() - ENOENT: no such file or directory, open '/root/CloudWatch-Monitoring-logging/--git-common-dir/config'
2024-03-21 13:27:04.789 [info] > git config --get commit.template [1ms]
2024-03-21 13:27:04.789 [info] > git remote --verbose [5ms]
2024-03-21 13:27:04.799 [info] > git for-each-ref --format=%(refname)%00%(upstream:short)%00%(objectname) refs/heads/master refs/remotes/master [1ms]
2024-03-21 13:27:04.799 [warning] No such branch: master.
2024-03-21 13:27:04.814 [info] > git status -z -uall [0ms]
2024-03-21 13:27:05.061 [info] > git show --textconv :export_cloudwatchlogs_to_s3.py [6ms]
2024-03-21 13:27:05.062 [info] > git ls-files --stage -- /root/CloudWatch-Monitoring-logging/export_cloudwatchlogs_to_s3.py [0ms]
2024-03-21 13:27:05.349 [info] > git check-ignore -v -z --stdin [22ms]
2024-03-21 13:27:05.349 [info] > git check-ignore -v -z --stdin [18ms]
2024-03-21 13:27:05.349 [info] > git check-ignore -v -z --stdin [13ms]
2024-03-21 13:27:05.350 [info] > git check-ignore -v -z --stdin [9ms]
2024-03-21 13:27:05.354 [info] > git check-ignore -v -z --stdin [8ms]
2024-03-21 13:27:31.421 [warning] getRemotes() - ENOENT: no such file or directory, open '/root/CloudWatch-Monitoring-logging/--git-common-dir/config'
2024-03-21 13:27:31.426 [info] > git config --get commit.template [0ms]
2024-03-21 13:27:31.426 [info] > git remote --verbose [5ms]
2024-03-21 13:27:31.432 [info] > git for-each-ref --format=%(refname)%00%(upstream:short)%00%(objectname) refs/heads/master refs/remotes/master [0ms]
2024-03-21 13:27:31.432 [warning] No such branch: master.
2024-03-21 13:27:31.438 [info] > git status -z -uall [1ms]
2024-03-21 13:27:31.525 [info] > git ls-files --stage -- /root/CloudWatch-Monitoring-logging/export_cloudwatchlogs_to_s3.py [0ms]
2024-03-21 13:27:31.529 [info] > git cat-file -s 6c63bd0c1dbca7d2205aad4027cf0bca3e99fbc6 [0ms]
2024-03-21 13:27:31.539 [info] > git show --textconv :export_cloudwatchlogs_to_s3.py [1ms]
2024-03-21 13:28:38.187 [warning] getRemotes() - ENOENT: no such file or directory, open '/root/CloudWatch-Monitoring-logging/--git-common-dir/config'
2024-03-21 13:28:38.191 [info] > git config --get commit.template [0ms]
2024-03-21 13:28:38.191 [info] > git remote --verbose [4ms]
2024-03-21 13:28:38.197 [info] > git for-each-ref --format=%(refname)%00%(upstream:short)%00%(objectname) refs/heads/master refs/remotes/master [0ms]
2024-03-21 13:28:38.203 [info] > git status -z -uall [0ms]
2024-03-21 13:28:38.286 [info] > git ls-files --stage -- /root/CloudWatch-Monitoring-logging/export_cloudwatchlogs_to_s3.py [1ms]
2024-03-21 13:28:38.290 [info] > git cat-file -s 6c63bd0c1dbca7d2205aad4027cf0bca3e99fbc6 [0ms]
2024-03-21 13:28:38.299 [info] > git show --textconv :export_cloudwatchlogs_to_s3.py [0ms]
2024-03-21 13:29:21.472 [warning] getRemotes() - ENOENT: no such file or directory, open '/root/CloudWatch-Monitoring-logging/--git-common-dir/config'
2024-03-21 13:29:21.476 [info] > git config --get commit.template [1ms]
2024-03-21 13:29:21.476 [info] > git remote --verbose [4ms]
2024-03-21 13:29:21.482 [info] > git for-each-ref --format=%(refname)%00%(upstream:short)%00%(objectname) refs/heads/master refs/remotes/master [0ms]
2024-03-21 13:29:21.487 [info] > git status -z -uall [0ms]
2024-03-21 13:29:21.581 [info] > git ls-files --stage -- /root/CloudWatch-Monitoring-logging/export_cloudwatchlogs_to_s3.py [0ms]
2024-03-21 13:29:21.590 [info] > git cat-file -s 6c63bd0c1dbca7d2205aad4027cf0bca3e99fbc6 [1ms]
2024-03-21 13:29:21.602 [info] > git show --textconv :export_cloudwatchlogs_to_s3.py [0ms]
2024-03-21 13:31:01.954 [warning] getRemotes() - ENOENT: no such file or directory, open '/root/CloudWatch-Monitoring-logging/--git-common-dir/config'
2024-03-21 13:31:01.963 [info] > git config --get commit.template [1ms]
2024-03-21 13:31:01.963 [info] > git remote --verbose [9ms]
2024-03-21 13:31:01.971 [info] > git for-each-ref --format=%(refname)%00%(upstream:short)%00%(objectname) refs/heads/master refs/remotes/master [0ms]
2024-03-21 13:31:01.977 [info] > git rev-list --left-right --count master...origin/master [0ms]
2024-03-21 13:31:01.983 [info] > git status -z -uall [1ms]
2024-03-21 13:31:02.054 [info] > git ls-files --stage -- /root/CloudWatch-Monitoring-logging/export_cloudwatchlogs_to_s3.py [0ms]
2024-03-21 13:31:02.058 [info] > git cat-file -s 6c63bd0c1dbca7d2205aad4027cf0bca3e99fbc6 [0ms]
2024-03-21 13:31:02.067 [info] > git show --textconv :export_cloudwatchlogs_to_s3.py [0ms]
2024-03-21 13:31:24.094 [info] > git show --textconv :s3inlinepolicy.json [6ms]
2024-03-21 13:31:24.094 [info] > git ls-files --stage -- /root/CloudWatch-Monitoring-logging/s3inlinepolicy.json [0ms]
2024-03-21 13:31:24.099 [info] > git cat-file -s b739a92207f300c9b0f4c37c1594d0600d5dbed2 [1ms]
2024-03-21 13:52:28.525 [info] > git rev-parse --show-toplevel [2ms]
2024-03-21 13:52:28.525 [info] fatal: Not a git repository (or any of the parent directories): .git
2024-03-21 13:55:53.920 [info] > git show --textconv :s3inlinepolicy.json [8ms]
2024-03-21 13:55:53.920 [info] > git ls-files --stage -- /root/CloudWatch-Monitoring-logging/s3inlinepolicy.json [0ms]
2024-03-21 13:55:53.927 [info] > git cat-file -s b739a92207f300c9b0f4c37c1594d0600d5dbed2 [1ms]
2024-03-21 13:55:58.056 [info] > git show --textconv :export_cloudwatchlogs_to_s3.py [6ms]
2024-03-21 13:55:58.056 [info] > git ls-files --stage -- /root/CloudWatch-Monitoring-logging/export_cloudwatchlogs_to_s3.py [1ms]
2024-03-21 13:55:58.063 [info] > git cat-file -s 6c63bd0c1dbca7d2205aad4027cf0bca3e99fbc6 [0ms]
2024-03-21 13:58:18.070 [info] > git show --textconv :s3inlinepolicy.json [10ms]
2024-03-21 13:58:18.070 [info] > git ls-files --stage -- /root/CloudWatch-Monitoring-logging/s3inlinepolicy.json [0ms]
2024-03-21 13:58:18.076 [info] > git cat-file -s b739a92207f300c9b0f4c37c1594d0600d5dbed2 [1ms]
2024-03-21 14:04:26.756 [info] > git check-ignore -v -z --stdin [2ms]
2024-03-21 14:04:27.629 [info] > git check-ignore -v -z --stdin [1ms]
2024-03-21 14:04:29.027 [info] > git show --textconv :buildspec.yml [15ms]
2024-03-21 14:04:29.027 [info] > git ls-files --stage -- /root/websockets-chat-app/buildspec.yml [4ms]
2024-03-21 14:04:29.034 [info] > git cat-file -s 77d0ca7d542a8dd4e5a2abf8b256c61b6edfca1a [0ms]
2024-03-21 14:04:31.253 [info] > git check-ignore -v -z --stdin [1ms]
2024-03-21 14:04:34.744 [info] > git check-ignore -v -z --stdin [0ms]
2024-03-21 14:04:35.923 [info] > git show --textconv :template.yaml [7ms]
2024-03-21 14:04:35.924 [info] > git ls-files --stage -- /root/websockets-chat-app/template.yaml [0ms]
2024-03-21 14:04:35.935 [info] > git cat-file -s 71e55de34df0f76efd307d67fbb00cfafb810629 [1ms]
2024-03-21 14:04:48.179 [info] > git rev-parse --show-toplevel [5ms]
2024-03-21 14:04:48.190 [info] > git rev-parse --git-dir --git-common-dir [1ms]
2024-03-21 14:04:48.196 [info] Open repository: /root/ltsbitbucket/lts_kilsa
2024-03-21 14:04:48.204 [warning] getRemotes() - ENOENT: no such file or directory, open '/root/ltsbitbucket/lts_kilsa/--git-common-dir/config'
2024-03-21 14:04:48.209 [info] > git config --get commit.template [1ms]
2024-03-21 14:04:48.209 [info] > git remote --verbose [5ms]
2024-03-21 14:04:48.218 [info] > git for-each-ref --format=%(refname)%00%(upstream:short)%00%(objectname) refs/heads/main refs/remotes/main [3ms]
2024-03-21 14:04:48.236 [info] > git rev-list --left-right --count main...origin/main [11ms]
2024-03-21 14:04:48.253 [info] > git status -z -uall [9ms]
2024-03-21 14:04:48.264 [warning] getRemotes() - ENOENT: no such file or directory, open '/root/ltsbitbucket/lts_kilsa/--git-common-dir/config'
2024-03-21 14:04:48.270 [info] > git config --get commit.template [0ms]
2024-03-21 14:04:48.270 [info] > git remote --verbose [6ms]
2024-03-21 14:04:48.278 [info] > git for-each-ref --format=%(refname)%00%(upstream:short)%00%(objectname) refs/heads/main refs/remotes/main [0ms]
2024-03-21 14:04:48.288 [info] > git rev-list --left-right --count main...origin/main [0ms]
2024-03-21 14:04:48.300 [info] > git status -z -uall [2ms]
2024-03-21 14:04:48.547 [info] > git show --textconv :main.tf [11ms]
2024-03-21 14:04:48.547 [info] > git ls-files --stage -- /root/ltsbitbucket/lts_kilsa/main.tf [1ms]
2024-03-21 14:04:48.556 [info] > git cat-file -s 37cd4c197b77c36ecd84f9d57136d1b6dda88176 [1ms]
2024-03-21 14:04:48.766 [info] > git check-ignore -v -z --stdin [29ms]
2024-03-21 14:04:48.767 [info] > git check-ignore -v -z --stdin [24ms]
2024-03-21 14:04:48.768 [info] > git check-ignore -v -z --stdin [20ms]
2024-03-21 14:04:48.768 [info] > git check-ignore -v -z --stdin [15ms]
2024-03-21 14:04:48.769 [info] > git check-ignore -v -z --stdin [10ms]
2024-03-21 14:04:48.771 [info] > git check-ignore -v -z --stdin [7ms]
2024-03-21 14:04:55.927 [info] > git show --textconv :export_cloudwatchlogs_to_s3.py [7ms]
2024-03-21 14:04:55.927 [info] > git ls-files --stage -- /root/CloudWatch-Monitoring-logging/export_cloudwatchlogs_to_s3.py [1ms]
2024-03-21 14:04:55.934 [info] > git cat-file -s 6c63bd0c1dbca7d2205aad4027cf0bca3e99fbc6 [1ms]
2024-03-21 14:04:56.246 [info] > git show --textconv :s3inlinepolicy.json [8ms]
2024-03-21 14:04:56.246 [info] > git ls-files --stage -- /root/CloudWatch-Monitoring-logging/s3inlinepolicy.json [0ms]
2024-03-21 14:04:56.256 [info] > git cat-file -s b739a92207f300c9b0f4c37c1594d0600d5dbed2 [2ms]
2024-03-21 14:05:05.670 [warning] getRemotes() - ENOENT: no such file or directory, open '/root/CloudWatch-Monitoring-logging/--git-common-dir/config'
2024-03-21 14:05:05.681 [info] > git config --get commit.template [1ms]
2024-03-21 14:05:05.681 [info] > git remote --verbose [11ms]
2024-03-21 14:05:05.690 [info] > git for-each-ref --format=%(refname)%00%(upstream:short)%00%(objectname) refs/heads/master refs/remotes/master [1ms]
2024-03-21 14:05:05.696 [info] > git rev-list --left-right --count master...origin/master [1ms]
2024-03-21 14:05:05.702 [info] > git status -z -uall [0ms]
2024-03-21 14:05:10.715 [warning] getRemotes() - ENOENT: no such file or directory, open '/root/CloudWatch-Monitoring-logging/--git-common-dir/config'
2024-03-21 14:05:10.720 [info] > git config --get commit.template [1ms]
2024-03-21 14:05:10.720 [info] > git remote --verbose [5ms]
2024-03-21 14:05:10.726 [info] > git for-each-ref --format=%(refname)%00%(upstream:short)%00%(objectname) refs/heads/master refs/remotes/master [0ms]
2024-03-21 14:05:10.731 [info] > git rev-list --left-right --count master...origin/master [1ms]
2024-03-21 14:05:10.735 [info] > git status -z -uall [0ms]
2024-03-21 14:05:16.171 [warning] getRemotes() - ENOENT: no such file or directory, open '/root/CloudWatch-Monitoring-logging/--git-common-dir/config'
2024-03-21 14:05:16.185 [info] > git config --get commit.template [0ms]
2024-03-21 14:05:16.186 [info] > git remote --verbose [14ms]
2024-03-21 14:05:16.193 [info] > git for-each-ref --format=%(refname)%00%(upstream:short)%00%(objectname) refs/heads/master refs/remotes/master [0ms]
2024-03-21 14:05:16.200 [info] > git rev-list --left-right --count master...origin/master [0ms]
2024-03-21 14:05:16.205 [info] > git status -z -uall [0ms]
2024-03-21 14:05:29.566 [warning] getRemotes() - ENOENT: no such file or directory, open '/root/CloudWatch-Monitoring-logging/--git-common-dir/config'
2024-03-21 14:05:29.570 [info] > git config --get commit.template [0ms]
2024-03-21 14:05:29.570 [info] > git remote --verbose [4ms]
2024-03-21 14:05:29.576 [info] > git for-each-ref --format=%(refname)%00%(upstream:short)%00%(objectname) refs/heads/master refs/remotes/master [0ms]
2024-03-21 14:05:29.581 [info] > git rev-list --left-right --count master...origin/master [0ms]
2024-03-21 14:05:29.586 [info] > git status -z -uall [1ms]
2024-03-21 14:15:30.088 [info] > git show --textconv :export_cloudwatchlogs_to_s3.py [6ms]
2024-03-21 14:15:30.088 [info] > git ls-files --stage -- /root/CloudWatch-Monitoring-logging/export_cloudwatchlogs_to_s3.py [1ms]
2024-03-21 14:15:30.095 [info] > git cat-file -s 6c63bd0c1dbca7d2205aad4027cf0bca3e99fbc6 [1ms]
2024-03-21 14:34:43.548 [info] > git show --textconv :s3inlinepolicy.json [8ms]
2024-03-21 14:34:43.548 [info] > git ls-files --stage -- /root/CloudWatch-Monitoring-logging/s3inlinepolicy.json [1ms]
2024-03-21 14:34:43.556 [info] > git cat-file -s b739a92207f300c9b0f4c37c1594d0600d5dbed2 [1ms]
2024-03-21 14:36:29.945 [info] > git show --textconv :export_cloudwatchlogs_to_s3.py [8ms]
2024-03-21 14:36:29.945 [info] > git ls-files --stage -- /root/CloudWatch-Monitoring-logging/export_cloudwatchlogs_to_s3.py [1ms]
2024-03-21 14:36:29.955 [info] > git cat-file -s 6c63bd0c1dbca7d2205aad4027cf0bca3e99fbc6 [1ms]
2024-03-21 14:39:30.452 [info] > git show --textconv :s3inlinepolicy.json [6ms]
2024-03-21 14:39:30.452 [info] > git ls-files --stage -- /root/CloudWatch-Monitoring-logging/s3inlinepolicy.json [0ms]
2024-03-21 14:39:30.457 [info] > git cat-file -s b739a92207f300c9b0f4c37c1594d0600d5dbed2 [1ms]
2024-03-21 14:40:18.308 [info] > git show --textconv :export_cloudwatchlogs_to_s3.py [6ms]
2024-03-21 14:40:18.308 [info] > git ls-files --stage -- /root/CloudWatch-Monitoring-logging/export_cloudwatchlogs_to_s3.py [1ms]
2024-03-21 14:40:18.315 [info] > git cat-file -s 6c63bd0c1dbca7d2205aad4027cf0bca3e99fbc6 [1ms]
2024-03-21 14:40:25.059 [warning] getRemotes() - ENOENT: no such file or directory, open '/root/CloudWatch-Monitoring-logging/--git-common-dir/config'
2024-03-21 14:40:25.064 [info] > git config --get commit.template [0ms]
2024-03-21 14:40:25.064 [info] > git remote --verbose [5ms]
2024-03-21 14:40:25.071 [info] > git for-each-ref --format=%(refname)%00%(upstream:short)%00%(objectname) refs/heads/master refs/remotes/master [0ms]
2024-03-21 14:40:25.076 [info] > git rev-list --left-right --count master...origin/master [1ms]
2024-03-21 14:40:25.082 [info] > git status -z -uall [0ms]
2024-03-21 14:40:25.659 [info] > git show --textconv :s3inlinepolicy.json [9ms]
2024-03-21 14:40:25.660 [info] > git ls-files --stage -- /root/CloudWatch-Monitoring-logging/s3inlinepolicy.json [1ms]
2024-03-21 14:40:25.666 [info] > git cat-file -s b739a92207f300c9b0f4c37c1594d0600d5dbed2 [1ms]
2024-03-21 14:40:26.249 [info] > git ls-files --stage -- /root/CloudWatch-Monitoring-logging/s3inlinepolicy.json [0ms]
2024-03-21 14:40:26.256 [info] > git cat-file -s b739a92207f300c9b0f4c37c1594d0600d5dbed2 [0ms]
2024-03-21 14:40:26.265 [info] > git show --textconv :s3inlinepolicy.json [1ms]
2024-03-21 14:40:30.091 [warning] getRemotes() - ENOENT: no such file or directory, open '/root/CloudWatch-Monitoring-logging/--git-common-dir/config'
2024-03-21 14:40:30.097 [info] > git config --get commit.template [0ms]
2024-03-21 14:40:30.098 [info] > git remote --verbose [7ms]
2024-03-21 14:40:30.106 [info] > git for-each-ref --format=%(refname)%00%(upstream:short)%00%(objectname) refs/heads/master refs/remotes/master [0ms]
2024-03-21 14:40:30.112 [info] > git rev-list --left-right --count master...origin/master [0ms]
2024-03-21 14:40:30.116 [info] > git status -z -uall [0ms]
2024-03-21 14:40:32.815 [info] > git ls-files --stage -- /root/CloudWatch-Monitoring-logging/s3inlinepolicy.json [1ms]
2024-03-21 14:40:32.824 [info] > git cat-file -s 89478c3ec05dfdadd7c692d01842eb0609d93fb5 [0ms]
2024-03-21 14:40:32.834 [info] > git show --textconv :s3inlinepolicy.json [1ms]
2024-03-21 14:40:35.125 [warning] getRemotes() - ENOENT: no such file or directory, open '/root/CloudWatch-Monitoring-logging/--git-common-dir/config'
2024-03-21 14:40:35.131 [info] > git config --get commit.template [1ms]
2024-03-21 14:40:35.131 [info] > git remote --verbose [6ms]
2024-03-21 14:40:35.138 [info] > git for-each-ref --format=%(refname)%00%(upstream:short)%00%(objectname) refs/heads/master refs/remotes/master [1ms]
2024-03-21 14:40:35.142 [info] > git rev-list --left-right --count master...origin/master [0ms]
2024-03-21 14:40:35.149 [info] > git status -z -uall [1ms]
2024-03-21 14:40:38.454 [info] > git ls-files --stage -- /root/CloudWatch-Monitoring-logging/s3inlinepolicy.json [0ms]
2024-03-21 14:40:38.458 [info] > git cat-file -s 89478c3ec05dfdadd7c692d01842eb0609d93fb5 [0ms]
2024-03-21 14:40:38.468 [info] > git show --textconv :s3inlinepolicy.json [1ms]
2024-03-21 14:40:40.157 [warning] getRemotes() - ENOENT: no such file or directory, open '/root/CloudWatch-Monitoring-logging/--git-common-dir/config'
2024-03-21 14:40:40.161 [info] > git config --get commit.template [1ms]
2024-03-21 14:40:40.161 [info] > git remote --verbose [5ms]
2024-03-21 14:40:40.168 [info] > git for-each-ref --format=%(refname)%00%(upstream:short)%00%(objectname) refs/heads/master refs/remotes/master [0ms]
2024-03-21 14:40:40.173 [info] > git rev-list --left-right --count master...origin/master [0ms]
2024-03-21 14:40:40.178 [info] > git status -z -uall [0ms]
2024-03-21 14:41:19.964 [warning] getRemotes() - ENOENT: no such file or directory, open '/root/CloudWatch-Monitoring-logging/--git-common-dir/config'
2024-03-21 14:41:19.974 [info] > git config --get commit.template [1ms]
2024-03-21 14:41:19.974 [info] > git remote --verbose [10ms]
2024-03-21 14:41:19.983 [info] > git for-each-ref --format=%(refname)%00%(upstream:short)%00%(objectname) refs/heads/master refs/remotes/master [0ms]
2024-03-21 14:41:19.989 [info] > git rev-list --left-right --count master...origin/master [1ms]
2024-03-21 14:41:19.997 [info] > git ls-files --stage -- /root/CloudWatch-Monitoring-logging/s3inlinepolicy.json [0ms]
2024-03-21 14:41:20.003 [info] > git cat-file -s 89478c3ec05dfdadd7c692d01842eb0609d93fb5 [1ms]
2024-03-21 14:41:20.013 [info] > git status -z -uall [0ms]
2024-03-21 14:41:20.032 [info] > git show --textconv :s3inlinepolicy.json [0ms]
2024-03-21 14:45:23.617 [warning] getRemotes() - ENOENT: no such file or directory, open '/root/CloudWatch-Monitoring-logging/--git-common-dir/config'
2024-03-21 14:45:23.623 [info] > git config --get commit.template [0ms]
2024-03-21 14:45:23.623 [info] > git remote --verbose [6ms]
2024-03-21 14:45:23.629 [info] > git for-each-ref --format=%(refname)%00%(upstream:short)%00%(objectname) refs/heads/master refs/remotes/master [0ms]
2024-03-21 14:45:23.635 [info] > git rev-list --left-right --count master...origin/master [0ms]
2024-03-21 14:45:23.641 [info] > git status -z -uall [0ms]
2024-03-21 14:45:24.891 [info] > git ls-files --stage -- /root/CloudWatch-Monitoring-logging/s3inlinepolicy.json [1ms]
2024-03-21 14:45:24.895 [info] > git cat-file -s 89478c3ec05dfdadd7c692d01842eb0609d93fb5 [1ms]
2024-03-21 14:45:24.904 [info] > git show --textconv :s3inlinepolicy.json [0ms]
2024-03-21 14:45:28.653 [warning] getRemotes() - ENOENT: no such file or directory, open '/root/CloudWatch-Monitoring-logging/--git-common-dir/config'
2024-03-21 14:45:28.658 [info] > git config --get commit.template [1ms]
2024-03-21 14:45:28.658 [info] > git remote --verbose [5ms]
2024-03-21 14:45:28.664 [info] > git for-each-ref --format=%(refname)%00%(upstream:short)%00%(objectname) refs/heads/master refs/remotes/master [0ms]
2024-03-21 14:45:28.668 [info] > git rev-list --left-right --count master...origin/master [0ms]
2024-03-21 14:45:28.674 [info] > git status -z -uall [1ms]
2024-03-21 14:46:21.032 [warning] getRemotes() - ENOENT: no such file or directory, open '/root/CloudWatch-Monitoring-logging/--git-common-dir/config'
2024-03-21 14:46:21.037 [info] > git config --get commit.template [1ms]
2024-03-21 14:46:21.037 [info] > git remote --verbose [5ms]
2024-03-21 14:46:21.044 [info] > git for-each-ref --format=%(refname)%00%(upstream:short)%00%(objectname) refs/heads/master refs/remotes/master [0ms]
2024-03-21 14:46:21.048 [info] > git rev-list --left-right --count master...origin/master [0ms]
2024-03-21 14:46:21.053 [info] > git status -z -uall [0ms]
2024-03-21 14:46:22.232 [info] > git ls-files --stage -- /root/CloudWatch-Monitoring-logging/s3inlinepolicy.json [0ms]
2024-03-21 14:46:22.236 [info] > git cat-file -s 89478c3ec05dfdadd7c692d01842eb0609d93fb5 [0ms]
2024-03-21 14:46:22.246 [info] > git show --textconv :s3inlinepolicy.json [0ms]
2024-03-21 14:46:26.060 [warning] getRemotes() - ENOENT: no such file or directory, open '/root/CloudWatch-Monitoring-logging/--git-common-dir/config'
2024-03-21 14:46:26.066 [info] > git config --get commit.template [0ms]
2024-03-21 14:46:26.066 [info] > git remote --verbose [6ms]
2024-03-21 14:46:26.072 [info] > git for-each-ref --format=%(refname)%00%(upstream:short)%00%(objectname) refs/heads/master refs/remotes/master [0ms]
2024-03-21 14:46:26.076 [info] > git rev-list --left-right --count master...origin/master [1ms]
2024-03-21 14:46:26.081 [info] > git status -z -uall [0ms]
2024-03-21 17:50:02.598 [info] > git show --textconv :export_cloudwatchlogs_to_s3.py [11ms]
2024-03-21 17:50:02.599 [info] > git ls-files --stage -- /root/CloudWatch-Monitoring-logging/export_cloudwatchlogs_to_s3.py [1ms]
2024-03-21 17:50:02.610 [info] > git cat-file -s 6c63bd0c1dbca7d2205aad4027cf0bca3e99fbc6 [1ms]
2024-03-21 19:11:43.580 [info] > git rev-parse --show-toplevel [0ms]
2024-03-21 19:11:43.580 [info] fatal: Not a git repository (or any of the parent directories): .git
2024-03-21 19:43:18.541 [info] > git rev-parse --show-toplevel [1ms]
2024-03-21 19:43:18.541 [info] fatal: Not a git repository (or any of the parent directories): .git
2024-03-21 20:26:18.048 [info] > git rev-parse --show-toplevel [0ms]
2024-03-21 20:26:18.049 [info] fatal: Not a git repository (or any of the parent directories): .git
2024-03-21 21:08:28.533 [info] > git rev-parse --show-toplevel [1ms]
2024-03-21 21:08:28.533 [info] fatal: Not a git repository (or any of the parent directories): .git
2024-03-21 21:42:20.523 [info] > git rev-parse --show-toplevel [0ms]
2024-03-21 21:42:20.523 [info] fatal: Not a git repository (or any of the parent directories): .git
2024-03-21 22:22:11.600 [info] > git rev-parse --show-toplevel [0ms]
2024-03-21 22:22:11.600 [info] fatal: Not a git repository (or any of the parent directories): .git
2024-03-22 00:56:23.601 [info] > git rev-parse --show-toplevel [12ms]
2024-03-22 00:56:23.601 [info] fatal: Not a git repository (or any of the parent directories): .git
2024-03-22 01:28:34.485 [info] > git rev-parse --show-toplevel [1ms]
2024-03-22 01:28:34.485 [info] fatal: Not a git repository (or any of the parent directories): .git
2024-03-22 01:59:27.528 [info] > git rev-parse --show-toplevel [1ms]
2024-03-22 01:59:27.528 [info] fatal: Not a git repository (or any of the parent directories): .git
2024-03-22 02:30:23.234 [info] > git rev-parse --show-toplevel [0ms]
2024-03-22 02:30:23.234 [info] fatal: Not a git repository (or any of the parent directories): .git
2024-03-22 03:01:15.379 [info] > git rev-parse --show-toplevel [0ms]
2024-03-22 03:01:15.379 [info] fatal: Not a git repository (or any of the parent directories): .git
2024-03-22 03:32:06.619 [info] > git rev-parse --show-toplevel [0ms]
2024-03-22 03:32:06.619 [info] fatal: Not a git repository (or any of the parent directories): .git
2024-03-22 04:02:54.517 [info] > git rev-parse --show-toplevel [2ms]
2024-03-22 04:02:54.517 [info] fatal: Not a git repository (or any of the parent directories): .git
2024-03-22 04:33:45.260 [info] > git rev-parse --show-toplevel [0ms]
2024-03-22 04:33:45.260 [info] fatal: Not a git repository (or any of the parent directories): .git
2024-03-22 05:04:37.490 [info] > git rev-parse --show-toplevel [0ms]
2024-03-22 05:04:37.490 [info] fatal: Not a git repository (or any of the parent directories): .git
2024-03-22 05:35:35.835 [info] > git rev-parse --show-toplevel [1ms]
2024-03-22 05:35:35.835 [info] fatal: Not a git repository (or any of the parent directories): .git
2024-03-22 06:06:23.515 [info] > git rev-parse --show-toplevel [1ms]
2024-03-22 06:06:23.515 [info] fatal: Not a git repository (or any of the parent directories): .git
2024-03-22 06:37:17.518 [info] > git rev-parse --show-toplevel [1ms]
2024-03-22 06:37:17.518 [info] fatal: Not a git repository (or any of the parent directories): .git
2024-03-22 07:08:10.619 [info] > git rev-parse --show-toplevel [1ms]
2024-03-22 07:08:10.619 [info] fatal: Not a git repository (or any of the parent directories): .git
2024-03-22 07:40:23.513 [info] > git rev-parse --show-toplevel [0ms]
2024-03-22 07:40:23.513 [info] fatal: Not a git repository (or any of the parent directories): .git
2024-03-22 08:11:20.551 [info] > git rev-parse --show-toplevel [1ms]
2024-03-22 08:11:20.551 [info] fatal: Not a git repository (or any of the parent directories): .git
2024-03-22 08:42:08.560 [info] > git rev-parse --show-toplevel [1ms]
2024-03-22 08:42:08.560 [info] fatal: Not a git repository (or any of the parent directories): .git
2024-03-22 09:13:00.522 [info] > git rev-parse --show-toplevel [0ms]
2024-03-22 09:13:00.522 [info] fatal: Not a git repository (or any of the parent directories): .git
2024-03-22 13:04:46.606 [info] > git rev-parse --show-toplevel [0ms]
2024-03-22 13:04:46.606 [info] fatal: Not a git repository (or any of the parent directories): .git
2024-03-22 16:31:00.912 [info] > git rev-parse --show-toplevel [5ms]
2024-03-22 16:31:00.912 [info] fatal: Not a git repository (or any of the parent directories): .git
2024-03-22 16:38:41.350 [info] > git rev-parse --show-toplevel [11ms]
2024-03-22 16:38:41.351 [info] fatal: Not a git repository (or any of the parent directories): .git
2024-03-22 16:39:08.492 [info] > git rev-parse --show-toplevel [13ms]
2024-03-22 16:39:08.492 [info] fatal: Not a git repository (or any of the parent directories): .git
2024-03-22 16:39:08.940 [info] > git rev-parse --show-toplevel [3ms]
2024-03-22 16:39:08.940 [info] fatal: Not a git repository (or any of the parent directories): .git
2024-03-22 16:39:15.824 [info] > git rev-parse --show-toplevel [2ms]
2024-03-22 16:39:15.824 [info] fatal: Not a git repository (or any of the parent directories): .git
2024-03-22 18:57:39.639 [info] > git rev-parse --show-toplevel [0ms]
2024-03-22 18:57:39.639 [info] fatal: Not a git repository (or any of the parent directories): .git
2024-03-22 19:38:04.575 [info] > git rev-parse --show-toplevel [1ms]
2024-03-22 19:38:04.575 [info] fatal: Not a git repository (or any of the parent directories): .git
2024-03-22 20:12:19.548 [info] > git rev-parse --show-toplevel [0ms]
2024-03-22 20:12:19.548 [info] fatal: Not a git repository (or any of the parent directories): .git
2024-03-22 20:47:14.566 [info] > git rev-parse --show-toplevel [0ms]
2024-03-22 20:47:14.566 [info] fatal: Not a git repository (or any of the parent directories): .git
2024-03-22 21:26:11.594 [info] > git rev-parse --show-toplevel [0ms]
2024-03-22 21:26:11.594 [info] fatal: Not a git repository (or any of the parent directories): .git
2024-03-22 22:03:48.585 [info] > git rev-parse --show-toplevel [0ms]
2024-03-22 22:03:48.585 [info] fatal: Not a git repository (or any of the parent directories): .git
2024-03-22 22:44:05.572 [info] > git rev-parse --show-toplevel [1ms]
2024-03-22 22:44:05.572 [info] fatal: Not a git repository (or any of the parent directories): .git
2024-03-22 23:20:20.608 [info] > git rev-parse --show-toplevel [7ms]
2024-03-22 23:20:20.608 [info] fatal: Not a git repository (or any of the parent directories): .git
2024-03-23 01:48:04.554 [info] > git rev-parse --show-toplevel [0ms]
2024-03-23 01:48:04.554 [info] fatal: Not a git repository (or any of the parent directories): .git
2024-03-23 02:21:38.655 [info] > git rev-parse --show-toplevel [0ms]
2024-03-23 02:21:38.656 [info] fatal: Not a git repository (or any of the parent directories): .git
2024-03-23 02:55:11.661 [info] > git rev-parse --show-toplevel [0ms]
2024-03-23 02:55:11.661 [info] fatal: Not a git repository (or any of the parent directories): .git
2024-03-23 03:29:20.568 [info] > git rev-parse --show-toplevel [1ms]
2024-03-23 03:29:20.568 [info] fatal: Not a git repository (or any of the parent directories): .git
2024-03-23 04:02:09.694 [info] > git rev-parse --show-toplevel [0ms]
2024-03-23 04:02:09.695 [info] fatal: Not a git repository (or any of the parent directories): .git
2024-03-23 04:41:38.548 [info] > git rev-parse --show-toplevel [1ms]
2024-03-23 04:41:38.548 [info] fatal: Not a git repository (or any of the parent directories): .git
2024-03-23 05:14:36.618 [info] > git rev-parse --show-toplevel [0ms]
2024-03-23 05:14:36.618 [info] fatal: Not a git repository (or any of the parent directories): .git
2024-03-23 05:50:41.620 [info] > git rev-parse --show-toplevel [1ms]
2024-03-23 05:50:41.620 [info] fatal: Not a git repository (or any of the parent directories): .git
2024-03-23 07:56:05.612 [info] > git rev-parse --show-toplevel [0ms]
2024-03-23 07:56:05.612 [info] fatal: Not a git repository (or any of the parent directories): .git
2024-03-23 08:28:18.553 [info] > git rev-parse --show-toplevel [1ms]
2024-03-23 08:28:18.553 [info] fatal: Not a git repository (or any of the parent directories): .git
2024-03-23 08:59:06.554 [info] > git rev-parse --show-toplevel [1ms]
2024-03-23 08:59:06.554 [info] fatal: Not a git repository (or any of the parent directories): .git
2024-03-23 09:39:16.512 [info] > git rev-parse --show-toplevel [0ms]
2024-03-23 09:39:16.512 [info] fatal: Not a git repository (or any of the parent directories): .git
2024-03-23 10:15:35.607 [info] > git rev-parse --show-toplevel [1ms]
2024-03-23 10:15:35.607 [info] fatal: Not a git repository (or any of the parent directories): .git
2024-03-23 10:53:01.623 [info] > git rev-parse --show-toplevel [0ms]
2024-03-23 10:53:01.623 [info] fatal: Not a git repository (or any of the parent directories): .git
2024-03-23 11:23:51.740 [info] > git rev-parse --show-toplevel [17ms]
2024-03-23 11:23:51.740 [info] fatal: Not a git repository (or any of the parent directories): .git
2024-03-23 11:54:29.566 [info] > git rev-parse --show-toplevel [0ms]
2024-03-23 11:54:29.567 [info] fatal: Not a git repository (or any of the parent directories): .git
2024-03-23 12:25:30.574 [info] > git rev-parse --show-toplevel [4ms]
2024-03-23 12:25:30.575 [info] fatal: Not a git repository (or any of the parent directories): .git
2024-03-23 12:56:57.543 [info] > git rev-parse --show-toplevel [0ms]
2024-03-23 12:56:57.543 [info] fatal: Not a git repository (or any of the parent directories): .git
2024-03-23 13:28:38.692 [info] > git rev-parse --show-toplevel [2ms]
2024-03-23 13:28:38.692 [info] fatal: Not a git repository (or any of the parent directories): .git
2024-03-23 13:59:38.671 [info] > git rev-parse --show-toplevel [11ms]
2024-03-23 13:59:38.671 [info] fatal: Not a git repository (or any of the parent directories): .git
2024-03-23 14:31:17.531 [info] > git rev-parse --show-toplevel [0ms]
2024-03-23 14:31:17.531 [info] fatal: Not a git repository (or any of the parent directories): .git
2024-03-23 15:04:57.582 [info] > git rev-parse --show-toplevel [0ms]
2024-03-23 15:04:57.582 [info] fatal: Not a git repository (or any of the parent directories): .git
2024-03-23 15:35:56.576 [info] > git rev-parse --show-toplevel [0ms]
2024-03-23 15:35:56.576 [info] fatal: Not a git repository (or any of the parent directories): .git
2024-03-23 16:06:55.618 [info] > git rev-parse --show-toplevel [0ms]
2024-03-23 16:06:55.618 [info] fatal: Not a git repository (or any of the parent directories): .git
2024-03-23 16:38:34.677 [info] > git rev-parse --show-toplevel [1ms]
2024-03-23 16:38:34.677 [info] fatal: Not a git repository (or any of the parent directories): .git
2024-03-23 17:09:33.625 [info] > git rev-parse --show-toplevel [1ms]
2024-03-23 17:09:33.625 [info] fatal: Not a git repository (or any of the parent directories): .git
2024-03-23 17:41:11.639 [info] > git rev-parse --show-toplevel [0ms]
2024-03-23 17:41:11.639 [info] fatal: Not a git repository (or any of the parent directories): .git
2024-03-23 18:12:10.531 [info] > git rev-parse --show-toplevel [1ms]
2024-03-23 18:12:10.531 [info] fatal: Not a git repository (or any of the parent directories): .git
2024-03-23 18:43:49.556 [info] > git rev-parse --show-toplevel [0ms]
2024-03-23 18:43:49.556 [info] fatal: Not a git repository (or any of the parent directories): .git
2024-03-23 19:15:29.887 [info] > git rev-parse --show-toplevel [50ms]
2024-03-23 19:15:29.887 [info] fatal: Not a git repository (or any of the parent directories): .git
2024-03-23 19:47:08.626 [info] > git rev-parse --show-toplevel [0ms]
2024-03-23 19:47:08.626 [info] fatal: Not a git repository (or any of the parent directories): .git
2024-03-23 20:20:08.540 [info] > git rev-parse --show-toplevel [1ms]
2024-03-23 20:20:08.541 [info] fatal: Not a git repository (or any of the parent directories): .git
2024-03-23 20:51:47.547 [info] > git rev-parse --show-toplevel [0ms]
2024-03-23 20:51:47.547 [info] fatal: Not a git repository (or any of the parent directories): .git
2024-03-23 21:24:46.617 [info] > git rev-parse --show-toplevel [0ms]
2024-03-23 21:24:46.617 [info] fatal: Not a git repository (or any of the parent directories): .git
2024-03-23 21:56:26.751 [info] > git rev-parse --show-toplevel [8ms]
2024-03-23 21:56:26.751 [info] fatal: Not a git repository (or any of the parent directories): .git
2024-03-23 22:28:05.685 [info] > git rev-parse --show-toplevel [0ms]
2024-03-23 22:28:05.685 [info] fatal: Not a git repository (or any of the parent directories): .git
2024-03-23 22:59:03.601 [info] > git rev-parse --show-toplevel [1ms]
2024-03-23 22:59:03.601 [info] fatal: Not a git repository (or any of the parent directories): .git
2024-03-23 23:30:42.634 [info] > git rev-parse --show-toplevel [1ms]
2024-03-23 23:30:42.634 [info] fatal: Not a git repository (or any of the parent directories): .git
2024-03-24 00:01:41.583 [info] > git rev-parse --show-toplevel [1ms]
2024-03-24 00:01:41.583 [info] fatal: Not a git repository (or any of the parent directories): .git
2024-03-24 00:35:21.789 [info] > git rev-parse --show-toplevel [39ms]
2024-03-24 00:35:21.789 [info] fatal: Not a git repository (or any of the parent directories): .git
2024-03-24 01:06:21.569 [info] > git rev-parse --show-toplevel [3ms]
2024-03-24 01:06:21.569 [info] fatal: Not a git repository (or any of the parent directories): .git
2024-03-24 01:37:59.574 [info] > git rev-parse --show-toplevel [0ms]
2024-03-24 01:37:59.574 [info] fatal: Not a git repository (or any of the parent directories): .git
2024-03-24 02:08:58.733 [info] > git rev-parse --show-toplevel [1ms]
2024-03-24 02:08:58.733 [info] fatal: Not a git repository (or any of the parent directories): .git
2024-03-24 02:39:48.654 [info] > git rev-parse --show-toplevel [0ms]
2024-03-24 02:39:48.654 [info] fatal: Not a git repository (or any of the parent directories): .git
2024-03-24 03:12:19.840 [info] > git rev-parse --show-toplevel [31ms]
2024-03-24 03:12:19.840 [info] fatal: Not a git repository (or any of the parent directories): .git
2024-03-24 03:43:14.571 [info] > git rev-parse --show-toplevel [1ms]
2024-03-24 03:43:14.572 [info] fatal: Not a git repository (or any of the parent directories): .git
2024-03-24 04:14:54.559 [info] > git rev-parse --show-toplevel [1ms]
2024-03-24 04:14:54.559 [info] fatal: Not a git repository (or any of the parent directories): .git
2024-03-24 04:45:52.588 [info] > git rev-parse --show-toplevel [1ms]
2024-03-24 04:45:52.588 [info] fatal: Not a git repository (or any of the parent directories): .git
2024-03-24 05:17:32.638 [info] > git rev-parse --show-toplevel [0ms]
2024-03-24 05:17:32.638 [info] fatal: Not a git repository (or any of the parent directories): .git
2024-03-24 05:50:31.641 [info] > git rev-parse --show-toplevel [1ms]
2024-03-24 05:50:31.641 [info] fatal: Not a git repository (or any of the parent directories): .git
2024-03-24 06:22:10.706 [info] > git rev-parse --show-toplevel [0ms]
2024-03-24 06:22:10.706 [info] fatal: Not a git repository (or any of the parent directories): .git
2024-03-24 06:53:57.805 [info] > git rev-parse --show-toplevel [0ms]
2024-03-24 06:53:57.805 [info] fatal: Not a git repository (or any of the parent directories): .git
2024-03-24 07:24:48.562 [info] > git rev-parse --show-toplevel [2ms]
2024-03-24 07:24:48.562 [info] fatal: Not a git repository (or any of the parent directories): .git
2024-03-24 07:56:27.621 [info] > git rev-parse --show-toplevel [1ms]
2024-03-24 07:56:27.621 [info] fatal: Not a git repository (or any of the parent directories): .git
2024-03-24 08:27:25.573 [info] > git rev-parse --show-toplevel [1ms]
2024-03-24 08:27:25.573 [info] fatal: Not a git repository (or any of the parent directories): .git
2024-03-24 08:59:05.593 [info] > git rev-parse --show-toplevel [1ms]
2024-03-24 08:59:05.593 [info] fatal: Not a git repository (or any of the parent directories): .git
2024-03-24 09:30:03.614 [info] > git rev-parse --show-toplevel [0ms]
2024-03-24 09:30:03.615 [info] fatal: Not a git repository (or any of the parent directories): .git
2024-03-24 10:01:28.596 [info] > git rev-parse --show-toplevel [0ms]
2024-03-24 10:01:28.596 [info] fatal: Not a git repository (or any of the parent directories): .git
2024-03-24 10:32:40.728 [info] > git rev-parse --show-toplevel [14ms]
2024-03-24 10:32:40.728 [info] fatal: Not a git repository (or any of the parent directories): .git
2024-03-24 11:04:19.564 [info] > git rev-parse --show-toplevel [0ms]
2024-03-24 11:04:19.564 [info] fatal: Not a git repository (or any of the parent directories): .git
2024-03-24 11:35:58.611 [info] > git rev-parse --show-toplevel [1ms]
2024-03-24 11:35:58.611 [info] fatal: Not a git repository (or any of the parent directories): .git
2024-03-24 12:06:57.573 [info] > git rev-parse --show-toplevel [1ms]
2024-03-24 12:06:57.573 [info] fatal: Not a git repository (or any of the parent directories): .git
2024-03-24 12:38:18.630 [info] > git rev-parse --show-toplevel [0ms]
2024-03-24 12:38:18.630 [info] fatal: Not a git repository (or any of the parent directories): .git
2024-03-24 13:09:36.748 [info] > git rev-parse --show-toplevel [0ms]
2024-03-24 13:09:36.749 [info] fatal: Not a git repository (or any of the parent directories): .git
2024-03-24 13:41:14.584 [info] > git rev-parse --show-toplevel [1ms]
2024-03-24 13:41:14.584 [info] fatal: Not a git repository (or any of the parent directories): .git
2024-03-24 14:12:12.606 [info] > git rev-parse --show-toplevel [0ms]
2024-03-24 14:12:12.606 [info] fatal: Not a git repository (or any of the parent directories): .git
2024-03-24 14:43:51.600 [info] > git rev-parse --show-toplevel [1ms]
2024-03-24 14:43:51.600 [info] fatal: Not a git repository (or any of the parent directories): .git
2024-03-24 15:14:52.824 [info] > git rev-parse --show-toplevel [0ms]
2024-03-24 15:14:52.824 [info] fatal: Not a git repository (or any of the parent directories): .git
2024-03-24 16:44:56.616 [info] > git rev-parse --show-toplevel [2ms]
2024-03-24 16:44:56.616 [info] fatal: Not a git repository (or any of the parent directories): .git
2024-03-24 18:09:06.065 [info] > git rev-parse --show-toplevel [3ms]
2024-03-24 18:09:06.065 [info] fatal: Not a git repository (or any of the parent directories): .git
