2024-03-27 09:41:53.791 [info] Extension host with pid 111786 started
2024-03-27 09:41:53.864 [info] Lock '/root/.vscode-server/data/User/workspaceStorage/ccaaec33ec2397b18c006b3b33c929fb/vscode.lock': Lock acquired.
2024-03-27 09:41:53.908 [info] ExtensionService#_doActivateExtension vscode.git-base, startup: true, activationEvent: '*'
2024-03-27 09:41:53.986 [info] ExtensionService#_doActivateExtension vscode.github, startup: true, activationEvent: '*'
2024-03-27 09:41:54.343 [info] Eager extensions activated
2024-03-27 09:41:54.343 [info] ExtensionService#_doActivateExtension vscode.debug-auto-launch, startup: false, activationEvent: 'onStartupFinished'
2024-03-27 09:41:54.343 [info] ExtensionService#_doActivateExtension vscode.merge-conflict, startup: false, activationEvent: 'onStartupFinished'
2024-03-27 09:41:55.852 [info] ExtensionService#_doActivateExtension vscode.git, startup: false, activationEvent: 'api', root cause: vscode.github
2024-03-27 09:41:59.373 [error] Error: write EPROTO C05753A8637F0000:error:0A00010B:SSL routines:ssl3_get_record:wrong version number:../deps/openssl/openssl/ssl/record/ssl3_record.c:355:

	at WriteWrap.onWriteComplete [as oncomplete] (node:internal/stream_base_commons:94:16)
2024-03-27 09:41:59.779 [error] Error: write EPROTO C05753A8637F0000:error:0A00010B:SSL routines:ssl3_get_record:wrong version number:../deps/openssl/openssl/ssl/record/ssl3_record.c:355:

	at WriteWrap.onWriteComplete [as oncomplete] (node:internal/stream_base_commons:94:16)
2024-03-27 09:42:00.869 [info] ExtensionService#_doActivateExtension ms-python.debugpy, startup: false, activationEvent: 'onLanguage:python'
2024-03-27 09:42:00.870 [info] ExtensionService#_doActivateExtension ms-python.python, startup: false, activationEvent: 'onLanguage:python'
2024-03-27 09:42:00.870 [info] ExtensionService#_doActivateExtension vscode.emmet, startup: false, activationEvent: 'onLanguage'
2024-03-27 09:42:01.869 [info] ExtensionService#_doActivateExtension ms-python.vscode-pylance, startup: false, activationEvent: 'onLanguage:python'
2024-03-27 09:42:03.344 [error] Error: write EPROTO C05753A8637F0000:error:0A00010B:SSL routines:ssl3_get_record:wrong version number:../deps/openssl/openssl/ssl/record/ssl3_record.c:355:

	at WriteWrap.onWriteComplete [as oncomplete] (node:internal/stream_base_commons:94:16)
2024-03-27 09:42:03.344 [error] Error: write EPROTO C05753A8637F0000:error:0A00010B:SSL routines:ssl3_get_record:wrong version number:../deps/openssl/openssl/ssl/record/ssl3_record.c:355:

	at WriteWrap.onWriteComplete [as oncomplete] (node:internal/stream_base_commons:94:16)
2024-03-27 09:42:04.746 [error] Error: write EPROTO C05753A8637F0000:error:0A00010B:SSL routines:ssl3_get_record:wrong version number:../deps/openssl/openssl/ssl/record/ssl3_record.c:355:

	at WriteWrap.onWriteComplete [as oncomplete] (node:internal/stream_base_commons:94:16)
2024-03-27 09:42:04.746 [error] Error: write EPROTO C05753A8637F0000:error:0A00010B:SSL routines:ssl3_get_record:wrong version number:../deps/openssl/openssl/ssl/record/ssl3_record.c:355:

	at WriteWrap.onWriteComplete [as oncomplete] (node:internal/stream_base_commons:94:16)
2024-03-27 09:42:07.054 [error] Error: write EPROTO C05753A8637F0000:error:0A00010B:SSL routines:ssl3_get_record:wrong version number:../deps/openssl/openssl/ssl/record/ssl3_record.c:355:

	at WriteWrap.onWriteComplete [as oncomplete] (node:internal/stream_base_commons:94:16)
2024-03-27 09:42:07.921 [error] Error: write EPROTO C05753A8637F0000:error:0A00010B:SSL routines:ssl3_get_record:wrong version number:../deps/openssl/openssl/ssl/record/ssl3_record.c:355:

	at WriteWrap.onWriteComplete [as oncomplete] (node:internal/stream_base_commons:94:16)
2024-03-27 09:42:08.338 [error] Error: write EPROTO C05753A8637F0000:error:0A00010B:SSL routines:ssl3_get_record:wrong version number:../deps/openssl/openssl/ssl/record/ssl3_record.c:355:

	at WriteWrap.onWriteComplete [as oncomplete] (node:internal/stream_base_commons:94:16)
2024-03-27 09:42:08.345 [info] ExtensionService#_doActivateExtension vscode.npm, startup: false, activationEvent: 'onTerminalQuickFixRequest:ms-vscode.npm-command'
2024-03-27 09:42:10.454 [error] Error: write EPROTO C05753A8637F0000:error:0A00010B:SSL routines:ssl3_get_record:wrong version number:../deps/openssl/openssl/ssl/record/ssl3_record.c:355:

	at WriteWrap.onWriteComplete [as oncomplete] (node:internal/stream_base_commons:94:16)
2024-03-27 09:42:22.679 [error] Error: write EPROTO C05753A8637F0000:error:0A00010B:SSL routines:ssl3_get_record:wrong version number:../deps/openssl/openssl/ssl/record/ssl3_record.c:355:

	at WriteWrap.onWriteComplete [as oncomplete] (node:internal/stream_base_commons:94:16)
2024-03-27 09:42:25.545 [error] Error: write EPROTO C05753A8637F0000:error:0A00010B:SSL routines:ssl3_get_record:wrong version number:../deps/openssl/openssl/ssl/record/ssl3_record.c:355:

	at WriteWrap.onWriteComplete [as oncomplete] (node:internal/stream_base_commons:94:16)
2024-03-27 09:42:56.309 [error] Error: write EPROTO C05753A8637F0000:error:0A00010B:SSL routines:ssl3_get_record:wrong version number:../deps/openssl/openssl/ssl/record/ssl3_record.c:355:

	at WriteWrap.onWriteComplete [as oncomplete] (node:internal/stream_base_commons:94:16)
2024-03-27 09:42:59.197 [error] Error: write EPROTO C05753A8637F0000:error:0A00010B:SSL routines:ssl3_get_record:wrong version number:../deps/openssl/openssl/ssl/record/ssl3_record.c:355:

	at WriteWrap.onWriteComplete [as oncomplete] (node:internal/stream_base_commons:94:16)
2024-03-27 09:46:14.056 [error] Error: write EPROTO C05753A8637F0000:error:0A00010B:SSL routines:ssl3_get_record:wrong version number:../deps/openssl/openssl/ssl/record/ssl3_record.c:355:

	at WriteWrap.onWriteComplete [as oncomplete] (node:internal/stream_base_commons:94:16)
2024-03-27 09:46:24.712 [error] Error: write EPROTO C05753A8637F0000:error:0A00010B:SSL routines:ssl3_get_record:wrong version number:../deps/openssl/openssl/ssl/record/ssl3_record.c:355:

	at WriteWrap.onWriteComplete [as oncomplete] (node:internal/stream_base_commons:94:16)
2024-03-27 09:46:27.831 [error] Error: write EPROTO C05753A8637F0000:error:0A00010B:SSL routines:ssl3_get_record:wrong version number:../deps/openssl/openssl/ssl/record/ssl3_record.c:355:

	at WriteWrap.onWriteComplete [as oncomplete] (node:internal/stream_base_commons:94:16)
2024-03-27 09:46:34.078 [error] Error: write EPROTO C05753A8637F0000:error:0A00010B:SSL routines:ssl3_get_record:wrong version number:../deps/openssl/openssl/ssl/record/ssl3_record.c:355:

	at WriteWrap.onWriteComplete [as oncomplete] (node:internal/stream_base_commons:94:16)
2024-03-27 09:46:44.621 [error] Error: write EPROTO C05753A8637F0000:error:0A00010B:SSL routines:ssl3_get_record:wrong version number:../deps/openssl/openssl/ssl/record/ssl3_record.c:355:

	at WriteWrap.onWriteComplete [as oncomplete] (node:internal/stream_base_commons:94:16)
2024-03-27 09:47:57.321 [error] Error: write EPROTO C05753A8637F0000:error:0A00010B:SSL routines:ssl3_get_record:wrong version number:../deps/openssl/openssl/ssl/record/ssl3_record.c:355:

	at WriteWrap.onWriteComplete [as oncomplete] (node:internal/stream_base_commons:94:16)
2024-03-27 09:48:00.475 [error] Error: write EPROTO C05753A8637F0000:error:0A00010B:SSL routines:ssl3_get_record:wrong version number:../deps/openssl/openssl/ssl/record/ssl3_record.c:355:

	at WriteWrap.onWriteComplete [as oncomplete] (node:internal/stream_base_commons:94:16)
2024-03-27 09:48:27.943 [error] Error: write EPROTO C05753A8637F0000:error:0A00010B:SSL routines:ssl3_get_record:wrong version number:../deps/openssl/openssl/ssl/record/ssl3_record.c:355:

	at WriteWrap.onWriteComplete [as oncomplete] (node:internal/stream_base_commons:94:16)
2024-03-27 09:48:30.571 [error] Error: write EPROTO C05753A8637F0000:error:0A00010B:SSL routines:ssl3_get_record:wrong version number:../deps/openssl/openssl/ssl/record/ssl3_record.c:355:

	at WriteWrap.onWriteComplete [as oncomplete] (node:internal/stream_base_commons:94:16)
2024-03-27 09:49:46.154 [error] Error: write EPROTO C05753A8637F0000:error:0A00010B:SSL routines:ssl3_get_record:wrong version number:../deps/openssl/openssl/ssl/record/ssl3_record.c:355:

	at WriteWrap.onWriteComplete [as oncomplete] (node:internal/stream_base_commons:94:16)
2024-03-27 09:49:48.189 [error] Error: write EPROTO C05753A8637F0000:error:0A00010B:SSL routines:ssl3_get_record:wrong version number:../deps/openssl/openssl/ssl/record/ssl3_record.c:355:

	at WriteWrap.onWriteComplete [as oncomplete] (node:internal/stream_base_commons:94:16)
2024-03-27 09:49:53.071 [error] Error: write EPROTO C05753A8637F0000:error:0A00010B:SSL routines:ssl3_get_record:wrong version number:../deps/openssl/openssl/ssl/record/ssl3_record.c:355:

	at WriteWrap.onWriteComplete [as oncomplete] (node:internal/stream_base_commons:94:16)
2024-03-27 09:49:53.072 [error] Error: write EPROTO C05753A8637F0000:error:0A00010B:SSL routines:ssl3_get_record:wrong version number:../deps/openssl/openssl/ssl/record/ssl3_record.c:355:

	at WriteWrap.onWriteComplete [as oncomplete] (node:internal/stream_base_commons:94:16)
2024-03-27 09:50:06.142 [error] Error: write EPROTO C05753A8637F0000:error:0A00010B:SSL routines:ssl3_get_record:wrong version number:../deps/openssl/openssl/ssl/record/ssl3_record.c:355:

	at WriteWrap.onWriteComplete [as oncomplete] (node:internal/stream_base_commons:94:16)
2024-03-27 09:50:09.230 [error] Error: write EPROTO C05753A8637F0000:error:0A00010B:SSL routines:ssl3_get_record:wrong version number:../deps/openssl/openssl/ssl/record/ssl3_record.c:355:

	at WriteWrap.onWriteComplete [as oncomplete] (node:internal/stream_base_commons:94:16)
2024-03-27 09:50:53.093 [error] Error: write EPROTO C05753A8637F0000:error:0A00010B:SSL routines:ssl3_get_record:wrong version number:../deps/openssl/openssl/ssl/record/ssl3_record.c:355:

	at WriteWrap.onWriteComplete [as oncomplete] (node:internal/stream_base_commons:94:16)
2024-03-27 09:50:56.637 [error] Error: write EPROTO C05753A8637F0000:error:0A00010B:SSL routines:ssl3_get_record:wrong version number:../deps/openssl/openssl/ssl/record/ssl3_record.c:355:

	at WriteWrap.onWriteComplete [as oncomplete] (node:internal/stream_base_commons:94:16)
2024-03-27 09:52:06.168 [error] Error: write EPROTO C05753A8637F0000:error:0A00010B:SSL routines:ssl3_get_record:wrong version number:../deps/openssl/openssl/ssl/record/ssl3_record.c:355:

	at WriteWrap.onWriteComplete [as oncomplete] (node:internal/stream_base_commons:94:16)
2024-03-27 09:52:09.733 [error] Error: write EPROTO C05753A8637F0000:error:0A00010B:SSL routines:ssl3_get_record:wrong version number:../deps/openssl/openssl/ssl/record/ssl3_record.c:355:

	at WriteWrap.onWriteComplete [as oncomplete] (node:internal/stream_base_commons:94:16)
2024-03-27 09:52:15.286 [error] Error: write EPROTO C05753A8637F0000:error:0A00010B:SSL routines:ssl3_get_record:wrong version number:../deps/openssl/openssl/ssl/record/ssl3_record.c:355:

	at WriteWrap.onWriteComplete [as oncomplete] (node:internal/stream_base_commons:94:16)
2024-03-27 09:52:25.481 [error] Error: write EPROTO C05753A8637F0000:error:0A00010B:SSL routines:ssl3_get_record:wrong version number:../deps/openssl/openssl/ssl/record/ssl3_record.c:355:

	at WriteWrap.onWriteComplete [as oncomplete] (node:internal/stream_base_commons:94:16)
2024-03-27 09:52:43.049 [error] Error: write EPROTO C05753A8637F0000:error:0A00010B:SSL routines:ssl3_get_record:wrong version number:../deps/openssl/openssl/ssl/record/ssl3_record.c:355:

	at WriteWrap.onWriteComplete [as oncomplete] (node:internal/stream_base_commons:94:16)
2024-03-27 09:52:46.618 [error] Error: write EPROTO C05753A8637F0000:error:0A00010B:SSL routines:ssl3_get_record:wrong version number:../deps/openssl/openssl/ssl/record/ssl3_record.c:355:

	at WriteWrap.onWriteComplete [as oncomplete] (node:internal/stream_base_commons:94:16)
2024-03-27 09:53:16.236 [error] Error: write EPROTO C05753A8637F0000:error:0A00010B:SSL routines:ssl3_get_record:wrong version number:../deps/openssl/openssl/ssl/record/ssl3_record.c:355:

	at WriteWrap.onWriteComplete [as oncomplete] (node:internal/stream_base_commons:94:16)
2024-03-27 09:53:19.118 [error] Error: write EPROTO C05753A8637F0000:error:0A00010B:SSL routines:ssl3_get_record:wrong version number:../deps/openssl/openssl/ssl/record/ssl3_record.c:355:

	at WriteWrap.onWriteComplete [as oncomplete] (node:internal/stream_base_commons:94:16)
2024-03-27 09:56:06.812 [error] Error: write EPROTO C05753A8637F0000:error:0A00010B:SSL routines:ssl3_get_record:wrong version number:../deps/openssl/openssl/ssl/record/ssl3_record.c:355:

	at WriteWrap.onWriteComplete [as oncomplete] (node:internal/stream_base_commons:94:16)
2024-03-27 09:56:09.991 [error] Error: write EPROTO C05753A8637F0000:error:0A00010B:SSL routines:ssl3_get_record:wrong version number:../deps/openssl/openssl/ssl/record/ssl3_record.c:355:

	at WriteWrap.onWriteComplete [as oncomplete] (node:internal/stream_base_commons:94:16)
2024-03-27 10:27:16.848 [error] Error: write EPROTO C05753A8637F0000:error:0A00010B:SSL routines:ssl3_get_record:wrong version number:../deps/openssl/openssl/ssl/record/ssl3_record.c:355:

	at WriteWrap.onWriteComplete [as oncomplete] (node:internal/stream_base_commons:94:16)
2024-03-27 10:27:19.174 [error] Error: write EPROTO C05753A8637F0000:error:0A00010B:SSL routines:ssl3_get_record:wrong version number:../deps/openssl/openssl/ssl/record/ssl3_record.c:355:

	at WriteWrap.onWriteComplete [as oncomplete] (node:internal/stream_base_commons:94:16)
2024-03-27 10:27:20.160 [error] Error: write EPROTO C05753A8637F0000:error:0A00010B:SSL routines:ssl3_get_record:wrong version number:../deps/openssl/openssl/ssl/record/ssl3_record.c:355:

	at WriteWrap.onWriteComplete [as oncomplete] (node:internal/stream_base_commons:94:16)
2024-03-27 10:27:22.165 [error] Error: write EPROTO C05753A8637F0000:error:0A00010B:SSL routines:ssl3_get_record:wrong version number:../deps/openssl/openssl/ssl/record/ssl3_record.c:355:

	at WriteWrap.onWriteComplete [as oncomplete] (node:internal/stream_base_commons:94:16)
2024-03-27 10:29:01.969 [error] Error: write EPROTO C05753A8637F0000:error:0A00010B:SSL routines:ssl3_get_record:wrong version number:../deps/openssl/openssl/ssl/record/ssl3_record.c:355:

	at WriteWrap.onWriteComplete [as oncomplete] (node:internal/stream_base_commons:94:16)
2024-03-27 10:29:05.358 [error] Error: write EPROTO C05753A8637F0000:error:0A00010B:SSL routines:ssl3_get_record:wrong version number:../deps/openssl/openssl/ssl/record/ssl3_record.c:355:

	at WriteWrap.onWriteComplete [as oncomplete] (node:internal/stream_base_commons:94:16)
2024-03-27 10:32:37.142 [error] Error: write EPROTO C05753A8637F0000:error:0A00010B:SSL routines:ssl3_get_record:wrong version number:../deps/openssl/openssl/ssl/record/ssl3_record.c:355:

	at WriteWrap.onWriteComplete [as oncomplete] (node:internal/stream_base_commons:94:16)
2024-03-27 10:32:40.074 [error] Error: write EPROTO C05753A8637F0000:error:0A00010B:SSL routines:ssl3_get_record:wrong version number:../deps/openssl/openssl/ssl/record/ssl3_record.c:355:

	at WriteWrap.onWriteComplete [as oncomplete] (node:internal/stream_base_commons:94:16)
2024-03-27 10:32:50.921 [error] Error: write EPROTO C05753A8637F0000:error:0A00010B:SSL routines:ssl3_get_record:wrong version number:../deps/openssl/openssl/ssl/record/ssl3_record.c:355:

	at WriteWrap.onWriteComplete [as oncomplete] (node:internal/stream_base_commons:94:16)
2024-03-27 10:32:54.173 [error] Error: write EPROTO C05753A8637F0000:error:0A00010B:SSL routines:ssl3_get_record:wrong version number:../deps/openssl/openssl/ssl/record/ssl3_record.c:355:

	at WriteWrap.onWriteComplete [as oncomplete] (node:internal/stream_base_commons:94:16)
2024-03-27 10:33:36.758 [error] Error: write EPROTO C05753A8637F0000:error:0A00010B:SSL routines:ssl3_get_record:wrong version number:../deps/openssl/openssl/ssl/record/ssl3_record.c:355:

	at WriteWrap.onWriteComplete [as oncomplete] (node:internal/stream_base_commons:94:16)
2024-03-27 10:34:39.818 [error] Error: write EPROTO C05753A8637F0000:error:0A00010B:SSL routines:ssl3_get_record:wrong version number:../deps/openssl/openssl/ssl/record/ssl3_record.c:355:

	at WriteWrap.onWriteComplete [as oncomplete] (node:internal/stream_base_commons:94:16)
2024-03-27 10:34:42.423 [error] Error: write EPROTO C05753A8637F0000:error:0A00010B:SSL routines:ssl3_get_record:wrong version number:../deps/openssl/openssl/ssl/record/ssl3_record.c:355:

	at WriteWrap.onWriteComplete [as oncomplete] (node:internal/stream_base_commons:94:16)
2024-03-27 10:34:42.446 [error] Error: write EPROTO C05753A8637F0000:error:0A00010B:SSL routines:ssl3_get_record:wrong version number:../deps/openssl/openssl/ssl/record/ssl3_record.c:355:

	at WriteWrap.onWriteComplete [as oncomplete] (node:internal/stream_base_commons:94:16)
2024-03-27 10:34:45.817 [error] Error: write EPROTO C05753A8637F0000:error:0A00010B:SSL routines:ssl3_get_record:wrong version number:../deps/openssl/openssl/ssl/record/ssl3_record.c:355:

	at WriteWrap.onWriteComplete [as oncomplete] (node:internal/stream_base_commons:94:16)
2024-03-27 10:34:59.627 [error] Error: write EPROTO C05753A8637F0000:error:0A00010B:SSL routines:ssl3_get_record:wrong version number:../deps/openssl/openssl/ssl/record/ssl3_record.c:355:

	at WriteWrap.onWriteComplete [as oncomplete] (node:internal/stream_base_commons:94:16)
2024-03-27 10:35:02.155 [error] Error: write EPROTO C05753A8637F0000:error:0A00010B:SSL routines:ssl3_get_record:wrong version number:../deps/openssl/openssl/ssl/record/ssl3_record.c:355:

	at WriteWrap.onWriteComplete [as oncomplete] (node:internal/stream_base_commons:94:16)
2024-03-27 10:35:26.833 [error] Error: write EPROTO C05753A8637F0000:error:0A00010B:SSL routines:ssl3_get_record:wrong version number:../deps/openssl/openssl/ssl/record/ssl3_record.c:355:

	at WriteWrap.onWriteComplete [as oncomplete] (node:internal/stream_base_commons:94:16)
2024-03-27 10:35:29.420 [error] Error: write EPROTO C05753A8637F0000:error:0A00010B:SSL routines:ssl3_get_record:wrong version number:../deps/openssl/openssl/ssl/record/ssl3_record.c:355:

	at WriteWrap.onWriteComplete [as oncomplete] (node:internal/stream_base_commons:94:16)
2024-03-27 10:37:08.268 [error] Error: write EPROTO C05753A8637F0000:error:0A00010B:SSL routines:ssl3_get_record:wrong version number:../deps/openssl/openssl/ssl/record/ssl3_record.c:355:

	at WriteWrap.onWriteComplete [as oncomplete] (node:internal/stream_base_commons:94:16)
2024-03-27 10:37:11.151 [error] Error: write EPROTO C05753A8637F0000:error:0A00010B:SSL routines:ssl3_get_record:wrong version number:../deps/openssl/openssl/ssl/record/ssl3_record.c:355:

	at WriteWrap.onWriteComplete [as oncomplete] (node:internal/stream_base_commons:94:16)
2024-03-27 10:37:28.416 [error] Error: write EPROTO C05753A8637F0000:error:0A00010B:SSL routines:ssl3_get_record:wrong version number:../deps/openssl/openssl/ssl/record/ssl3_record.c:355:

	at WriteWrap.onWriteComplete [as oncomplete] (node:internal/stream_base_commons:94:16)
2024-03-27 10:37:30.987 [error] Error: write EPROTO C05753A8637F0000:error:0A00010B:SSL routines:ssl3_get_record:wrong version number:../deps/openssl/openssl/ssl/record/ssl3_record.c:355:

	at WriteWrap.onWriteComplete [as oncomplete] (node:internal/stream_base_commons:94:16)
2024-03-27 10:38:42.123 [error] Error: write EPROTO C05753A8637F0000:error:0A00010B:SSL routines:ssl3_get_record:wrong version number:../deps/openssl/openssl/ssl/record/ssl3_record.c:355:

	at WriteWrap.onWriteComplete [as oncomplete] (node:internal/stream_base_commons:94:16)
2024-03-27 10:41:00.919 [error] Error: write EPROTO C05753A8637F0000:error:0A00010B:SSL routines:ssl3_get_record:wrong version number:../deps/openssl/openssl/ssl/record/ssl3_record.c:355:

	at WriteWrap.onWriteComplete [as oncomplete] (node:internal/stream_base_commons:94:16)
2024-03-27 10:41:03.633 [error] Error: write EPROTO C05753A8637F0000:error:0A00010B:SSL routines:ssl3_get_record:wrong version number:../deps/openssl/openssl/ssl/record/ssl3_record.c:355:

	at WriteWrap.onWriteComplete [as oncomplete] (node:internal/stream_base_commons:94:16)
2024-03-27 10:41:04.554 [error] Error: write EPROTO C05753A8637F0000:error:0A00010B:SSL routines:ssl3_get_record:wrong version number:../deps/openssl/openssl/ssl/record/ssl3_record.c:355:

	at WriteWrap.onWriteComplete [as oncomplete] (node:internal/stream_base_commons:94:16)
2024-03-27 10:41:06.409 [error] Error: write EPROTO C05753A8637F0000:error:0A00010B:SSL routines:ssl3_get_record:wrong version number:../deps/openssl/openssl/ssl/record/ssl3_record.c:355:

	at WriteWrap.onWriteComplete [as oncomplete] (node:internal/stream_base_commons:94:16)
2024-03-27 10:41:19.157 [error] Error: write EPROTO C05753A8637F0000:error:0A00010B:SSL routines:ssl3_get_record:wrong version number:../deps/openssl/openssl/ssl/record/ssl3_record.c:355:

	at WriteWrap.onWriteComplete [as oncomplete] (node:internal/stream_base_commons:94:16)
2024-03-27 10:41:32.593 [error] Error: getaddrinfo ENOTFOUND mobile.events.data.microsoft.com
	at GetAddrInfoReqWrap.onlookup [as oncomplete] (node:dns:108:26)
2024-03-27 10:41:54.809 [error] Error: write EPROTO C05753A8637F0000:error:0A00010B:SSL routines:ssl3_get_record:wrong version number:../deps/openssl/openssl/ssl/record/ssl3_record.c:355:

	at WriteWrap.onWriteComplete [as oncomplete] (node:internal/stream_base_commons:94:16)
2024-03-27 10:41:58.334 [error] Error: write EPROTO C05753A8637F0000:error:0A00010B:SSL routines:ssl3_get_record:wrong version number:../deps/openssl/openssl/ssl/record/ssl3_record.c:355:

	at WriteWrap.onWriteComplete [as oncomplete] (node:internal/stream_base_commons:94:16)
2024-03-27 10:42:44.916 [error] Error: write EPROTO C05753A8637F0000:error:0A00010B:SSL routines:ssl3_get_record:wrong version number:../deps/openssl/openssl/ssl/record/ssl3_record.c:355:

	at WriteWrap.onWriteComplete [as oncomplete] (node:internal/stream_base_commons:94:16)
2024-03-27 10:42:47.903 [error] Error: write EPROTO C05753A8637F0000:error:0A00010B:SSL routines:ssl3_get_record:wrong version number:../deps/openssl/openssl/ssl/record/ssl3_record.c:355:

	at WriteWrap.onWriteComplete [as oncomplete] (node:internal/stream_base_commons:94:16)
2024-03-27 11:41:16.972 [error] Error: write EPROTO C05753A8637F0000:error:0A00010B:SSL routines:ssl3_get_record:wrong version number:../deps/openssl/openssl/ssl/record/ssl3_record.c:355:

	at WriteWrap.onWriteComplete [as oncomplete] (node:internal/stream_base_commons:94:16)
2024-03-27 11:41:20.547 [error] Error: write EPROTO C05753A8637F0000:error:0A00010B:SSL routines:ssl3_get_record:wrong version number:../deps/openssl/openssl/ssl/record/ssl3_record.c:355:

	at WriteWrap.onWriteComplete [as oncomplete] (node:internal/stream_base_commons:94:16)
2024-03-27 13:22:48.544 [error] Error: write EPROTO C05753A8637F0000:error:0A00010B:SSL routines:ssl3_get_record:wrong version number:../deps/openssl/openssl/ssl/record/ssl3_record.c:355:

	at WriteWrap.onWriteComplete [as oncomplete] (node:internal/stream_base_commons:94:16)
2024-03-27 13:22:55.257 [error] Error: write EPROTO C05753A8637F0000:error:0A00010B:SSL routines:ssl3_get_record:wrong version number:../deps/openssl/openssl/ssl/record/ssl3_record.c:355:

	at WriteWrap.onWriteComplete [as oncomplete] (node:internal/stream_base_commons:94:16)
2024-03-27 13:23:07.185 [error] Error: write EPROTO C05753A8637F0000:error:0A00010B:SSL routines:ssl3_get_record:wrong version number:../deps/openssl/openssl/ssl/record/ssl3_record.c:355:

	at WriteWrap.onWriteComplete [as oncomplete] (node:internal/stream_base_commons:94:16)
2024-03-27 13:23:09.993 [error] Error: write EPROTO C05753A8637F0000:error:0A00010B:SSL routines:ssl3_get_record:wrong version number:../deps/openssl/openssl/ssl/record/ssl3_record.c:355:

	at WriteWrap.onWriteComplete [as oncomplete] (node:internal/stream_base_commons:94:16)
2024-03-27 14:15:38.406 [error] Error: write EPROTO C05753A8637F0000:error:0A00010B:SSL routines:ssl3_get_record:wrong version number:../deps/openssl/openssl/ssl/record/ssl3_record.c:355:

	at WriteWrap.onWriteComplete [as oncomplete] (node:internal/stream_base_commons:94:16)
2024-03-27 14:15:41.151 [error] Error: write EPROTO C05753A8637F0000:error:0A00010B:SSL routines:ssl3_get_record:wrong version number:../deps/openssl/openssl/ssl/record/ssl3_record.c:355:

	at WriteWrap.onWriteComplete [as oncomplete] (node:internal/stream_base_commons:94:16)
2024-03-27 14:16:02.844 [error] Error: write EPROTO C05753A8637F0000:error:0A00010B:SSL routines:ssl3_get_record:wrong version number:../deps/openssl/openssl/ssl/record/ssl3_record.c:355:

	at WriteWrap.onWriteComplete [as oncomplete] (node:internal/stream_base_commons:94:16)
2024-03-27 14:16:06.349 [error] Error: write EPROTO C05753A8637F0000:error:0A00010B:SSL routines:ssl3_get_record:wrong version number:../deps/openssl/openssl/ssl/record/ssl3_record.c:355:

	at WriteWrap.onWriteComplete [as oncomplete] (node:internal/stream_base_commons:94:16)
2024-03-27 14:20:24.151 [error] Error: write EPROTO C05753A8637F0000:error:0A00010B:SSL routines:ssl3_get_record:wrong version number:../deps/openssl/openssl/ssl/record/ssl3_record.c:355:

	at WriteWrap.onWriteComplete [as oncomplete] (node:internal/stream_base_commons:94:16)
2024-03-27 14:20:27.202 [error] Error: write EPROTO C05753A8637F0000:error:0A00010B:SSL routines:ssl3_get_record:wrong version number:../deps/openssl/openssl/ssl/record/ssl3_record.c:355:

	at WriteWrap.onWriteComplete [as oncomplete] (node:internal/stream_base_commons:94:16)
2024-03-27 16:37:04.684 [error] Error: write EPROTO C05753A8637F0000:error:0A00010B:SSL routines:ssl3_get_record:wrong version number:../deps/openssl/openssl/ssl/record/ssl3_record.c:355:

	at WriteWrap.onWriteComplete [as oncomplete] (node:internal/stream_base_commons:94:16)
2024-03-27 16:37:07.983 [error] Error: write EPROTO C05753A8637F0000:error:0A00010B:SSL routines:ssl3_get_record:wrong version number:../deps/openssl/openssl/ssl/record/ssl3_record.c:355:

	at WriteWrap.onWriteComplete [as oncomplete] (node:internal/stream_base_commons:94:16)
2024-03-27 16:57:27.251 [error] Error: write EPROTO C05753A8637F0000:error:0A00010B:SSL routines:ssl3_get_record:wrong version number:../deps/openssl/openssl/ssl/record/ssl3_record.c:355:

	at WriteWrap.onWriteComplete [as oncomplete] (node:internal/stream_base_commons:94:16)
2024-03-27 16:57:30.072 [error] Error: write EPROTO C05753A8637F0000:error:0A00010B:SSL routines:ssl3_get_record:wrong version number:../deps/openssl/openssl/ssl/record/ssl3_record.c:355:

	at WriteWrap.onWriteComplete [as oncomplete] (node:internal/stream_base_commons:94:16)
2024-03-28 09:14:51.110 [error] Error: write EPROTO C05753A8637F0000:error:0A00010B:SSL routines:ssl3_get_record:wrong version number:../deps/openssl/openssl/ssl/record/ssl3_record.c:355:

	at WriteWrap.onWriteComplete [as oncomplete] (node:internal/stream_base_commons:94:16)
2024-03-28 09:14:54.651 [error] Error: write EPROTO C05753A8637F0000:error:0A00010B:SSL routines:ssl3_get_record:wrong version number:../deps/openssl/openssl/ssl/record/ssl3_record.c:355:

	at WriteWrap.onWriteComplete [as oncomplete] (node:internal/stream_base_commons:94:16)
2024-03-28 12:15:19.623 [error] Error: write EPROTO C05753A8637F0000:error:0A00010B:SSL routines:ssl3_get_record:wrong version number:../deps/openssl/openssl/ssl/record/ssl3_record.c:355:

	at WriteWrap.onWriteComplete [as oncomplete] (node:internal/stream_base_commons:94:16)
2024-03-28 12:15:23.086 [error] Error: write EPROTO C05753A8637F0000:error:0A00010B:SSL routines:ssl3_get_record:wrong version number:../deps/openssl/openssl/ssl/record/ssl3_record.c:355:

	at WriteWrap.onWriteComplete [as oncomplete] (node:internal/stream_base_commons:94:16)
2024-03-28 13:22:43.240 [error] Error: write EPROTO C05753A8637F0000:error:0A00010B:SSL routines:ssl3_get_record:wrong version number:../deps/openssl/openssl/ssl/record/ssl3_record.c:355:

	at WriteWrap.onWriteComplete [as oncomplete] (node:internal/stream_base_commons:94:16)
2024-03-28 13:22:46.050 [error] Error: write EPROTO C05753A8637F0000:error:0A00010B:SSL routines:ssl3_get_record:wrong version number:../deps/openssl/openssl/ssl/record/ssl3_record.c:355:

	at WriteWrap.onWriteComplete [as oncomplete] (node:internal/stream_base_commons:94:16)
2024-03-28 13:23:10.576 [error] Error: write EPROTO C05753A8637F0000:error:0A00010B:SSL routines:ssl3_get_record:wrong version number:../deps/openssl/openssl/ssl/record/ssl3_record.c:355:

	at WriteWrap.onWriteComplete [as oncomplete] (node:internal/stream_base_commons:94:16)
2024-03-28 13:23:13.515 [error] Error: write EPROTO C05753A8637F0000:error:0A00010B:SSL routines:ssl3_get_record:wrong version number:../deps/openssl/openssl/ssl/record/ssl3_record.c:355:

	at WriteWrap.onWriteComplete [as oncomplete] (node:internal/stream_base_commons:94:16)
2024-03-28 14:32:26.931 [error] Error: write EPROTO C05753A8637F0000:error:0A00010B:SSL routines:ssl3_get_record:wrong version number:../deps/openssl/openssl/ssl/record/ssl3_record.c:355:

	at WriteWrap.onWriteComplete [as oncomplete] (node:internal/stream_base_commons:94:16)
2024-03-28 14:32:30.086 [error] Error: write EPROTO C05753A8637F0000:error:0A00010B:SSL routines:ssl3_get_record:wrong version number:../deps/openssl/openssl/ssl/record/ssl3_record.c:355:

	at WriteWrap.onWriteComplete [as oncomplete] (node:internal/stream_base_commons:94:16)
2024-03-28 18:45:16.004 [error] Error: write EPROTO C05753A8637F0000:error:0A00010B:SSL routines:ssl3_get_record:wrong version number:../deps/openssl/openssl/ssl/record/ssl3_record.c:355:

	at WriteWrap.onWriteComplete [as oncomplete] (node:internal/stream_base_commons:94:16)
2024-03-28 18:45:18.483 [error] Error: write EPROTO C05753A8637F0000:error:0A00010B:SSL routines:ssl3_get_record:wrong version number:../deps/openssl/openssl/ssl/record/ssl3_record.c:355:

	at WriteWrap.onWriteComplete [as oncomplete] (node:internal/stream_base_commons:94:16)
2024-03-29 09:31:25.417 [error] Error: write EPROTO C05753A8637F0000:error:0A00010B:SSL routines:ssl3_get_record:wrong version number:../deps/openssl/openssl/ssl/record/ssl3_record.c:355:

	at WriteWrap.onWriteComplete [as oncomplete] (node:internal/stream_base_commons:94:16)
2024-03-29 09:31:28.352 [error] Error: write EPROTO C05753A8637F0000:error:0A00010B:SSL routines:ssl3_get_record:wrong version number:../deps/openssl/openssl/ssl/record/ssl3_record.c:355:

	at WriteWrap.onWriteComplete [as oncomplete] (node:internal/stream_base_commons:94:16)
2024-03-29 10:10:37.494 [error] Error: write EPROTO C05753A8637F0000:error:0A00010B:SSL routines:ssl3_get_record:wrong version number:../deps/openssl/openssl/ssl/record/ssl3_record.c:355:

	at WriteWrap.onWriteComplete [as oncomplete] (node:internal/stream_base_commons:94:16)
2024-03-29 10:10:41.008 [error] Error: write EPROTO C05753A8637F0000:error:0A00010B:SSL routines:ssl3_get_record:wrong version number:../deps/openssl/openssl/ssl/record/ssl3_record.c:355:

	at WriteWrap.onWriteComplete [as oncomplete] (node:internal/stream_base_commons:94:16)
2024-03-29 10:30:53.878 [error] Error: write EPROTO C05753A8637F0000:error:0A00010B:SSL routines:ssl3_get_record:wrong version number:../deps/openssl/openssl/ssl/record/ssl3_record.c:355:

	at WriteWrap.onWriteComplete [as oncomplete] (node:internal/stream_base_commons:94:16)
2024-03-29 10:30:57.170 [error] Error: write EPROTO C05753A8637F0000:error:0A00010B:SSL routines:ssl3_get_record:wrong version number:../deps/openssl/openssl/ssl/record/ssl3_record.c:355:

	at WriteWrap.onWriteComplete [as oncomplete] (node:internal/stream_base_commons:94:16)
2024-03-29 10:33:04.956 [error] Error: write EPROTO C05753A8637F0000:error:0A00010B:SSL routines:ssl3_get_record:wrong version number:../deps/openssl/openssl/ssl/record/ssl3_record.c:355:

	at WriteWrap.onWriteComplete [as oncomplete] (node:internal/stream_base_commons:94:16)
2024-03-29 10:33:08.443 [error] Error: write EPROTO C05753A8637F0000:error:0A00010B:SSL routines:ssl3_get_record:wrong version number:../deps/openssl/openssl/ssl/record/ssl3_record.c:355:

	at WriteWrap.onWriteComplete [as oncomplete] (node:internal/stream_base_commons:94:16)
2024-03-29 10:33:20.034 [error] Error: write EPROTO C05753A8637F0000:error:0A00010B:SSL routines:ssl3_get_record:wrong version number:../deps/openssl/openssl/ssl/record/ssl3_record.c:355:

	at WriteWrap.onWriteComplete [as oncomplete] (node:internal/stream_base_commons:94:16)
2024-03-29 10:33:23.329 [error] Error: write EPROTO C05753A8637F0000:error:0A00010B:SSL routines:ssl3_get_record:wrong version number:../deps/openssl/openssl/ssl/record/ssl3_record.c:355:

	at WriteWrap.onWriteComplete [as oncomplete] (node:internal/stream_base_commons:94:16)
2024-03-29 10:38:26.438 [error] Error: write EPROTO C05753A8637F0000:error:0A00010B:SSL routines:ssl3_get_record:wrong version number:../deps/openssl/openssl/ssl/record/ssl3_record.c:355:

	at WriteWrap.onWriteComplete [as oncomplete] (node:internal/stream_base_commons:94:16)
2024-03-29 10:38:29.849 [error] Error: write EPROTO C05753A8637F0000:error:0A00010B:SSL routines:ssl3_get_record:wrong version number:../deps/openssl/openssl/ssl/record/ssl3_record.c:355:

	at WriteWrap.onWriteComplete [as oncomplete] (node:internal/stream_base_commons:94:16)
2024-04-01 09:42:03.958 [error] Error: write EPROTO C05753A8637F0000:error:0A00010B:SSL routines:ssl3_get_record:wrong version number:../deps/openssl/openssl/ssl/record/ssl3_record.c:355:

	at WriteWrap.onWriteComplete [as oncomplete] (node:internal/stream_base_commons:94:16)
2024-04-01 09:42:10.962 [error] Error: write EPROTO C05753A8637F0000:error:0A00010B:SSL routines:ssl3_get_record:wrong version number:../deps/openssl/openssl/ssl/record/ssl3_record.c:355:

	at WriteWrap.onWriteComplete [as oncomplete] (node:internal/stream_base_commons:94:16)
2024-04-01 10:08:43.994 [error] Error: write EPROTO C05753A8637F0000:error:0A00010B:SSL routines:ssl3_get_record:wrong version number:../deps/openssl/openssl/ssl/record/ssl3_record.c:355:

	at WriteWrap.onWriteComplete [as oncomplete] (node:internal/stream_base_commons:94:16)
2024-04-01 10:08:47.449 [error] Error: write EPROTO C05753A8637F0000:error:0A00010B:SSL routines:ssl3_get_record:wrong version number:../deps/openssl/openssl/ssl/record/ssl3_record.c:355:

	at WriteWrap.onWriteComplete [as oncomplete] (node:internal/stream_base_commons:94:16)
2024-04-01 10:14:16.857 [error] Error: write EPROTO C05753A8637F0000:error:0A00010B:SSL routines:ssl3_get_record:wrong version number:../deps/openssl/openssl/ssl/record/ssl3_record.c:355:

	at WriteWrap.onWriteComplete [as oncomplete] (node:internal/stream_base_commons:94:16)
2024-04-01 10:14:19.347 [error] Error: write EPROTO C05753A8637F0000:error:0A00010B:SSL routines:ssl3_get_record:wrong version number:../deps/openssl/openssl/ssl/record/ssl3_record.c:355:

	at WriteWrap.onWriteComplete [as oncomplete] (node:internal/stream_base_commons:94:16)
2024-04-01 10:21:34.518 [error] Error: write EPROTO C05753A8637F0000:error:0A00010B:SSL routines:ssl3_get_record:wrong version number:../deps/openssl/openssl/ssl/record/ssl3_record.c:355:

	at WriteWrap.onWriteComplete [as oncomplete] (node:internal/stream_base_commons:94:16)
2024-04-01 10:21:38.064 [error] Error: write EPROTO C05753A8637F0000:error:0A00010B:SSL routines:ssl3_get_record:wrong version number:../deps/openssl/openssl/ssl/record/ssl3_record.c:355:

	at WriteWrap.onWriteComplete [as oncomplete] (node:internal/stream_base_commons:94:16)
2024-04-01 10:38:15.182 [error] Error: write EPROTO C05753A8637F0000:error:0A00010B:SSL routines:ssl3_get_record:wrong version number:../deps/openssl/openssl/ssl/record/ssl3_record.c:355:

	at WriteWrap.onWriteComplete [as oncomplete] (node:internal/stream_base_commons:94:16)
2024-04-01 10:38:18.540 [error] Error: write EPROTO C05753A8637F0000:error:0A00010B:SSL routines:ssl3_get_record:wrong version number:../deps/openssl/openssl/ssl/record/ssl3_record.c:355:

	at WriteWrap.onWriteComplete [as oncomplete] (node:internal/stream_base_commons:94:16)
2024-04-01 16:30:14.429 [error] Error: write EPROTO C05753A8637F0000:error:0A00010B:SSL routines:ssl3_get_record:wrong version number:../deps/openssl/openssl/ssl/record/ssl3_record.c:355:

	at WriteWrap.onWriteComplete [as oncomplete] (node:internal/stream_base_commons:94:16)
2024-04-01 16:30:18.616 [error] Error: write EPROTO C05753A8637F0000:error:0A00010B:SSL routines:ssl3_get_record:wrong version number:../deps/openssl/openssl/ssl/record/ssl3_record.c:355:

	at WriteWrap.onWriteComplete [as oncomplete] (node:internal/stream_base_commons:94:16)
2024-04-03 10:27:58.446 [error] Error: write EPROTO C05753A8637F0000:error:0A00010B:SSL routines:ssl3_get_record:wrong version number:../deps/openssl/openssl/ssl/record/ssl3_record.c:355:

	at WriteWrap.onWriteComplete [as oncomplete] (node:internal/stream_base_commons:94:16)
2024-04-03 10:33:01.907 [error] Error: write EPROTO C05753A8637F0000:error:0A00010B:SSL routines:ssl3_get_record:wrong version number:../deps/openssl/openssl/ssl/record/ssl3_record.c:355:

	at WriteWrap.onWriteComplete [as oncomplete] (node:internal/stream_base_commons:94:16)
2024-04-03 10:33:04.413 [error] Error: write EPROTO C05753A8637F0000:error:0A00010B:SSL routines:ssl3_get_record:wrong version number:../deps/openssl/openssl/ssl/record/ssl3_record.c:355:

	at WriteWrap.onWriteComplete [as oncomplete] (node:internal/stream_base_commons:94:16)
2024-04-03 12:26:29.773 [error] Error: write EPROTO C05753A8637F0000:error:0A00010B:SSL routines:ssl3_get_record:wrong version number:../deps/openssl/openssl/ssl/record/ssl3_record.c:355:

	at WriteWrap.onWriteComplete [as oncomplete] (node:internal/stream_base_commons:94:16)
2024-04-03 12:26:32.748 [error] Error: write EPROTO C05753A8637F0000:error:0A00010B:SSL routines:ssl3_get_record:wrong version number:../deps/openssl/openssl/ssl/record/ssl3_record.c:355:

	at WriteWrap.onWriteComplete [as oncomplete] (node:internal/stream_base_commons:94:16)
2024-04-03 13:11:05.472 [error] Error: write EPROTO C05753A8637F0000:error:0A00010B:SSL routines:ssl3_get_record:wrong version number:../deps/openssl/openssl/ssl/record/ssl3_record.c:355:

	at WriteWrap.onWriteComplete [as oncomplete] (node:internal/stream_base_commons:94:16)
2024-04-03 13:11:08.249 [error] Error: write EPROTO C05753A8637F0000:error:0A00010B:SSL routines:ssl3_get_record:wrong version number:../deps/openssl/openssl/ssl/record/ssl3_record.c:355:

	at WriteWrap.onWriteComplete [as oncomplete] (node:internal/stream_base_commons:94:16)
2024-04-03 13:38:01.554 [error] Error: write EPROTO C05753A8637F0000:error:0A00010B:SSL routines:ssl3_get_record:wrong version number:../deps/openssl/openssl/ssl/record/ssl3_record.c:355:

	at WriteWrap.onWriteComplete [as oncomplete] (node:internal/stream_base_commons:94:16)
2024-04-03 13:38:04.511 [error] Error: write EPROTO C05753A8637F0000:error:0A00010B:SSL routines:ssl3_get_record:wrong version number:../deps/openssl/openssl/ssl/record/ssl3_record.c:355:

	at WriteWrap.onWriteComplete [as oncomplete] (node:internal/stream_base_commons:94:16)
2024-04-03 15:58:35.777 [error] Error: write EPROTO C05753A8637F0000:error:0A00010B:SSL routines:ssl3_get_record:wrong version number:../deps/openssl/openssl/ssl/record/ssl3_record.c:355:

	at WriteWrap.onWriteComplete [as oncomplete] (node:internal/stream_base_commons:94:16)
2024-04-03 15:58:38.332 [error] Error: write EPROTO C05753A8637F0000:error:0A00010B:SSL routines:ssl3_get_record:wrong version number:../deps/openssl/openssl/ssl/record/ssl3_record.c:355:

	at WriteWrap.onWriteComplete [as oncomplete] (node:internal/stream_base_commons:94:16)
2024-04-03 16:23:15.141 [error] Error: write EPROTO C05753A8637F0000:error:0A00010B:SSL routines:ssl3_get_record:wrong version number:../deps/openssl/openssl/ssl/record/ssl3_record.c:355:

	at WriteWrap.onWriteComplete [as oncomplete] (node:internal/stream_base_commons:94:16)
2024-04-03 17:42:09.493 [error] Error: write EPROTO C05753A8637F0000:error:0A00010B:SSL routines:ssl3_get_record:wrong version number:../deps/openssl/openssl/ssl/record/ssl3_record.c:355:

	at WriteWrap.onWriteComplete [as oncomplete] (node:internal/stream_base_commons:94:16)
2024-04-03 17:42:12.907 [error] Error: write EPROTO C05753A8637F0000:error:0A00010B:SSL routines:ssl3_get_record:wrong version number:../deps/openssl/openssl/ssl/record/ssl3_record.c:355:

	at WriteWrap.onWriteComplete [as oncomplete] (node:internal/stream_base_commons:94:16)
2024-04-03 17:42:39.958 [error] Error: write EPROTO C05753A8637F0000:error:0A00010B:SSL routines:ssl3_get_record:wrong version number:../deps/openssl/openssl/ssl/record/ssl3_record.c:355:

	at WriteWrap.onWriteComplete [as oncomplete] (node:internal/stream_base_commons:94:16)
2024-04-03 17:42:43.092 [error] Error: write EPROTO C05753A8637F0000:error:0A00010B:SSL routines:ssl3_get_record:wrong version number:../deps/openssl/openssl/ssl/record/ssl3_record.c:355:

	at WriteWrap.onWriteComplete [as oncomplete] (node:internal/stream_base_commons:94:16)
2024-04-03 17:53:48.998 [error] Error: write EPROTO C05753A8637F0000:error:0A00010B:SSL routines:ssl3_get_record:wrong version number:../deps/openssl/openssl/ssl/record/ssl3_record.c:355:

	at WriteWrap.onWriteComplete [as oncomplete] (node:internal/stream_base_commons:94:16)
2024-04-03 17:53:52.480 [error] Error: write EPROTO C05753A8637F0000:error:0A00010B:SSL routines:ssl3_get_record:wrong version number:../deps/openssl/openssl/ssl/record/ssl3_record.c:355:

	at WriteWrap.onWriteComplete [as oncomplete] (node:internal/stream_base_commons:94:16)
2024-04-04 17:24:49.504 [error] Error: write EPROTO C05753A8637F0000:error:0A00010B:SSL routines:ssl3_get_record:wrong version number:../deps/openssl/openssl/ssl/record/ssl3_record.c:355:

	at WriteWrap.onWriteComplete [as oncomplete] (node:internal/stream_base_commons:94:16)
2024-04-04 17:24:52.303 [error] Error: write EPROTO C05753A8637F0000:error:0A00010B:SSL routines:ssl3_get_record:wrong version number:../deps/openssl/openssl/ssl/record/ssl3_record.c:355:

	at WriteWrap.onWriteComplete [as oncomplete] (node:internal/stream_base_commons:94:16)
2024-04-04 17:56:02.536 [error] Error: write EPROTO C05753A8637F0000:error:0A00010B:SSL routines:ssl3_get_record:wrong version number:../deps/openssl/openssl/ssl/record/ssl3_record.c:355:

	at WriteWrap.onWriteComplete [as oncomplete] (node:internal/stream_base_commons:94:16)
2024-04-05 11:33:11.222 [error] Error: write EPROTO C05753A8637F0000:error:0A00010B:SSL routines:ssl3_get_record:wrong version number:../deps/openssl/openssl/ssl/record/ssl3_record.c:355:

	at WriteWrap.onWriteComplete [as oncomplete] (node:internal/stream_base_commons:94:16)
2024-04-05 11:33:13.910 [error] Error: write EPROTO C05753A8637F0000:error:0A00010B:SSL routines:ssl3_get_record:wrong version number:../deps/openssl/openssl/ssl/record/ssl3_record.c:355:

	at WriteWrap.onWriteComplete [as oncomplete] (node:internal/stream_base_commons:94:16)
2024-04-05 11:38:34.297 [error] Error: write EPROTO C05753A8637F0000:error:0A00010B:SSL routines:ssl3_get_record:wrong version number:../deps/openssl/openssl/ssl/record/ssl3_record.c:355:

	at WriteWrap.onWriteComplete [as oncomplete] (node:internal/stream_base_commons:94:16)
2024-04-05 11:38:37.671 [error] Error: write EPROTO C05753A8637F0000:error:0A00010B:SSL routines:ssl3_get_record:wrong version number:../deps/openssl/openssl/ssl/record/ssl3_record.c:355:

	at WriteWrap.onWriteComplete [as oncomplete] (node:internal/stream_base_commons:94:16)
2024-04-05 15:29:46.716 [error] Error: write EPROTO C05753A8637F0000:error:0A00010B:SSL routines:ssl3_get_record:wrong version number:../deps/openssl/openssl/ssl/record/ssl3_record.c:355:

	at WriteWrap.onWriteComplete [as oncomplete] (node:internal/stream_base_commons:94:16)
2024-04-05 15:29:49.870 [error] Error: write EPROTO C05753A8637F0000:error:0A00010B:SSL routines:ssl3_get_record:wrong version number:../deps/openssl/openssl/ssl/record/ssl3_record.c:355:

	at WriteWrap.onWriteComplete [as oncomplete] (node:internal/stream_base_commons:94:16)
2024-04-05 16:25:42.915 [error] Error: write EPROTO C05753A8637F0000:error:0A00010B:SSL routines:ssl3_get_record:wrong version number:../deps/openssl/openssl/ssl/record/ssl3_record.c:355:

	at WriteWrap.onWriteComplete [as oncomplete] (node:internal/stream_base_commons:94:16)
2024-04-05 16:25:45.957 [error] Error: write EPROTO C05753A8637F0000:error:0A00010B:SSL routines:ssl3_get_record:wrong version number:../deps/openssl/openssl/ssl/record/ssl3_record.c:355:

	at WriteWrap.onWriteComplete [as oncomplete] (node:internal/stream_base_commons:94:16)
2024-04-08 09:12:48.481 [error] Error: write EPROTO C05753A8637F0000:error:0A00010B:SSL routines:ssl3_get_record:wrong version number:../deps/openssl/openssl/ssl/record/ssl3_record.c:355:

	at WriteWrap.onWriteComplete [as oncomplete] (node:internal/stream_base_commons:94:16)
2024-04-08 09:12:51.726 [error] Error: write EPROTO C05753A8637F0000:error:0A00010B:SSL routines:ssl3_get_record:wrong version number:../deps/openssl/openssl/ssl/record/ssl3_record.c:355:

	at WriteWrap.onWriteComplete [as oncomplete] (node:internal/stream_base_commons:94:16)
2024-04-08 09:48:15.069 [error] Error: write EPROTO C05753A8637F0000:error:0A00010B:SSL routines:ssl3_get_record:wrong version number:../deps/openssl/openssl/ssl/record/ssl3_record.c:355:

	at WriteWrap.onWriteComplete [as oncomplete] (node:internal/stream_base_commons:94:16)
2024-04-08 09:48:17.641 [error] Error: write EPROTO C05753A8637F0000:error:0A00010B:SSL routines:ssl3_get_record:wrong version number:../deps/openssl/openssl/ssl/record/ssl3_record.c:355:

	at WriteWrap.onWriteComplete [as oncomplete] (node:internal/stream_base_commons:94:16)
2024-04-08 11:32:23.629 [error] Error: write EPROTO C05753A8637F0000:error:0A00010B:SSL routines:ssl3_get_record:wrong version number:../deps/openssl/openssl/ssl/record/ssl3_record.c:355:

	at WriteWrap.onWriteComplete [as oncomplete] (node:internal/stream_base_commons:94:16)
2024-04-08 11:32:26.204 [error] Error: write EPROTO C05753A8637F0000:error:0A00010B:SSL routines:ssl3_get_record:wrong version number:../deps/openssl/openssl/ssl/record/ssl3_record.c:355:

	at WriteWrap.onWriteComplete [as oncomplete] (node:internal/stream_base_commons:94:16)
2024-04-09 11:11:06.173 [error] Error: write EPROTO C05753A8637F0000:error:0A00010B:SSL routines:ssl3_get_record:wrong version number:../deps/openssl/openssl/ssl/record/ssl3_record.c:355:

	at WriteWrap.onWriteComplete [as oncomplete] (node:internal/stream_base_commons:94:16)
2024-04-09 11:11:09.004 [error] Error: write EPROTO C05753A8637F0000:error:0A00010B:SSL routines:ssl3_get_record:wrong version number:../deps/openssl/openssl/ssl/record/ssl3_record.c:355:

	at WriteWrap.onWriteComplete [as oncomplete] (node:internal/stream_base_commons:94:16)
2024-04-09 11:39:28.471 [error] Error: write EPROTO C05753A8637F0000:error:0A00010B:SSL routines:ssl3_get_record:wrong version number:../deps/openssl/openssl/ssl/record/ssl3_record.c:355:

	at WriteWrap.onWriteComplete [as oncomplete] (node:internal/stream_base_commons:94:16)
2024-04-09 11:39:31.885 [error] Error: write EPROTO C05753A8637F0000:error:0A00010B:SSL routines:ssl3_get_record:wrong version number:../deps/openssl/openssl/ssl/record/ssl3_record.c:355:

	at WriteWrap.onWriteComplete [as oncomplete] (node:internal/stream_base_commons:94:16)
2024-04-10 10:18:16.249 [error] Error: write EPROTO C05753A8637F0000:error:0A00010B:SSL routines:ssl3_get_record:wrong version number:../deps/openssl/openssl/ssl/record/ssl3_record.c:355:

	at WriteWrap.onWriteComplete [as oncomplete] (node:internal/stream_base_commons:94:16)
2024-04-10 10:18:19.630 [error] Error: write EPROTO C05753A8637F0000:error:0A00010B:SSL routines:ssl3_get_record:wrong version number:../deps/openssl/openssl/ssl/record/ssl3_record.c:355:

	at WriteWrap.onWriteComplete [as oncomplete] (node:internal/stream_base_commons:94:16)
2024-04-10 16:39:34.585 [error] Error: write EPROTO C05753A8637F0000:error:0A00010B:SSL routines:ssl3_get_record:wrong version number:../deps/openssl/openssl/ssl/record/ssl3_record.c:355:

	at WriteWrap.onWriteComplete [as oncomplete] (node:internal/stream_base_commons:94:16)
2024-04-10 16:39:37.978 [error] Error: write EPROTO C05753A8637F0000:error:0A00010B:SSL routines:ssl3_get_record:wrong version number:../deps/openssl/openssl/ssl/record/ssl3_record.c:355:

	at WriteWrap.onWriteComplete [as oncomplete] (node:internal/stream_base_commons:94:16)
2024-04-11 09:42:24.876 [error] Error: write EPROTO C05753A8637F0000:error:0A00010B:SSL routines:ssl3_get_record:wrong version number:../deps/openssl/openssl/ssl/record/ssl3_record.c:355:

	at WriteWrap.onWriteComplete [as oncomplete] (node:internal/stream_base_commons:94:16)
2024-04-11 09:42:28.410 [error] Error: write EPROTO C05753A8637F0000:error:0A00010B:SSL routines:ssl3_get_record:wrong version number:../deps/openssl/openssl/ssl/record/ssl3_record.c:355:

	at WriteWrap.onWriteComplete [as oncomplete] (node:internal/stream_base_commons:94:16)
2024-04-11 09:45:57.596 [error] Error: write EPROTO C05753A8637F0000:error:0A00010B:SSL routines:ssl3_get_record:wrong version number:../deps/openssl/openssl/ssl/record/ssl3_record.c:355:

	at WriteWrap.onWriteComplete [as oncomplete] (node:internal/stream_base_commons:94:16)
2024-04-11 09:46:00.238 [error] Error: write EPROTO C05753A8637F0000:error:0A00010B:SSL routines:ssl3_get_record:wrong version number:../deps/openssl/openssl/ssl/record/ssl3_record.c:355:

	at WriteWrap.onWriteComplete [as oncomplete] (node:internal/stream_base_commons:94:16)
2024-04-11 14:31:34.138 [error] Error: write EPROTO C05753A8637F0000:error:0A00010B:SSL routines:ssl3_get_record:wrong version number:../deps/openssl/openssl/ssl/record/ssl3_record.c:355:

	at WriteWrap.onWriteComplete [as oncomplete] (node:internal/stream_base_commons:94:16)
2024-04-11 14:31:36.842 [error] Error: write EPROTO C05753A8637F0000:error:0A00010B:SSL routines:ssl3_get_record:wrong version number:../deps/openssl/openssl/ssl/record/ssl3_record.c:355:

	at WriteWrap.onWriteComplete [as oncomplete] (node:internal/stream_base_commons:94:16)
2024-04-11 14:31:43.485 [error] Error: write EPROTO C05753A8637F0000:error:0A00010B:SSL routines:ssl3_get_record:wrong version number:../deps/openssl/openssl/ssl/record/ssl3_record.c:355:

	at WriteWrap.onWriteComplete [as oncomplete] (node:internal/stream_base_commons:94:16)
2024-04-11 14:31:45.931 [error] Error: write EPROTO C05753A8637F0000:error:0A00010B:SSL routines:ssl3_get_record:wrong version number:../deps/openssl/openssl/ssl/record/ssl3_record.c:355:

	at WriteWrap.onWriteComplete [as oncomplete] (node:internal/stream_base_commons:94:16)
