2024-03-21 09:25:23.487 [error] [RPC Response] PtyService#updateTitle Could not find pty on pty host
2024-03-21 09:25:23.849 [warning] Shell integration cannot be enabled for executable "/bin/sh" and args ["-c","wget --version > /dev/null\nif [ $? -eq 0 ]\nthen\n\twget --connect-timeout=7 --tries=1 --dns-timeout=7 -q --header='Metadata:true' -O - http://169.254.169.254/metadata/instance?api-version=2019-03-11\nelse\n\tcurl --version > /dev/null\n\tif [ $? -eq 0 ]\n\tthen\n\t\tcurl --connect-timeout 7 -s --header='Metadata:true' http://169.254.169.254/metadata/instance?api-version=2019-03-11\n\tfi\nfi\nexit 0"]
2024-03-21 09:25:23.884 [warning] Shell integration cannot be enabled for executable "/bin/sh" and args ["-c","wget --version > /dev/null\nif [ $? -eq 0 ]\nthen\n\twget --connect-timeout=7 --tries=1 --dns-timeout=7 -q  -O - http://169.254.169.254/latest/meta-data/instance-id\nelse\n\tcurl --version > /dev/null\n\tif [ $? -eq 0 ]\n\tthen\n\t\tcurl --connect-timeout 7 -s  http://169.254.169.254/latest/meta-data/instance-id\n\tfi\nfi\nexit 0"]
2024-03-21 09:25:23.888 [warning] Shell integration cannot be enabled for executable "/bin/sh" and args ["-c","wget --version > /dev/null\nif [ $? -eq 0 ]\nthen\n\twget --connect-timeout=7 --tries=1 --dns-timeout=7 -q  -O - http://169.254.169.254/metadata/v1/id\nelse\n\tcurl --version > /dev/null\n\tif [ $? -eq 0 ]\n\tthen\n\t\tcurl --connect-timeout 7 -s  http://169.254.169.254/metadata/v1/id\n\tfi\nfi\nexit 0"]
2024-03-21 09:25:23.936 [warning] Shell integration cannot be enabled for executable "/bin/sh" and args ["-c","wget --version > /dev/null\nif [ $? -eq 0 ]\nthen\n\twget --connect-timeout=7 --tries=1 --dns-timeout=7 -q --header='Metadata-Flavor:Google' -O - http://metadata.google.internal/computeMetadata/v1/instance/id\nelse\n\tcurl --version > /dev/null\n\tif [ $? -eq 0 ]\n\tthen\n\t\tcurl --connect-timeout 7 -s --header='Metadata-Flavor:Google' http://metadata.google.internal/computeMetadata/v1/instance/id\n\tfi\nfi\nexit 0"]
2024-03-21 09:25:36.333 [warning] Shell integration cannot be enabled for executable "/bin/sh" and args ["-c","wget --version > /dev/null\nif [ $? -eq 0 ]\nthen\n\twget --connect-timeout=7 --tries=1 --dns-timeout=7 -q --header='Metadata:true' -O - http://169.254.169.254/metadata/instance?api-version=2019-03-11\nelse\n\tcurl --version > /dev/null\n\tif [ $? -eq 0 ]\n\tthen\n\t\tcurl --connect-timeout 7 -s --header='Metadata:true' http://169.254.169.254/metadata/instance?api-version=2019-03-11\n\tfi\nfi\nexit 0"]
2024-03-21 09:25:36.341 [warning] Shell integration cannot be enabled for executable "/bin/sh" and args ["-c","wget --version > /dev/null\nif [ $? -eq 0 ]\nthen\n\twget --connect-timeout=7 --tries=1 --dns-timeout=7 -q  -O - http://169.254.169.254/latest/meta-data/instance-id\nelse\n\tcurl --version > /dev/null\n\tif [ $? -eq 0 ]\n\tthen\n\t\tcurl --connect-timeout 7 -s  http://169.254.169.254/latest/meta-data/instance-id\n\tfi\nfi\nexit 0"]
2024-03-21 09:25:36.366 [warning] Shell integration cannot be enabled for executable "/bin/sh" and args ["-c","wget --version > /dev/null\nif [ $? -eq 0 ]\nthen\n\twget --connect-timeout=7 --tries=1 --dns-timeout=7 -q  -O - http://169.254.169.254/metadata/v1/id\nelse\n\tcurl --version > /dev/null\n\tif [ $? -eq 0 ]\n\tthen\n\t\tcurl --connect-timeout 7 -s  http://169.254.169.254/metadata/v1/id\n\tfi\nfi\nexit 0"]
2024-03-21 09:25:36.370 [warning] Shell integration cannot be enabled for executable "/bin/sh" and args ["-c","wget --version > /dev/null\nif [ $? -eq 0 ]\nthen\n\twget --connect-timeout=7 --tries=1 --dns-timeout=7 -q --header='Metadata-Flavor:Google' -O - http://metadata.google.internal/computeMetadata/v1/instance/id\nelse\n\tcurl --version > /dev/null\n\tif [ $? -eq 0 ]\n\tthen\n\t\tcurl --connect-timeout 7 -s --header='Metadata-Flavor:Google' http://metadata.google.internal/computeMetadata/v1/instance/id\n\tfi\nfi\nexit 0"]
2024-03-21 19:11:43.513 [error] [RPC Response] PtyService#updateIcon Could not find pty on pty host
2024-03-21 19:11:43.514 [error] [RPC Response] PtyService#updateTitle Could not find pty on pty host
2024-03-21 19:11:43.514 [error] [RPC Response] PtyService#updateTitle Could not find pty on pty host
2024-03-21 19:11:43.514 [error] [RPC Response] PtyService#updateIcon Could not find pty on pty host
2024-03-21 19:11:43.514 [error] [RPC Response] PtyService#updateTitle Could not find pty on pty host
2024-03-21 19:43:18.460 [error] [RPC Response] PtyService#updateIcon Could not find pty on pty host
2024-03-21 19:43:18.460 [error] [RPC Response] PtyService#updateTitle Could not find pty on pty host
2024-03-21 19:43:18.460 [error] [RPC Response] PtyService#updateTitle Could not find pty on pty host
2024-03-21 19:43:18.493 [error] [RPC Response] PtyService#updateTitle Could not find pty on pty host
2024-03-21 20:26:17.985 [error] [RPC Response] PtyService#updateIcon Could not find pty on pty host
2024-03-21 20:26:17.985 [error] [RPC Response] PtyService#updateTitle Could not find pty on pty host
2024-03-21 20:26:17.986 [error] [RPC Response] PtyService#updateTitle Could not find pty on pty host
2024-03-21 20:26:17.986 [error] [RPC Response] PtyService#updateTitle Could not find pty on pty host
2024-03-21 20:26:17.986 [error] [RPC Response] PtyService#updateIcon Could not find pty on pty host
2024-03-21 20:26:17.986 [error] [RPC Response] PtyService#updateTitle Could not find pty on pty host
2024-03-21 21:08:28.468 [error] [RPC Response] PtyService#updateIcon Could not find pty on pty host
2024-03-21 21:08:28.469 [error] [RPC Response] PtyService#updateTitle Could not find pty on pty host
2024-03-21 21:08:28.469 [error] [RPC Response] PtyService#updateTitle Could not find pty on pty host
2024-03-21 21:08:29.062 [error] [RPC Response] PtyService#updateTitle Could not find pty on pty host
2024-03-21 21:42:20.501 [error] [RPC Response] PtyService#updateIcon Could not find pty on pty host
2024-03-21 21:42:20.501 [error] [RPC Response] PtyService#updateTitle Could not find pty on pty host
2024-03-21 21:42:20.501 [error] [RPC Response] PtyService#updateTitle Could not find pty on pty host
2024-03-21 21:42:21.843 [error] [RPC Response] PtyService#updateTitle Could not find pty on pty host
2024-03-21 22:22:11.524 [error] [RPC Response] PtyService#updateIcon Could not find pty on pty host
2024-03-21 22:22:11.524 [error] [RPC Response] PtyService#updateTitle Could not find pty on pty host
2024-03-21 22:22:11.525 [error] [RPC Response] PtyService#updateTitle Could not find pty on pty host
2024-03-21 22:22:12.259 [error] [RPC Response] PtyService#updateTitle Could not find pty on pty host
2024-03-22 00:56:23.463 [error] [RPC Response] PtyService#updateIcon Could not find pty on pty host
2024-03-22 00:56:23.463 [error] [RPC Response] PtyService#updateTitle Could not find pty on pty host
2024-03-22 00:56:23.769 [error] [RPC Response] PtyService#updateTitle Could not find pty on pty host
2024-03-22 01:28:34.434 [error] [RPC Response] PtyService#updateIcon Could not find pty on pty host
2024-03-22 01:28:34.435 [error] [RPC Response] PtyService#updateTitle Could not find pty on pty host
2024-03-22 01:28:34.435 [error] [RPC Response] PtyService#updateTitle Could not find pty on pty host
2024-03-22 01:28:34.435 [error] [RPC Response] PtyService#updateTitle Could not find pty on pty host
2024-03-22 01:59:27.475 [error] [RPC Response] PtyService#updateIcon Could not find pty on pty host
2024-03-22 01:59:27.475 [error] [RPC Response] PtyService#updateTitle Could not find pty on pty host
2024-03-22 01:59:28.185 [error] [RPC Response] PtyService#updateTitle Could not find pty on pty host
2024-03-22 02:30:23.186 [error] [RPC Response] PtyService#updateIcon Could not find pty on pty host
2024-03-22 02:30:23.187 [error] [RPC Response] PtyService#updateTitle Could not find pty on pty host
2024-03-22 02:30:23.187 [error] [RPC Response] PtyService#updateTitle Could not find pty on pty host
2024-03-22 02:30:23.187 [error] [RPC Response] PtyService#updateIcon Could not find pty on pty host
2024-03-22 02:30:23.187 [error] [RPC Response] PtyService#updateTitle Could not find pty on pty host
2024-03-22 03:01:15.325 [error] [RPC Response] PtyService#updateIcon Could not find pty on pty host
2024-03-22 03:01:15.325 [error] [RPC Response] PtyService#updateIcon Could not find pty on pty host
2024-03-22 03:01:15.325 [error] [RPC Response] PtyService#updateTitle Could not find pty on pty host
2024-03-22 03:01:15.325 [error] [RPC Response] PtyService#updateIcon Could not find pty on pty host
2024-03-22 03:01:15.325 [error] [RPC Response] PtyService#updateTitle Could not find pty on pty host
2024-03-22 03:32:06.571 [error] [RPC Response] PtyService#updateIcon Could not find pty on pty host
2024-03-22 03:32:06.571 [error] [RPC Response] PtyService#updateTitle Could not find pty on pty host
2024-03-22 03:32:06.571 [error] [RPC Response] PtyService#updateTitle Could not find pty on pty host
2024-03-22 03:32:06.571 [error] [RPC Response] PtyService#updateTitle Could not find pty on pty host
2024-03-22 03:32:06.571 [error] [RPC Response] PtyService#updateIcon Could not find pty on pty host
2024-03-22 03:32:06.571 [error] [RPC Response] PtyService#updateTitle Could not find pty on pty host
2024-03-22 04:02:54.507 [error] [RPC Response] PtyService#updateIcon Could not find pty on pty host
2024-03-22 04:02:54.507 [error] [RPC Response] PtyService#updateTitle Could not find pty on pty host
2024-03-22 04:02:54.508 [error] [RPC Response] PtyService#updateTitle Could not find pty on pty host
2024-03-22 04:02:54.580 [error] [RPC Response] PtyService#updateTitle Could not find pty on pty host
2024-03-22 04:33:45.205 [error] [RPC Response] PtyService#updateIcon Could not find pty on pty host
2024-03-22 04:33:45.205 [error] [RPC Response] PtyService#updateTitle Could not find pty on pty host
2024-03-22 04:33:45.205 [error] [RPC Response] PtyService#updateTitle Could not find pty on pty host
2024-03-22 04:33:45.841 [error] [RPC Response] PtyService#updateTitle Could not find pty on pty host
2024-03-22 05:04:37.456 [error] [RPC Response] PtyService#updateIcon Could not find pty on pty host
2024-03-22 05:04:37.456 [error] [RPC Response] PtyService#updateTitle Could not find pty on pty host
2024-03-22 05:04:37.456 [error] [RPC Response] PtyService#updateTitle Could not find pty on pty host
2024-03-22 05:04:38.319 [error] [RPC Response] PtyService#updateTitle Could not find pty on pty host
2024-03-22 05:35:35.788 [error] [RPC Response] PtyService#updateIcon Could not find pty on pty host
2024-03-22 05:35:35.788 [error] [RPC Response] PtyService#updateTitle Could not find pty on pty host
2024-03-22 05:35:35.788 [error] [RPC Response] PtyService#updateTitle Could not find pty on pty host
2024-03-22 05:35:35.788 [error] [RPC Response] PtyService#updateTitle Could not find pty on pty host
2024-03-22 05:35:35.788 [error] [RPC Response] PtyService#updateIcon Could not find pty on pty host
2024-03-22 05:35:35.788 [error] [RPC Response] PtyService#updateTitle Could not find pty on pty host
2024-03-22 06:06:23.503 [error] [RPC Response] PtyService#updateIcon Could not find pty on pty host
2024-03-22 06:06:23.503 [error] [RPC Response] PtyService#updateTitle Could not find pty on pty host
2024-03-22 06:06:23.892 [error] [RPC Response] PtyService#updateTitle Could not find pty on pty host
2024-03-22 06:37:17.509 [error] [RPC Response] PtyService#updateIcon Could not find pty on pty host
2024-03-22 06:37:17.509 [error] [RPC Response] PtyService#updateTitle Could not find pty on pty host
2024-03-22 06:37:17.509 [error] [RPC Response] PtyService#updateTitle Could not find pty on pty host
2024-03-22 06:37:17.731 [error] [RPC Response] PtyService#updateTitle Could not find pty on pty host
2024-03-22 07:08:10.574 [error] [RPC Response] PtyService#updateIcon Could not find pty on pty host
2024-03-22 07:08:10.574 [error] [RPC Response] PtyService#updateTitle Could not find pty on pty host
2024-03-22 07:08:10.574 [error] [RPC Response] PtyService#updateTitle Could not find pty on pty host
2024-03-22 07:08:11.540 [error] [RPC Response] PtyService#updateTitle Could not find pty on pty host
2024-03-22 07:40:23.469 [error] [RPC Response] PtyService#updateIcon Could not find pty on pty host
2024-03-22 07:40:23.469 [error] [RPC Response] PtyService#updateTitle Could not find pty on pty host
2024-03-22 07:40:24.244 [error] [RPC Response] PtyService#updateTitle Could not find pty on pty host
2024-03-22 08:11:20.487 [error] [RPC Response] PtyService#updateIcon Could not find pty on pty host
2024-03-22 08:11:20.487 [error] [RPC Response] PtyService#updateTitle Could not find pty on pty host
2024-03-22 08:11:20.487 [error] [RPC Response] PtyService#updateTitle Could not find pty on pty host
2024-03-22 08:11:20.487 [error] [RPC Response] PtyService#updateTitle Could not find pty on pty host
2024-03-22 08:11:20.488 [error] [RPC Response] PtyService#updateIcon Could not find pty on pty host
2024-03-22 08:11:20.488 [error] [RPC Response] PtyService#updateTitle Could not find pty on pty host
2024-03-22 08:42:08.538 [error] [RPC Response] PtyService#updateIcon Could not find pty on pty host
2024-03-22 08:42:08.539 [error] [RPC Response] PtyService#updateTitle Could not find pty on pty host
2024-03-22 08:42:08.539 [error] [RPC Response] PtyService#updateTitle Could not find pty on pty host
2024-03-22 08:42:08.539 [error] [RPC Response] PtyService#updateTitle Could not find pty on pty host
2024-03-22 09:13:00.487 [error] [RPC Response] PtyService#updateIcon Could not find pty on pty host
2024-03-22 09:13:00.487 [error] [RPC Response] PtyService#updateTitle Could not find pty on pty host
2024-03-22 09:13:00.487 [error] [RPC Response] PtyService#updateTitle Could not find pty on pty host
2024-03-22 13:04:46.550 [error] [RPC Response] PtyService#updateIcon Could not find pty on pty host
2024-03-22 13:04:46.550 [error] [RPC Response] PtyService#updateTitle Could not find pty on pty host
2024-03-22 13:04:46.601 [error] [RPC Response] PtyService#updateTitle Could not find pty on pty host
2024-03-22 18:57:39.577 [error] [RPC Response] PtyService#updateIcon Could not find pty on pty host
2024-03-22 18:57:39.578 [error] [RPC Response] PtyService#updateTitle Could not find pty on pty host
2024-03-22 18:57:39.578 [error] [RPC Response] PtyService#updateTitle Could not find pty on pty host
2024-03-22 18:57:39.578 [error] [RPC Response] PtyService#updateTitle Could not find pty on pty host
2024-03-22 19:38:04.498 [error] [RPC Response] PtyService#updateIcon Could not find pty on pty host
2024-03-22 19:38:04.498 [error] [RPC Response] PtyService#updateTitle Could not find pty on pty host
2024-03-22 19:38:04.498 [error] [RPC Response] PtyService#updateTitle Could not find pty on pty host
2024-03-22 19:38:04.498 [error] [RPC Response] PtyService#updateTitle Could not find pty on pty host
2024-03-22 20:12:19.476 [error] [RPC Response] PtyService#updateIcon Could not find pty on pty host
2024-03-22 20:12:19.476 [error] [RPC Response] PtyService#updateTitle Could not find pty on pty host
2024-03-22 20:12:19.476 [error] [RPC Response] PtyService#updateTitle Could not find pty on pty host
2024-03-22 20:12:19.476 [error] [RPC Response] PtyService#updateTitle Could not find pty on pty host
2024-03-22 20:47:14.490 [error] [RPC Response] PtyService#updateIcon Could not find pty on pty host
2024-03-22 20:47:14.491 [error] [RPC Response] PtyService#updateTitle Could not find pty on pty host
2024-03-22 20:47:14.491 [error] [RPC Response] PtyService#updateTitle Could not find pty on pty host
2024-03-22 20:47:14.491 [error] [RPC Response] PtyService#updateTitle Could not find pty on pty host
2024-03-22 21:26:11.515 [error] [RPC Response] PtyService#updateIcon Could not find pty on pty host
2024-03-22 21:26:11.515 [error] [RPC Response] PtyService#updateTitle Could not find pty on pty host
2024-03-22 21:26:11.515 [error] [RPC Response] PtyService#updateTitle Could not find pty on pty host
2024-03-22 21:26:11.577 [error] [RPC Response] PtyService#updateTitle Could not find pty on pty host
2024-03-22 22:03:48.498 [error] [RPC Response] PtyService#updateIcon Could not find pty on pty host
2024-03-22 22:03:48.498 [error] [RPC Response] PtyService#updateTitle Could not find pty on pty host
2024-03-22 22:03:48.499 [error] [RPC Response] PtyService#updateTitle Could not find pty on pty host
2024-03-22 22:03:48.499 [error] [RPC Response] PtyService#updateTitle Could not find pty on pty host
2024-03-22 22:44:05.505 [error] [RPC Response] PtyService#updateIcon Could not find pty on pty host
2024-03-22 22:44:05.506 [error] [RPC Response] PtyService#updateTitle Could not find pty on pty host
2024-03-22 22:44:05.506 [error] [RPC Response] PtyService#updateTitle Could not find pty on pty host
2024-03-22 22:44:05.848 [error] [RPC Response] PtyService#updateTitle Could not find pty on pty host
2024-03-22 23:20:20.526 [error] [RPC Response] PtyService#updateIcon Could not find pty on pty host
2024-03-22 23:20:20.526 [error] [RPC Response] PtyService#updateTitle Could not find pty on pty host
2024-03-22 23:20:20.526 [error] [RPC Response] PtyService#updateTitle Could not find pty on pty host
2024-03-22 23:20:20.526 [error] [RPC Response] PtyService#updateTitle Could not find pty on pty host
2024-03-23 01:48:04.510 [error] [RPC Response] PtyService#updateIcon Could not find pty on pty host
2024-03-23 01:48:04.510 [error] [RPC Response] PtyService#updateTitle Could not find pty on pty host
2024-03-23 01:48:04.510 [error] [RPC Response] PtyService#updateTitle Could not find pty on pty host
2024-03-23 01:48:04.510 [error] [RPC Response] PtyService#updateTitle Could not find pty on pty host
2024-03-23 02:21:38.592 [error] [RPC Response] PtyService#updateIcon Could not find pty on pty host
2024-03-23 02:21:38.593 [error] [RPC Response] PtyService#updateTitle Could not find pty on pty host
2024-03-23 02:21:38.593 [error] [RPC Response] PtyService#updateTitle Could not find pty on pty host
2024-03-23 02:21:38.593 [error] [RPC Response] PtyService#updateTitle Could not find pty on pty host
2024-03-23 02:55:11.622 [error] [RPC Response] PtyService#updateIcon Could not find pty on pty host
2024-03-23 02:55:11.623 [error] [RPC Response] PtyService#updateTitle Could not find pty on pty host
2024-03-23 02:55:11.623 [error] [RPC Response] PtyService#updateTitle Could not find pty on pty host
2024-03-23 02:55:11.623 [error] [RPC Response] PtyService#updateTitle Could not find pty on pty host
2024-03-23 03:29:20.554 [error] [RPC Response] PtyService#updateIcon Could not find pty on pty host
2024-03-23 03:29:20.554 [error] [RPC Response] PtyService#updateTitle Could not find pty on pty host
2024-03-23 03:29:20.554 [error] [RPC Response] PtyService#updateTitle Could not find pty on pty host
2024-03-23 03:29:20.554 [error] [RPC Response] PtyService#updateTitle Could not find pty on pty host
2024-03-23 04:02:09.634 [error] [RPC Response] PtyService#updateIcon Could not find pty on pty host
2024-03-23 04:02:09.634 [error] [RPC Response] PtyService#updateTitle Could not find pty on pty host
2024-03-23 04:02:09.634 [error] [RPC Response] PtyService#updateTitle Could not find pty on pty host
2024-03-23 04:02:10.301 [error] [RPC Response] PtyService#updateTitle Could not find pty on pty host
2024-03-23 04:41:38.522 [error] [RPC Response] PtyService#updateIcon Could not find pty on pty host
2024-03-23 04:41:38.522 [error] [RPC Response] PtyService#updateTitle Could not find pty on pty host
2024-03-23 04:41:38.523 [error] [RPC Response] PtyService#updateTitle Could not find pty on pty host
2024-03-23 04:41:38.523 [error] [RPC Response] PtyService#updateTitle Could not find pty on pty host
2024-03-23 05:14:36.464 [error] [RPC Response] PtyService#updateIcon Could not find pty on pty host
2024-03-23 05:14:36.464 [error] [RPC Response] PtyService#updateTitle Could not find pty on pty host
2024-03-23 05:14:36.464 [error] [RPC Response] PtyService#updateTitle Could not find pty on pty host
2024-03-23 05:14:36.464 [error] [RPC Response] PtyService#updateTitle Could not find pty on pty host
2024-03-23 05:50:41.515 [error] [RPC Response] PtyService#updateIcon Could not find pty on pty host
2024-03-23 05:50:41.515 [error] [RPC Response] PtyService#updateTitle Could not find pty on pty host
2024-03-23 05:50:41.515 [error] [RPC Response] PtyService#updateTitle Could not find pty on pty host
2024-03-23 05:50:41.515 [error] [RPC Response] PtyService#updateTitle Could not find pty on pty host
2024-03-23 07:56:05.509 [error] [RPC Response] PtyService#updateIcon Could not find pty on pty host
2024-03-23 07:56:05.509 [error] [RPC Response] PtyService#updateTitle Could not find pty on pty host
2024-03-23 07:56:05.509 [error] [RPC Response] PtyService#updateTitle Could not find pty on pty host
2024-03-23 07:56:05.509 [error] [RPC Response] PtyService#updateTitle Could not find pty on pty host
2024-03-23 08:28:18.541 [error] [RPC Response] PtyService#updateIcon Could not find pty on pty host
2024-03-23 08:28:18.541 [error] [RPC Response] PtyService#updateTitle Could not find pty on pty host
2024-03-23 08:28:18.541 [error] [RPC Response] PtyService#updateTitle Could not find pty on pty host
2024-03-23 08:28:18.541 [error] [RPC Response] PtyService#updateTitle Could not find pty on pty host
2024-03-23 08:59:06.507 [error] [RPC Response] PtyService#updateIcon Could not find pty on pty host
2024-03-23 08:59:06.507 [error] [RPC Response] PtyService#updateTitle Could not find pty on pty host
2024-03-23 08:59:06.507 [error] [RPC Response] PtyService#updateTitle Could not find pty on pty host
2024-03-23 08:59:06.507 [error] [RPC Response] PtyService#updateTitle Could not find pty on pty host
2024-03-23 09:39:16.461 [error] [RPC Response] PtyService#updateIcon Could not find pty on pty host
2024-03-23 09:39:16.461 [error] [RPC Response] PtyService#updateTitle Could not find pty on pty host
2024-03-23 09:39:16.462 [error] [RPC Response] PtyService#updateTitle Could not find pty on pty host
2024-03-23 09:39:16.497 [error] [RPC Response] PtyService#updateTitle Could not find pty on pty host
2024-03-23 10:15:35.529 [error] [RPC Response] PtyService#updateIcon Could not find pty on pty host
2024-03-23 10:15:35.529 [error] [RPC Response] PtyService#updateTitle Could not find pty on pty host
2024-03-23 10:15:35.529 [error] [RPC Response] PtyService#updateTitle Could not find pty on pty host
2024-03-23 10:15:35.529 [error] [RPC Response] PtyService#updateTitle Could not find pty on pty host
2024-03-23 10:53:01.545 [error] [RPC Response] PtyService#updateIcon Could not find pty on pty host
2024-03-23 10:53:01.545 [error] [RPC Response] PtyService#updateTitle Could not find pty on pty host
2024-03-23 10:53:01.545 [error] [RPC Response] PtyService#updateTitle Could not find pty on pty host
2024-03-23 10:53:01.545 [error] [RPC Response] PtyService#updateTitle Could not find pty on pty host
2024-03-23 11:23:51.440 [error] [RPC Response] PtyService#updateIcon Could not find pty on pty host
2024-03-23 11:23:51.440 [error] [RPC Response] PtyService#updateTitle Could not find pty on pty host
2024-03-23 11:23:51.440 [error] [RPC Response] PtyService#updateTitle Could not find pty on pty host
2024-03-23 11:23:51.440 [error] [RPC Response] PtyService#updateTitle Could not find pty on pty host
2024-03-23 11:54:29.519 [error] [RPC Response] PtyService#updateIcon Could not find pty on pty host
2024-03-23 11:54:29.519 [error] [RPC Response] PtyService#updateTitle Could not find pty on pty host
2024-03-23 11:54:29.519 [error] [RPC Response] PtyService#updateTitle Could not find pty on pty host
2024-03-23 11:54:29.519 [error] [RPC Response] PtyService#updateTitle Could not find pty on pty host
2024-03-23 12:25:30.508 [error] [RPC Response] PtyService#updateIcon Could not find pty on pty host
2024-03-23 12:25:30.508 [error] [RPC Response] PtyService#updateTitle Could not find pty on pty host
2024-03-23 12:25:30.508 [error] [RPC Response] PtyService#updateTitle Could not find pty on pty host
2024-03-23 12:25:30.508 [error] [RPC Response] PtyService#updateTitle Could not find pty on pty host
2024-03-23 12:56:57.486 [error] [RPC Response] PtyService#updateIcon Could not find pty on pty host
2024-03-23 12:56:57.486 [error] [RPC Response] PtyService#updateTitle Could not find pty on pty host
2024-03-23 12:56:57.486 [error] [RPC Response] PtyService#updateTitle Could not find pty on pty host
2024-03-23 12:56:57.487 [error] [RPC Response] PtyService#updateTitle Could not find pty on pty host
2024-03-23 13:28:38.510 [error] [RPC Response] PtyService#updateIcon Could not find pty on pty host
2024-03-23 13:28:38.510 [error] [RPC Response] PtyService#updateTitle Could not find pty on pty host
2024-03-23 13:28:38.510 [error] [RPC Response] PtyService#updateTitle Could not find pty on pty host
2024-03-23 13:28:39.038 [error] [RPC Response] PtyService#updateTitle Could not find pty on pty host
2024-03-23 13:59:38.504 [error] [RPC Response] PtyService#updateIcon Could not find pty on pty host
2024-03-23 13:59:38.504 [error] [RPC Response] PtyService#updateTitle Could not find pty on pty host
2024-03-23 13:59:38.504 [error] [RPC Response] PtyService#updateTitle Could not find pty on pty host
2024-03-23 13:59:38.504 [error] [RPC Response] PtyService#updateTitle Could not find pty on pty host
2024-03-23 14:31:17.479 [error] [RPC Response] PtyService#updateIcon Could not find pty on pty host
2024-03-23 14:31:17.479 [error] [RPC Response] PtyService#updateTitle Could not find pty on pty host
2024-03-23 14:31:17.479 [error] [RPC Response] PtyService#updateTitle Could not find pty on pty host
2024-03-23 14:31:17.479 [error] [RPC Response] PtyService#updateTitle Could not find pty on pty host
2024-03-23 15:04:57.531 [error] [RPC Response] PtyService#updateIcon Could not find pty on pty host
2024-03-23 15:04:57.532 [error] [RPC Response] PtyService#updateTitle Could not find pty on pty host
2024-03-23 15:04:57.532 [error] [RPC Response] PtyService#updateTitle Could not find pty on pty host
2024-03-23 15:04:57.568 [error] [RPC Response] PtyService#updateTitle Could not find pty on pty host
2024-03-23 15:35:56.525 [error] [RPC Response] PtyService#updateIcon Could not find pty on pty host
2024-03-23 15:35:56.525 [error] [RPC Response] PtyService#updateTitle Could not find pty on pty host
2024-03-23 15:35:56.525 [error] [RPC Response] PtyService#updateTitle Could not find pty on pty host
2024-03-23 15:35:56.525 [error] [RPC Response] PtyService#updateTitle Could not find pty on pty host
2024-03-23 16:06:55.552 [error] [RPC Response] PtyService#updateIcon Could not find pty on pty host
2024-03-23 16:06:55.565 [error] [RPC Response] PtyService#updateTitle Could not find pty on pty host
2024-03-23 16:06:55.565 [error] [RPC Response] PtyService#updateTitle Could not find pty on pty host
2024-03-23 16:06:55.565 [error] [RPC Response] PtyService#updateTitle Could not find pty on pty host
2024-03-23 16:38:34.565 [error] [RPC Response] PtyService#updateIcon Could not find pty on pty host
2024-03-23 16:38:34.565 [error] [RPC Response] PtyService#updateTitle Could not find pty on pty host
2024-03-23 16:38:34.565 [error] [RPC Response] PtyService#updateTitle Could not find pty on pty host
2024-03-23 16:38:34.565 [error] [RPC Response] PtyService#updateTitle Could not find pty on pty host
2024-03-23 17:09:33.572 [error] [RPC Response] PtyService#updateIcon Could not find pty on pty host
2024-03-23 17:09:33.572 [error] [RPC Response] PtyService#updateTitle Could not find pty on pty host
2024-03-23 17:09:33.572 [error] [RPC Response] PtyService#updateTitle Could not find pty on pty host
2024-03-23 17:09:33.572 [error] [RPC Response] PtyService#updateTitle Could not find pty on pty host
2024-03-23 17:41:11.574 [error] [RPC Response] PtyService#updateIcon Could not find pty on pty host
2024-03-23 17:41:11.574 [error] [RPC Response] PtyService#updateTitle Could not find pty on pty host
2024-03-23 17:41:11.574 [error] [RPC Response] PtyService#updateTitle Could not find pty on pty host
2024-03-23 17:41:11.574 [error] [RPC Response] PtyService#updateTitle Could not find pty on pty host
2024-03-23 18:12:10.478 [error] [RPC Response] PtyService#updateIcon Could not find pty on pty host
2024-03-23 18:12:10.478 [error] [RPC Response] PtyService#updateTitle Could not find pty on pty host
2024-03-23 18:12:10.478 [error] [RPC Response] PtyService#updateTitle Could not find pty on pty host
2024-03-23 18:12:10.478 [error] [RPC Response] PtyService#updateTitle Could not find pty on pty host
2024-03-23 18:43:49.518 [error] [RPC Response] PtyService#updateIcon Could not find pty on pty host
2024-03-23 18:43:49.518 [error] [RPC Response] PtyService#updateTitle Could not find pty on pty host
2024-03-23 18:43:49.518 [error] [RPC Response] PtyService#updateTitle Could not find pty on pty host
2024-03-23 18:43:49.518 [error] [RPC Response] PtyService#updateTitle Could not find pty on pty host
2024-03-23 19:15:29.548 [error] [RPC Response] PtyService#updateIcon Could not find pty on pty host
2024-03-23 19:15:29.548 [error] [RPC Response] PtyService#updateTitle Could not find pty on pty host
2024-03-23 19:15:29.548 [error] [RPC Response] PtyService#updateTitle Could not find pty on pty host
2024-03-23 19:15:29.548 [error] [RPC Response] PtyService#updateTitle Could not find pty on pty host
2024-03-23 19:47:08.521 [error] [RPC Response] PtyService#updateIcon Could not find pty on pty host
2024-03-23 19:47:08.521 [error] [RPC Response] PtyService#updateTitle Could not find pty on pty host
2024-03-23 19:47:08.521 [error] [RPC Response] PtyService#updateTitle Could not find pty on pty host
2024-03-23 19:47:08.521 [error] [RPC Response] PtyService#updateTitle Could not find pty on pty host
2024-03-23 20:20:08.505 [error] [RPC Response] PtyService#updateIcon Could not find pty on pty host
2024-03-23 20:20:08.506 [error] [RPC Response] PtyService#updateTitle Could not find pty on pty host
2024-03-23 20:20:08.506 [error] [RPC Response] PtyService#updateTitle Could not find pty on pty host
2024-03-23 20:20:08.506 [error] [RPC Response] PtyService#updateTitle Could not find pty on pty host
2024-03-23 20:51:47.534 [error] [RPC Response] PtyService#updateIcon Could not find pty on pty host
2024-03-23 20:51:47.534 [error] [RPC Response] PtyService#updateTitle Could not find pty on pty host
2024-03-23 20:51:47.534 [error] [RPC Response] PtyService#updateTitle Could not find pty on pty host
2024-03-23 20:51:47.534 [error] [RPC Response] PtyService#updateTitle Could not find pty on pty host
2024-03-23 21:24:46.530 [error] [RPC Response] PtyService#updateIcon Could not find pty on pty host
2024-03-23 21:24:46.530 [error] [RPC Response] PtyService#updateTitle Could not find pty on pty host
2024-03-23 21:24:46.530 [error] [RPC Response] PtyService#updateTitle Could not find pty on pty host
2024-03-23 21:24:46.835 [error] [RPC Response] PtyService#updateTitle Could not find pty on pty host
2024-03-23 21:56:26.666 [error] [RPC Response] PtyService#updateIcon Could not find pty on pty host
2024-03-23 21:56:26.666 [error] [RPC Response] PtyService#updateTitle Could not find pty on pty host
2024-03-23 21:56:26.666 [error] [RPC Response] PtyService#updateTitle Could not find pty on pty host
2024-03-23 21:56:26.667 [error] [RPC Response] PtyService#updateTitle Could not find pty on pty host
2024-03-23 22:28:05.674 [error] [RPC Response] PtyService#updateIcon Could not find pty on pty host
2024-03-23 22:28:05.674 [error] [RPC Response] PtyService#updateTitle Could not find pty on pty host
2024-03-23 22:28:05.674 [error] [RPC Response] PtyService#updateTitle Could not find pty on pty host
2024-03-23 22:28:05.674 [error] [RPC Response] PtyService#updateTitle Could not find pty on pty host
2024-03-23 22:59:03.549 [error] [RPC Response] PtyService#updateIcon Could not find pty on pty host
2024-03-23 22:59:03.549 [error] [RPC Response] PtyService#updateTitle Could not find pty on pty host
2024-03-23 22:59:03.549 [error] [RPC Response] PtyService#updateTitle Could not find pty on pty host
2024-03-23 22:59:03.549 [error] [RPC Response] PtyService#updateTitle Could not find pty on pty host
2024-03-23 23:30:42.505 [error] [RPC Response] PtyService#updateIcon Could not find pty on pty host
2024-03-23 23:30:42.505 [error] [RPC Response] PtyService#updateTitle Could not find pty on pty host
2024-03-23 23:30:42.505 [error] [RPC Response] PtyService#updateTitle Could not find pty on pty host
2024-03-23 23:30:42.505 [error] [RPC Response] PtyService#updateTitle Could not find pty on pty host
2024-03-24 00:01:41.501 [error] [RPC Response] PtyService#updateIcon Could not find pty on pty host
2024-03-24 00:01:41.501 [error] [RPC Response] PtyService#updateTitle Could not find pty on pty host
2024-03-24 00:01:41.501 [error] [RPC Response] PtyService#updateTitle Could not find pty on pty host
2024-03-24 00:01:41.501 [error] [RPC Response] PtyService#updateTitle Could not find pty on pty host
2024-03-24 00:35:21.500 [error] [RPC Response] PtyService#updateIcon Could not find pty on pty host
2024-03-24 00:35:21.500 [error] [RPC Response] PtyService#updateTitle Could not find pty on pty host
2024-03-24 00:35:21.500 [error] [RPC Response] PtyService#updateTitle Could not find pty on pty host
2024-03-24 00:35:21.500 [error] [RPC Response] PtyService#updateTitle Could not find pty on pty host
2024-03-24 01:06:21.510 [error] [RPC Response] PtyService#updateIcon Could not find pty on pty host
2024-03-24 01:06:21.510 [error] [RPC Response] PtyService#updateTitle Could not find pty on pty host
2024-03-24 01:06:21.510 [error] [RPC Response] PtyService#updateTitle Could not find pty on pty host
2024-03-24 01:06:21.511 [error] [RPC Response] PtyService#updateTitle Could not find pty on pty host
2024-03-24 01:37:59.508 [error] [RPC Response] PtyService#updateIcon Could not find pty on pty host
2024-03-24 01:37:59.508 [error] [RPC Response] PtyService#updateTitle Could not find pty on pty host
2024-03-24 01:37:59.509 [error] [RPC Response] PtyService#updateTitle Could not find pty on pty host
2024-03-24 01:37:59.509 [error] [RPC Response] PtyService#updateTitle Could not find pty on pty host
2024-03-24 02:08:58.698 [error] [RPC Response] PtyService#updateIcon Could not find pty on pty host
2024-03-24 02:08:58.698 [error] [RPC Response] PtyService#updateTitle Could not find pty on pty host
2024-03-24 02:08:58.698 [error] [RPC Response] PtyService#updateTitle Could not find pty on pty host
2024-03-24 02:08:59.002 [error] [RPC Response] PtyService#updateTitle Could not find pty on pty host
2024-03-24 02:39:48.529 [error] [RPC Response] PtyService#updateIcon Could not find pty on pty host
2024-03-24 02:39:48.529 [error] [RPC Response] PtyService#updateTitle Could not find pty on pty host
2024-03-24 02:39:48.529 [error] [RPC Response] PtyService#updateTitle Could not find pty on pty host
2024-03-24 02:39:48.529 [error] [RPC Response] PtyService#updateTitle Could not find pty on pty host
2024-03-24 03:12:19.699 [error] [RPC Response] PtyService#updateIcon Could not find pty on pty host
2024-03-24 03:12:19.699 [error] [RPC Response] PtyService#updateTitle Could not find pty on pty host
2024-03-24 03:12:19.700 [error] [RPC Response] PtyService#updateTitle Could not find pty on pty host
2024-03-24 03:12:19.700 [error] [RPC Response] PtyService#updateTitle Could not find pty on pty host
2024-03-24 03:43:14.543 [error] [RPC Response] PtyService#updateIcon Could not find pty on pty host
2024-03-24 03:43:14.543 [error] [RPC Response] PtyService#updateTitle Could not find pty on pty host
2024-03-24 03:43:14.543 [error] [RPC Response] PtyService#updateTitle Could not find pty on pty host
2024-03-24 03:43:14.543 [error] [RPC Response] PtyService#updateTitle Could not find pty on pty host
2024-03-24 04:14:54.513 [error] [RPC Response] PtyService#updateIcon Could not find pty on pty host
2024-03-24 04:14:54.513 [error] [RPC Response] PtyService#updateTitle Could not find pty on pty host
2024-03-24 04:14:54.513 [error] [RPC Response] PtyService#updateTitle Could not find pty on pty host
2024-03-24 04:14:55.706 [error] [RPC Response] PtyService#updateTitle Could not find pty on pty host
2024-03-24 04:45:52.548 [error] [RPC Response] PtyService#updateIcon Could not find pty on pty host
2024-03-24 04:45:52.548 [error] [RPC Response] PtyService#updateTitle Could not find pty on pty host
2024-03-24 04:45:52.548 [error] [RPC Response] PtyService#updateTitle Could not find pty on pty host
2024-03-24 04:45:52.548 [error] [RPC Response] PtyService#updateTitle Could not find pty on pty host
2024-03-24 05:17:32.526 [error] [RPC Response] PtyService#updateIcon Could not find pty on pty host
2024-03-24 05:17:32.527 [error] [RPC Response] PtyService#updateTitle Could not find pty on pty host
2024-03-24 05:17:32.527 [error] [RPC Response] PtyService#updateTitle Could not find pty on pty host
2024-03-24 05:17:32.527 [error] [RPC Response] PtyService#updateTitle Could not find pty on pty host
2024-03-24 05:50:31.586 [error] [RPC Response] PtyService#updateIcon Could not find pty on pty host
2024-03-24 05:50:31.586 [error] [RPC Response] PtyService#updateTitle Could not find pty on pty host
2024-03-24 05:50:31.586 [error] [RPC Response] PtyService#updateTitle Could not find pty on pty host
2024-03-24 05:50:31.586 [error] [RPC Response] PtyService#updateTitle Could not find pty on pty host
2024-03-24 06:22:10.646 [error] [RPC Response] PtyService#updateIcon Could not find pty on pty host
2024-03-24 06:22:10.646 [error] [RPC Response] PtyService#updateTitle Could not find pty on pty host
2024-03-24 06:22:10.646 [error] [RPC Response] PtyService#updateTitle Could not find pty on pty host
2024-03-24 06:22:10.651 [error] [RPC Response] PtyService#updateTitle Could not find pty on pty host
2024-03-24 06:53:57.810 [error] [RPC Response] PtyService#updateIcon Could not find pty on pty host
2024-03-24 06:53:57.810 [error] [RPC Response] PtyService#updateTitle Could not find pty on pty host
2024-03-24 06:53:57.810 [error] [RPC Response] PtyService#updateTitle Could not find pty on pty host
2024-03-24 06:53:58.532 [error] [RPC Response] PtyService#updateTitle Could not find pty on pty host
2024-03-24 07:24:48.516 [error] [RPC Response] PtyService#updateIcon Could not find pty on pty host
2024-03-24 07:24:48.516 [error] [RPC Response] PtyService#updateTitle Could not find pty on pty host
2024-03-24 07:24:48.516 [error] [RPC Response] PtyService#updateTitle Could not find pty on pty host
2024-03-24 07:24:48.516 [error] [RPC Response] PtyService#updateTitle Could not find pty on pty host
2024-03-24 07:56:27.566 [error] [RPC Response] PtyService#updateIcon Could not find pty on pty host
2024-03-24 07:56:27.566 [error] [RPC Response] PtyService#updateTitle Could not find pty on pty host
2024-03-24 07:56:27.566 [error] [RPC Response] PtyService#updateTitle Could not find pty on pty host
2024-03-24 07:56:27.566 [error] [RPC Response] PtyService#updateTitle Could not find pty on pty host
2024-03-24 08:27:25.544 [error] [RPC Response] PtyService#updateIcon Could not find pty on pty host
2024-03-24 08:27:25.545 [error] [RPC Response] PtyService#updateTitle Could not find pty on pty host
2024-03-24 08:27:25.545 [error] [RPC Response] PtyService#updateTitle Could not find pty on pty host
2024-03-24 08:27:25.545 [error] [RPC Response] PtyService#updateTitle Could not find pty on pty host
2024-03-24 08:59:05.565 [error] [RPC Response] PtyService#updateIcon Could not find pty on pty host
2024-03-24 08:59:05.565 [error] [RPC Response] PtyService#updateTitle Could not find pty on pty host
2024-03-24 08:59:05.565 [error] [RPC Response] PtyService#updateTitle Could not find pty on pty host
2024-03-24 08:59:06.201 [error] [RPC Response] PtyService#updateTitle Could not find pty on pty host
2024-03-24 09:30:03.565 [error] [RPC Response] PtyService#updateIcon Could not find pty on pty host
2024-03-24 09:30:03.565 [error] [RPC Response] PtyService#updateTitle Could not find pty on pty host
2024-03-24 09:30:03.565 [error] [RPC Response] PtyService#updateTitle Could not find pty on pty host
2024-03-24 09:30:03.565 [error] [RPC Response] PtyService#updateTitle Could not find pty on pty host
2024-03-24 10:01:28.576 [error] [RPC Response] PtyService#updateIcon Could not find pty on pty host
2024-03-24 10:01:28.576 [error] [RPC Response] PtyService#updateTitle Could not find pty on pty host
2024-03-24 10:01:28.576 [error] [RPC Response] PtyService#updateTitle Could not find pty on pty host
2024-03-24 10:01:28.576 [error] [RPC Response] PtyService#updateTitle Could not find pty on pty host
2024-03-24 10:32:40.614 [error] [RPC Response] PtyService#updateIcon Could not find pty on pty host
2024-03-24 10:32:40.614 [error] [RPC Response] PtyService#updateTitle Could not find pty on pty host
2024-03-24 10:32:40.614 [error] [RPC Response] PtyService#updateTitle Could not find pty on pty host
2024-03-24 10:32:40.614 [error] [RPC Response] PtyService#updateTitle Could not find pty on pty host
2024-03-24 11:04:19.554 [error] [RPC Response] PtyService#updateIcon Could not find pty on pty host
2024-03-24 11:04:19.554 [error] [RPC Response] PtyService#updateTitle Could not find pty on pty host
2024-03-24 11:04:19.554 [error] [RPC Response] PtyService#updateTitle Could not find pty on pty host
2024-03-24 11:04:19.554 [error] [RPC Response] PtyService#updateTitle Could not find pty on pty host
2024-03-24 11:35:58.566 [error] [RPC Response] PtyService#updateIcon Could not find pty on pty host
2024-03-24 11:35:58.566 [error] [RPC Response] PtyService#updateTitle Could not find pty on pty host
2024-03-24 11:35:58.566 [error] [RPC Response] PtyService#updateTitle Could not find pty on pty host
2024-03-24 11:35:58.566 [error] [RPC Response] PtyService#updateTitle Could not find pty on pty host
2024-03-24 12:06:57.531 [error] [RPC Response] PtyService#updateIcon Could not find pty on pty host
2024-03-24 12:06:57.531 [error] [RPC Response] PtyService#updateTitle Could not find pty on pty host
2024-03-24 12:06:57.531 [error] [RPC Response] PtyService#updateTitle Could not find pty on pty host
2024-03-24 12:06:57.531 [error] [RPC Response] PtyService#updateTitle Could not find pty on pty host
2024-03-24 12:38:18.558 [error] [RPC Response] PtyService#updateIcon Could not find pty on pty host
2024-03-24 12:38:18.558 [error] [RPC Response] PtyService#updateTitle Could not find pty on pty host
2024-03-24 12:38:18.558 [error] [RPC Response] PtyService#updateTitle Could not find pty on pty host
2024-03-24 12:38:19.070 [error] [RPC Response] PtyService#updateTitle Could not find pty on pty host
2024-03-24 13:09:36.540 [error] [RPC Response] PtyService#updateIcon Could not find pty on pty host
2024-03-24 13:09:36.540 [error] [RPC Response] PtyService#updateTitle Could not find pty on pty host
2024-03-24 13:09:36.540 [error] [RPC Response] PtyService#updateTitle Could not find pty on pty host
2024-03-24 13:09:36.540 [error] [RPC Response] PtyService#updateTitle Could not find pty on pty host
2024-03-24 13:41:14.560 [error] [RPC Response] PtyService#updateIcon Could not find pty on pty host
2024-03-24 13:41:14.560 [error] [RPC Response] PtyService#updateTitle Could not find pty on pty host
2024-03-24 13:41:14.561 [error] [RPC Response] PtyService#updateTitle Could not find pty on pty host
2024-03-24 13:41:14.561 [error] [RPC Response] PtyService#updateTitle Could not find pty on pty host
2024-03-24 14:12:12.540 [error] [RPC Response] PtyService#updateIcon Could not find pty on pty host
2024-03-24 14:12:12.540 [error] [RPC Response] PtyService#updateTitle Could not find pty on pty host
2024-03-24 14:12:12.540 [error] [RPC Response] PtyService#updateTitle Could not find pty on pty host
2024-03-24 14:12:12.540 [error] [RPC Response] PtyService#updateTitle Could not find pty on pty host
2024-03-24 14:43:51.564 [error] [RPC Response] PtyService#updateIcon Could not find pty on pty host
2024-03-24 14:43:51.564 [error] [RPC Response] PtyService#updateTitle Could not find pty on pty host
2024-03-24 14:43:51.564 [error] [RPC Response] PtyService#updateTitle Could not find pty on pty host
2024-03-24 14:43:52.133 [error] [RPC Response] PtyService#updateTitle Could not find pty on pty host
2024-03-24 15:14:52.749 [error] [RPC Response] PtyService#updateIcon Could not find pty on pty host
2024-03-24 15:14:52.749 [error] [RPC Response] PtyService#updateTitle Could not find pty on pty host
2024-03-24 15:14:52.749 [error] [RPC Response] PtyService#updateTitle Could not find pty on pty host
2024-03-24 15:14:54.283 [error] [RPC Response] PtyService#updateTitle Could not find pty on pty host
2024-03-24 16:44:56.340 [error] [RPC Response] PtyService#updateIcon Could not find pty on pty host
2024-03-24 16:44:56.340 [error] [RPC Response] PtyService#updateTitle Could not find pty on pty host
2024-03-24 16:44:56.340 [error] [RPC Response] PtyService#updateTitle Could not find pty on pty host
2024-03-24 16:44:57.401 [error] [RPC Response] PtyService#updateTitle Could not find pty on pty host
2024-03-24 18:09:05.903 [error] [RPC Response] PtyService#updateIcon Could not find pty on pty host
2024-03-24 18:09:05.903 [error] [RPC Response] PtyService#updateTitle Could not find pty on pty host
2024-03-24 18:09:05.903 [error] [RPC Response] PtyService#updateTitle Could not find pty on pty host
2024-03-24 18:09:06.997 [error] [RPC Response] PtyService#updateTitle Could not find pty on pty host
