2024-04-19 20:22:08.698 [warning] Shell integration cannot be enabled for executable "/bin/sh" and args ["-c","wget --version > /dev/null\nif [ $? -eq 0 ]\nthen\n\twget --connect-timeout=7 --tries=1 --dns-timeout=7 -q --header='Metadata:true' -O - http://169.254.169.254/metadata/instance?api-version=2019-03-11\nelse\n\tcurl --version > /dev/null\n\tif [ $? -eq 0 ]\n\tthen\n\t\tcurl --connect-timeout 7 -s --header='Metadata:true' http://169.254.169.254/metadata/instance?api-version=2019-03-11\n\tfi\nfi\nexit 0"]
2024-04-19 20:22:08.704 [warning] Shell integration cannot be enabled for executable "/bin/sh" and args ["-c","wget --version > /dev/null\nif [ $? -eq 0 ]\nthen\n\twget --connect-timeout=7 --tries=1 --dns-timeout=7 -q  -O - http://169.254.169.254/latest/meta-data/instance-id\nelse\n\tcurl --version > /dev/null\n\tif [ $? -eq 0 ]\n\tthen\n\t\tcurl --connect-timeout 7 -s  http://169.254.169.254/latest/meta-data/instance-id\n\tfi\nfi\nexit 0"]
2024-04-19 20:22:08.746 [warning] Shell integration cannot be enabled for executable "/bin/sh" and args ["-c","wget --version > /dev/null\nif [ $? -eq 0 ]\nthen\n\twget --connect-timeout=7 --tries=1 --dns-timeout=7 -q  -O - http://169.254.169.254/metadata/v1/id\nelse\n\tcurl --version > /dev/null\n\tif [ $? -eq 0 ]\n\tthen\n\t\tcurl --connect-timeout 7 -s  http://169.254.169.254/metadata/v1/id\n\tfi\nfi\nexit 0"]
2024-04-19 20:22:08.751 [warning] Shell integration cannot be enabled for executable "/bin/sh" and args ["-c","wget --version > /dev/null\nif [ $? -eq 0 ]\nthen\n\twget --connect-timeout=7 --tries=1 --dns-timeout=7 -q --header='Metadata-Flavor:Google' -O - http://metadata.google.internal/computeMetadata/v1/instance/id\nelse\n\tcurl --version > /dev/null\n\tif [ $? -eq 0 ]\n\tthen\n\t\tcurl --connect-timeout 7 -s --header='Metadata-Flavor:Google' http://metadata.google.internal/computeMetadata/v1/instance/id\n\tfi\nfi\nexit 0"]
2024-04-20 01:40:32.654 [error] [RPC Response] PtyService#updateIcon Could not find pty on pty host
2024-04-20 01:40:32.661 [error] [RPC Response] PtyService#updateTitle Could not find pty on pty host
2024-04-20 01:40:32.661 [error] [RPC Response] PtyService#updateTitle Could not find pty on pty host
2024-04-20 01:40:32.661 [error] [RPC Response] PtyService#updateTitle Could not find pty on pty host
2024-04-20 02:14:02.180 [error] [RPC Response] PtyService#updateIcon Could not find pty on pty host
2024-04-20 02:14:02.180 [error] [RPC Response] PtyService#updateTitle Could not find pty on pty host
2024-04-20 02:14:02.180 [error] [RPC Response] PtyService#updateTitle Could not find pty on pty host
2024-04-20 02:14:02.180 [error] [RPC Response] PtyService#updateTitle Could not find pty on pty host
2024-04-20 02:44:32.145 [error] [RPC Response] PtyService#updateIcon Could not find pty on pty host
2024-04-20 02:44:32.145 [error] [RPC Response] PtyService#updateTitle Could not find pty on pty host
2024-04-20 02:44:32.145 [error] [RPC Response] PtyService#updateTitle Could not find pty on pty host
2024-04-20 02:44:32.567 [error] [RPC Response] PtyService#updateTitle Could not find pty on pty host
2024-04-20 03:15:02.260 [error] [RPC Response] PtyService#updateIcon Could not find pty on pty host
2024-04-20 03:15:02.260 [error] [RPC Response] PtyService#updateTitle Could not find pty on pty host
2024-04-20 03:15:02.260 [error] [RPC Response] PtyService#updateTitle Could not find pty on pty host
2024-04-20 03:15:02.888 [error] [RPC Response] PtyService#updateTitle Could not find pty on pty host
2024-04-20 03:48:32.351 [error] [RPC Response] PtyService#updateIcon Could not find pty on pty host
2024-04-20 03:48:32.351 [error] [RPC Response] PtyService#updateTitle Could not find pty on pty host
2024-04-20 03:48:32.351 [error] [RPC Response] PtyService#updateTitle Could not find pty on pty host
2024-04-20 03:48:32.937 [error] [RPC Response] PtyService#updateTitle Could not find pty on pty host
2024-04-20 04:19:02.363 [error] [RPC Response] PtyService#updateIcon Could not find pty on pty host
2024-04-20 04:19:02.363 [error] [RPC Response] PtyService#updateTitle Could not find pty on pty host
2024-04-20 04:19:02.364 [error] [RPC Response] PtyService#updateTitle Could not find pty on pty host
2024-04-20 04:19:03.255 [error] [RPC Response] PtyService#updateTitle Could not find pty on pty host
2024-04-20 04:50:02.196 [error] [RPC Response] PtyService#updateIcon Could not find pty on pty host
2024-04-20 04:50:02.196 [error] [RPC Response] PtyService#updateTitle Could not find pty on pty host
2024-04-20 04:50:02.196 [error] [RPC Response] PtyService#updateTitle Could not find pty on pty host
2024-04-20 04:50:02.647 [error] [RPC Response] PtyService#updateTitle Could not find pty on pty host
2024-04-20 05:22:02.265 [error] [RPC Response] PtyService#updateIcon Could not find pty on pty host
2024-04-20 05:22:02.265 [error] [RPC Response] PtyService#updateTitle Could not find pty on pty host
2024-04-20 05:22:02.265 [error] [RPC Response] PtyService#updateTitle Could not find pty on pty host
2024-04-20 05:22:02.697 [error] [RPC Response] PtyService#updateTitle Could not find pty on pty host
2024-04-20 05:54:02.378 [error] [RPC Response] PtyService#updateIcon Could not find pty on pty host
2024-04-20 05:54:02.378 [error] [RPC Response] PtyService#updateTitle Could not find pty on pty host
2024-04-20 05:54:02.378 [error] [RPC Response] PtyService#updateTitle Could not find pty on pty host
2024-04-20 05:54:03.263 [error] [RPC Response] PtyService#updateTitle Could not find pty on pty host
2024-04-20 06:26:02.365 [error] [RPC Response] PtyService#updateIcon Could not find pty on pty host
2024-04-20 06:26:02.366 [error] [RPC Response] PtyService#updateTitle Could not find pty on pty host
2024-04-20 06:26:02.366 [error] [RPC Response] PtyService#updateTitle Could not find pty on pty host
2024-04-20 06:26:02.789 [error] [RPC Response] PtyService#updateTitle Could not find pty on pty host
2024-04-20 06:58:02.172 [error] [RPC Response] PtyService#updateIcon Could not find pty on pty host
2024-04-20 06:58:02.172 [error] [RPC Response] PtyService#updateTitle Could not find pty on pty host
2024-04-20 06:58:02.172 [error] [RPC Response] PtyService#updateTitle Could not find pty on pty host
2024-04-20 06:58:02.943 [error] [RPC Response] PtyService#updateTitle Could not find pty on pty host
2024-04-20 07:28:32.253 [error] [RPC Response] PtyService#updateIcon Could not find pty on pty host
2024-04-20 07:28:32.253 [error] [RPC Response] PtyService#updateTitle Could not find pty on pty host
2024-04-20 07:28:32.253 [error] [RPC Response] PtyService#updateTitle Could not find pty on pty host
2024-04-20 07:28:32.253 [error] [RPC Response] PtyService#updateTitle Could not find pty on pty host
2024-04-20 07:59:02.256 [error] [RPC Response] PtyService#updateIcon Could not find pty on pty host
2024-04-20 07:59:02.256 [error] [RPC Response] PtyService#updateTitle Could not find pty on pty host
2024-04-20 07:59:02.256 [error] [RPC Response] PtyService#updateTitle Could not find pty on pty host
2024-04-20 07:59:02.256 [error] [RPC Response] PtyService#updateTitle Could not find pty on pty host
2024-04-20 08:29:32.076 [error] [RPC Response] PtyService#updateIcon Could not find pty on pty host
2024-04-20 08:29:32.076 [error] [RPC Response] PtyService#updateTitle Could not find pty on pty host
2024-04-20 08:29:32.076 [error] [RPC Response] PtyService#updateTitle Could not find pty on pty host
2024-04-20 08:29:32.295 [error] [RPC Response] PtyService#updateTitle Could not find pty on pty host
2024-04-20 09:03:02.105 [error] [RPC Response] PtyService#updateIcon Could not find pty on pty host
2024-04-20 09:03:02.105 [error] [RPC Response] PtyService#updateTitle Could not find pty on pty host
2024-04-20 09:03:02.105 [error] [RPC Response] PtyService#updateTitle Could not find pty on pty host
2024-04-20 09:03:02.105 [error] [RPC Response] PtyService#updateTitle Could not find pty on pty host
2024-04-20 09:35:02.171 [error] [RPC Response] PtyService#updateIcon Could not find pty on pty host
2024-04-20 09:35:02.172 [error] [RPC Response] PtyService#updateTitle Could not find pty on pty host
2024-04-20 09:35:02.172 [error] [RPC Response] PtyService#updateTitle Could not find pty on pty host
2024-04-20 09:35:02.172 [error] [RPC Response] PtyService#updateTitle Could not find pty on pty host
2024-04-20 10:05:32.154 [error] [RPC Response] PtyService#updateIcon Could not find pty on pty host
2024-04-20 10:05:32.154 [error] [RPC Response] PtyService#updateTitle Could not find pty on pty host
2024-04-20 10:05:32.154 [error] [RPC Response] PtyService#updateTitle Could not find pty on pty host
2024-04-20 10:05:33.033 [error] [RPC Response] PtyService#updateTitle Could not find pty on pty host
2024-04-20 10:36:01.987 [error] [RPC Response] PtyService#updateIcon Could not find pty on pty host
2024-04-20 10:36:01.987 [error] [RPC Response] PtyService#updateTitle Could not find pty on pty host
2024-04-20 10:36:01.987 [error] [RPC Response] PtyService#updateTitle Could not find pty on pty host
2024-04-20 10:36:01.987 [error] [RPC Response] PtyService#updateTitle Could not find pty on pty host
2024-04-20 11:08:02.093 [error] [RPC Response] PtyService#updateIcon Could not find pty on pty host
2024-04-20 11:08:02.093 [error] [RPC Response] PtyService#updateTitle Could not find pty on pty host
2024-04-20 11:08:02.093 [error] [RPC Response] PtyService#updateTitle Could not find pty on pty host
2024-04-20 11:08:02.790 [error] [RPC Response] PtyService#updateTitle Could not find pty on pty host
2024-04-20 11:38:32.039 [error] [RPC Response] PtyService#updateIcon Could not find pty on pty host
2024-04-20 11:38:32.039 [error] [RPC Response] PtyService#updateTitle Could not find pty on pty host
2024-04-20 11:38:32.039 [error] [RPC Response] PtyService#updateTitle Could not find pty on pty host
2024-04-20 11:38:32.724 [error] [RPC Response] PtyService#updateTitle Could not find pty on pty host
2024-04-20 12:09:02.044 [error] [RPC Response] PtyService#updateIcon Could not find pty on pty host
2024-04-20 12:09:02.044 [error] [RPC Response] PtyService#updateTitle Could not find pty on pty host
2024-04-20 12:09:02.044 [error] [RPC Response] PtyService#updateTitle Could not find pty on pty host
2024-04-20 12:09:02.044 [error] [RPC Response] PtyService#updateTitle Could not find pty on pty host
2024-04-20 12:41:01.983 [error] [RPC Response] PtyService#updateIcon Could not find pty on pty host
2024-04-20 12:41:01.983 [error] [RPC Response] PtyService#updateTitle Could not find pty on pty host
2024-04-20 12:41:01.983 [error] [RPC Response] PtyService#updateTitle Could not find pty on pty host
2024-04-20 12:41:01.983 [error] [RPC Response] PtyService#updateTitle Could not find pty on pty host
2024-04-20 13:11:32.161 [error] [RPC Response] PtyService#updateIcon Could not find pty on pty host
2024-04-20 13:11:32.161 [error] [RPC Response] PtyService#updateTitle Could not find pty on pty host
2024-04-20 13:11:32.161 [error] [RPC Response] PtyService#updateTitle Could not find pty on pty host
2024-04-20 13:11:32.548 [error] [RPC Response] PtyService#updateTitle Could not find pty on pty host
2024-04-20 13:43:02.009 [error] [RPC Response] PtyService#updateIcon Could not find pty on pty host
2024-04-20 13:43:02.009 [error] [RPC Response] PtyService#updateTitle Could not find pty on pty host
2024-04-20 13:43:02.009 [error] [RPC Response] PtyService#updateTitle Could not find pty on pty host
2024-04-20 13:43:02.009 [error] [RPC Response] PtyService#updateTitle Could not find pty on pty host
2024-04-20 14:14:31.995 [error] [RPC Response] PtyService#updateIcon Could not find pty on pty host
2024-04-20 14:14:31.995 [error] [RPC Response] PtyService#updateTitle Could not find pty on pty host
2024-04-20 14:14:31.995 [error] [RPC Response] PtyService#updateTitle Could not find pty on pty host
2024-04-20 14:14:32.495 [error] [RPC Response] PtyService#updateTitle Could not find pty on pty host
2024-04-20 18:04:32.015 [error] [RPC Response] PtyService#updateIcon Could not find pty on pty host
2024-04-20 18:04:32.015 [error] [RPC Response] PtyService#updateTitle Could not find pty on pty host
2024-04-20 18:04:32.015 [error] [RPC Response] PtyService#updateTitle Could not find pty on pty host
2024-04-20 18:04:32.246 [error] [RPC Response] PtyService#updateTitle Could not find pty on pty host
2024-04-20 20:23:32.079 [error] [RPC Response] PtyService#updateIcon Could not find pty on pty host
2024-04-20 20:23:32.079 [error] [RPC Response] PtyService#updateTitle Could not find pty on pty host
2024-04-20 20:23:32.080 [error] [RPC Response] PtyService#updateTitle Could not find pty on pty host
2024-04-20 20:23:32.923 [error] [RPC Response] PtyService#updateTitle Could not find pty on pty host
2024-04-20 20:54:01.932 [error] [RPC Response] PtyService#updateIcon Could not find pty on pty host
2024-04-20 20:54:01.932 [error] [RPC Response] PtyService#updateTitle Could not find pty on pty host
2024-04-20 20:54:01.932 [error] [RPC Response] PtyService#updateTitle Could not find pty on pty host
2024-04-20 20:54:02.367 [error] [RPC Response] PtyService#updateTitle Could not find pty on pty host
2024-04-20 21:24:31.957 [error] [RPC Response] PtyService#updateIcon Could not find pty on pty host
2024-04-20 21:24:31.958 [error] [RPC Response] PtyService#updateTitle Could not find pty on pty host
2024-04-20 21:24:31.958 [error] [RPC Response] PtyService#updateTitle Could not find pty on pty host
2024-04-20 21:24:31.958 [error] [RPC Response] PtyService#updateTitle Could not find pty on pty host
2024-04-20 21:56:31.817 [error] [RPC Response] PtyService#updateIcon Could not find pty on pty host
2024-04-20 21:56:31.817 [error] [RPC Response] PtyService#updateTitle Could not find pty on pty host
2024-04-20 21:56:31.817 [error] [RPC Response] PtyService#updateTitle Could not find pty on pty host
2024-04-20 21:56:32.367 [error] [RPC Response] PtyService#updateTitle Could not find pty on pty host
2024-04-20 23:45:03.778 [error] [RPC Response] PtyService#updateIcon Could not find pty on pty host
2024-04-20 23:45:03.779 [error] [RPC Response] PtyService#updateTitle Could not find pty on pty host
2024-04-20 23:45:03.779 [error] [RPC Response] PtyService#updateTitle Could not find pty on pty host
2024-04-20 23:45:03.779 [error] [RPC Response] PtyService#updateTitle Could not find pty on pty host
2024-04-21 00:15:31.873 [error] [RPC Response] PtyService#updateIcon Could not find pty on pty host
2024-04-21 00:15:31.873 [error] [RPC Response] PtyService#updateTitle Could not find pty on pty host
2024-04-21 00:15:31.873 [error] [RPC Response] PtyService#updateTitle Could not find pty on pty host
2024-04-21 00:15:32.541 [error] [RPC Response] PtyService#updateTitle Could not find pty on pty host
2024-04-21 00:46:01.941 [error] [RPC Response] PtyService#updateIcon Could not find pty on pty host
2024-04-21 00:46:01.941 [error] [RPC Response] PtyService#updateTitle Could not find pty on pty host
2024-04-21 00:46:01.941 [error] [RPC Response] PtyService#updateTitle Could not find pty on pty host
2024-04-21 00:46:01.941 [error] [RPC Response] PtyService#updateTitle Could not find pty on pty host
2024-04-21 01:16:31.876 [error] [RPC Response] PtyService#updateIcon Could not find pty on pty host
2024-04-21 01:16:31.876 [error] [RPC Response] PtyService#updateTitle Could not find pty on pty host
2024-04-21 01:16:31.876 [error] [RPC Response] PtyService#updateTitle Could not find pty on pty host
2024-04-21 01:16:31.876 [error] [RPC Response] PtyService#updateTitle Could not find pty on pty host
2024-04-21 01:48:31.874 [error] [RPC Response] PtyService#updateIcon Could not find pty on pty host
2024-04-21 01:48:31.874 [error] [RPC Response] PtyService#updateTitle Could not find pty on pty host
2024-04-21 01:48:31.874 [error] [RPC Response] PtyService#updateTitle Could not find pty on pty host
2024-04-21 01:48:32.709 [error] [RPC Response] PtyService#updateTitle Could not find pty on pty host
2024-04-21 02:19:01.802 [error] [RPC Response] PtyService#updateIcon Could not find pty on pty host
2024-04-21 02:19:01.802 [error] [RPC Response] PtyService#updateTitle Could not find pty on pty host
2024-04-21 02:19:01.802 [error] [RPC Response] PtyService#updateTitle Could not find pty on pty host
2024-04-21 02:19:02.095 [error] [RPC Response] PtyService#updateTitle Could not find pty on pty host
2024-04-21 02:49:31.772 [error] [RPC Response] PtyService#updateIcon Could not find pty on pty host
2024-04-21 02:49:31.772 [error] [RPC Response] PtyService#updateTitle Could not find pty on pty host
2024-04-21 02:49:31.772 [error] [RPC Response] PtyService#updateTitle Could not find pty on pty host
2024-04-21 02:49:32.238 [error] [RPC Response] PtyService#updateTitle Could not find pty on pty host
2024-04-21 03:21:31.763 [error] [RPC Response] PtyService#updateIcon Could not find pty on pty host
2024-04-21 03:21:31.763 [error] [RPC Response] PtyService#updateTitle Could not find pty on pty host
2024-04-21 03:21:31.763 [error] [RPC Response] PtyService#updateTitle Could not find pty on pty host
2024-04-21 03:21:31.763 [error] [RPC Response] PtyService#updateTitle Could not find pty on pty host
2024-04-21 03:52:01.778 [error] [RPC Response] PtyService#updateIcon Could not find pty on pty host
2024-04-21 03:52:01.779 [error] [RPC Response] PtyService#updateTitle Could not find pty on pty host
2024-04-21 03:52:01.779 [error] [RPC Response] PtyService#updateTitle Could not find pty on pty host
2024-04-21 03:52:01.997 [error] [RPC Response] PtyService#updateTitle Could not find pty on pty host
2024-04-21 04:22:31.800 [error] [RPC Response] PtyService#updateIcon Could not find pty on pty host
2024-04-21 04:22:31.800 [error] [RPC Response] PtyService#updateTitle Could not find pty on pty host
2024-04-21 04:22:31.800 [error] [RPC Response] PtyService#updateTitle Could not find pty on pty host
2024-04-21 04:22:31.800 [error] [RPC Response] PtyService#updateTitle Could not find pty on pty host
2024-04-21 04:55:31.782 [error] [RPC Response] PtyService#updateIcon Could not find pty on pty host
2024-04-21 04:55:31.782 [error] [RPC Response] PtyService#updateTitle Could not find pty on pty host
2024-04-21 04:55:31.782 [error] [RPC Response] PtyService#updateTitle Could not find pty on pty host
2024-04-21 04:55:32.229 [error] [RPC Response] PtyService#updateTitle Could not find pty on pty host
2024-04-21 05:27:31.361 [error] [RPC Response] PtyService#updateIcon Could not find pty on pty host
2024-04-21 05:27:31.361 [error] [RPC Response] PtyService#updateTitle Could not find pty on pty host
2024-04-21 05:27:31.361 [error] [RPC Response] PtyService#updateTitle Could not find pty on pty host
2024-04-21 05:27:31.388 [error] [RPC Response] PtyService#updateTitle Could not find pty on pty host
2024-04-21 05:58:01.708 [error] [RPC Response] PtyService#updateIcon Could not find pty on pty host
2024-04-21 05:58:01.708 [error] [RPC Response] PtyService#updateTitle Could not find pty on pty host
2024-04-21 05:58:01.708 [error] [RPC Response] PtyService#updateTitle Could not find pty on pty host
2024-04-21 05:58:02.152 [error] [RPC Response] PtyService#updateTitle Could not find pty on pty host
2024-04-21 06:28:31.717 [error] [RPC Response] PtyService#updateIcon Could not find pty on pty host
2024-04-21 06:28:31.717 [error] [RPC Response] PtyService#updateTitle Could not find pty on pty host
2024-04-21 06:28:31.717 [error] [RPC Response] PtyService#updateTitle Could not find pty on pty host
2024-04-21 06:28:31.717 [error] [RPC Response] PtyService#updateTitle Could not find pty on pty host
2024-04-21 07:00:31.800 [error] [RPC Response] PtyService#updateIcon Could not find pty on pty host
2024-04-21 07:00:31.800 [error] [RPC Response] PtyService#updateTitle Could not find pty on pty host
2024-04-21 07:00:31.800 [error] [RPC Response] PtyService#updateTitle Could not find pty on pty host
2024-04-21 07:00:32.528 [error] [RPC Response] PtyService#updateTitle Could not find pty on pty host
2024-04-21 07:31:01.668 [error] [RPC Response] PtyService#updateIcon Could not find pty on pty host
2024-04-21 07:31:01.668 [error] [RPC Response] PtyService#updateTitle Could not find pty on pty host
2024-04-21 07:31:01.668 [error] [RPC Response] PtyService#updateTitle Could not find pty on pty host
2024-04-21 07:31:02.320 [error] [RPC Response] PtyService#updateTitle Could not find pty on pty host
2024-04-21 08:02:01.685 [error] [RPC Response] PtyService#updateIcon Could not find pty on pty host
2024-04-21 08:02:01.685 [error] [RPC Response] PtyService#updateTitle Could not find pty on pty host
2024-04-21 08:02:01.685 [error] [RPC Response] PtyService#updateTitle Could not find pty on pty host
2024-04-21 08:02:01.685 [error] [RPC Response] PtyService#updateTitle Could not find pty on pty host
2024-04-21 08:32:31.689 [error] [RPC Response] PtyService#updateIcon Could not find pty on pty host
2024-04-21 08:32:31.689 [error] [RPC Response] PtyService#updateTitle Could not find pty on pty host
2024-04-21 08:32:31.689 [error] [RPC Response] PtyService#updateTitle Could not find pty on pty host
2024-04-21 08:32:32.265 [error] [RPC Response] PtyService#updateTitle Could not find pty on pty host
2024-04-21 09:03:01.705 [error] [RPC Response] PtyService#updateIcon Could not find pty on pty host
2024-04-21 09:03:01.705 [error] [RPC Response] PtyService#updateTitle Could not find pty on pty host
2024-04-21 09:03:01.705 [error] [RPC Response] PtyService#updateTitle Could not find pty on pty host
2024-04-21 09:03:02.016 [error] [RPC Response] PtyService#updateTitle Could not find pty on pty host
2024-04-21 09:33:31.564 [error] [RPC Response] PtyService#updateIcon Could not find pty on pty host
2024-04-21 09:33:31.564 [error] [RPC Response] PtyService#updateTitle Could not find pty on pty host
2024-04-21 09:33:31.564 [error] [RPC Response] PtyService#updateTitle Could not find pty on pty host
2024-04-21 09:33:31.577 [error] [RPC Response] PtyService#updateTitle Could not find pty on pty host
2024-04-21 10:04:01.546 [error] [RPC Response] PtyService#updateIcon Could not find pty on pty host
2024-04-21 10:04:01.547 [error] [RPC Response] PtyService#updateTitle Could not find pty on pty host
2024-04-21 10:04:01.547 [error] [RPC Response] PtyService#updateTitle Could not find pty on pty host
2024-04-21 10:04:01.547 [error] [RPC Response] PtyService#updateTitle Could not find pty on pty host
2024-04-21 10:37:01.571 [error] [RPC Response] PtyService#updateIcon Could not find pty on pty host
2024-04-21 10:37:01.571 [error] [RPC Response] PtyService#updateTitle Could not find pty on pty host
2024-04-21 10:37:01.571 [error] [RPC Response] PtyService#updateTitle Could not find pty on pty host
2024-04-21 10:37:02.244 [error] [RPC Response] PtyService#updateTitle Could not find pty on pty host
2024-04-21 11:07:31.468 [error] [RPC Response] PtyService#updateIcon Could not find pty on pty host
2024-04-21 11:07:31.468 [error] [RPC Response] PtyService#updateTitle Could not find pty on pty host
2024-04-21 11:07:31.468 [error] [RPC Response] PtyService#updateTitle Could not find pty on pty host
2024-04-21 11:07:31.468 [error] [RPC Response] PtyService#updateTitle Could not find pty on pty host
2024-04-21 11:38:01.424 [error] [RPC Response] PtyService#updateIcon Could not find pty on pty host
2024-04-21 11:38:01.424 [error] [RPC Response] PtyService#updateTitle Could not find pty on pty host
2024-04-21 11:38:01.424 [error] [RPC Response] PtyService#updateTitle Could not find pty on pty host
2024-04-21 11:38:01.786 [error] [RPC Response] PtyService#updateTitle Could not find pty on pty host
2024-04-21 12:09:31.518 [error] [RPC Response] PtyService#updateIcon Could not find pty on pty host
2024-04-21 12:09:31.518 [error] [RPC Response] PtyService#updateTitle Could not find pty on pty host
2024-04-21 12:09:31.518 [error] [RPC Response] PtyService#updateTitle Could not find pty on pty host
2024-04-21 12:09:31.518 [error] [RPC Response] PtyService#updateTitle Could not find pty on pty host
2024-04-21 12:40:01.498 [error] [RPC Response] PtyService#updateIcon Could not find pty on pty host
2024-04-21 12:40:01.498 [error] [RPC Response] PtyService#updateTitle Could not find pty on pty host
2024-04-21 12:40:01.498 [error] [RPC Response] PtyService#updateTitle Could not find pty on pty host
2024-04-21 12:40:01.498 [error] [RPC Response] PtyService#updateTitle Could not find pty on pty host
2024-04-21 13:10:30.883 [error] [RPC Response] PtyService#updateIcon Could not find pty on pty host
2024-04-21 13:10:30.884 [error] [RPC Response] PtyService#updateTitle Could not find pty on pty host
2024-04-21 13:10:30.884 [error] [RPC Response] PtyService#updateTitle Could not find pty on pty host
2024-04-21 13:10:31.241 [error] [RPC Response] PtyService#updateTitle Could not find pty on pty host
2024-04-21 13:42:31.361 [error] [RPC Response] PtyService#updateIcon Could not find pty on pty host
2024-04-21 13:42:31.362 [error] [RPC Response] PtyService#updateTitle Could not find pty on pty host
2024-04-21 13:42:31.362 [error] [RPC Response] PtyService#updateTitle Could not find pty on pty host
2024-04-21 13:42:32.133 [error] [RPC Response] PtyService#updateTitle Could not find pty on pty host
2024-04-21 14:14:31.392 [error] [RPC Response] PtyService#updateIcon Could not find pty on pty host
2024-04-21 14:14:31.392 [error] [RPC Response] PtyService#updateTitle Could not find pty on pty host
2024-04-21 14:14:31.392 [error] [RPC Response] PtyService#updateTitle Could not find pty on pty host
2024-04-21 14:14:31.429 [error] [RPC Response] PtyService#updateTitle Could not find pty on pty host
2024-04-21 14:46:31.351 [error] [RPC Response] PtyService#updateIcon Could not find pty on pty host
2024-04-21 14:46:31.352 [error] [RPC Response] PtyService#updateTitle Could not find pty on pty host
2024-04-21 14:46:31.352 [error] [RPC Response] PtyService#updateTitle Could not find pty on pty host
2024-04-21 14:46:31.352 [error] [RPC Response] PtyService#updateTitle Could not find pty on pty host
2024-04-21 15:18:31.339 [error] [RPC Response] PtyService#updateIcon Could not find pty on pty host
2024-04-21 15:18:31.339 [error] [RPC Response] PtyService#updateTitle Could not find pty on pty host
2024-04-21 15:18:31.339 [error] [RPC Response] PtyService#updateTitle Could not find pty on pty host
2024-04-21 15:18:31.339 [error] [RPC Response] PtyService#updateTitle Could not find pty on pty host
2024-04-21 15:49:01.270 [error] [RPC Response] PtyService#updateIcon Could not find pty on pty host
2024-04-21 15:49:01.270 [error] [RPC Response] PtyService#updateTitle Could not find pty on pty host
2024-04-21 15:49:01.270 [error] [RPC Response] PtyService#updateTitle Could not find pty on pty host
2024-04-21 15:49:01.304 [error] [RPC Response] PtyService#updateTitle Could not find pty on pty host
2024-04-21 16:21:01.310 [error] [RPC Response] PtyService#updateIcon Could not find pty on pty host
2024-04-21 16:21:01.310 [error] [RPC Response] PtyService#updateTitle Could not find pty on pty host
2024-04-21 16:21:01.310 [error] [RPC Response] PtyService#updateTitle Could not find pty on pty host
2024-04-21 16:21:01.999 [error] [RPC Response] PtyService#updateTitle Could not find pty on pty host
2024-04-21 16:53:01.272 [error] [RPC Response] PtyService#updateIcon Could not find pty on pty host
2024-04-21 16:53:01.272 [error] [RPC Response] PtyService#updateTitle Could not find pty on pty host
2024-04-21 16:53:01.272 [error] [RPC Response] PtyService#updateTitle Could not find pty on pty host
2024-04-21 16:53:01.272 [error] [RPC Response] PtyService#updateTitle Could not find pty on pty host
2024-04-21 17:23:31.279 [error] [RPC Response] PtyService#updateIcon Could not find pty on pty host
2024-04-21 17:23:31.279 [error] [RPC Response] PtyService#updateTitle Could not find pty on pty host
2024-04-21 17:23:31.279 [error] [RPC Response] PtyService#updateTitle Could not find pty on pty host
2024-04-21 17:23:32.137 [error] [RPC Response] PtyService#updateTitle Could not find pty on pty host
2024-04-21 17:54:01.184 [error] [RPC Response] PtyService#updateIcon Could not find pty on pty host
2024-04-21 17:54:01.195 [error] [RPC Response] PtyService#updateTitle Could not find pty on pty host
2024-04-21 17:54:01.195 [error] [RPC Response] PtyService#updateTitle Could not find pty on pty host
2024-04-21 17:54:01.459 [error] [RPC Response] PtyService#updateTitle Could not find pty on pty host
2024-04-21 18:26:01.057 [error] [RPC Response] PtyService#updateIcon Could not find pty on pty host
2024-04-21 18:26:01.057 [error] [RPC Response] PtyService#updateTitle Could not find pty on pty host
2024-04-21 18:26:01.057 [error] [RPC Response] PtyService#updateTitle Could not find pty on pty host
2024-04-21 18:26:01.057 [error] [RPC Response] PtyService#updateTitle Could not find pty on pty host
2024-04-21 18:56:31.098 [error] [RPC Response] PtyService#updateIcon Could not find pty on pty host
2024-04-21 18:56:31.098 [error] [RPC Response] PtyService#updateTitle Could not find pty on pty host
2024-04-21 18:56:31.099 [error] [RPC Response] PtyService#updateTitle Could not find pty on pty host
2024-04-21 18:56:31.099 [error] [RPC Response] PtyService#updateTitle Could not find pty on pty host
2024-04-21 19:27:01.203 [error] [RPC Response] PtyService#updateIcon Could not find pty on pty host
2024-04-21 19:27:01.203 [error] [RPC Response] PtyService#updateTitle Could not find pty on pty host
2024-04-21 19:27:01.203 [error] [RPC Response] PtyService#updateTitle Could not find pty on pty host
2024-04-21 19:27:01.685 [error] [RPC Response] PtyService#updateTitle Could not find pty on pty host
2024-04-21 19:57:31.128 [error] [RPC Response] PtyService#updateIcon Could not find pty on pty host
2024-04-21 19:57:31.128 [error] [RPC Response] PtyService#updateTitle Could not find pty on pty host
2024-04-21 19:57:31.128 [error] [RPC Response] PtyService#updateTitle Could not find pty on pty host
2024-04-21 19:57:31.334 [error] [RPC Response] PtyService#updateTitle Could not find pty on pty host
2024-04-21 20:28:01.173 [error] [RPC Response] PtyService#updateIcon Could not find pty on pty host
2024-04-21 20:28:01.173 [error] [RPC Response] PtyService#updateTitle Could not find pty on pty host
2024-04-21 20:28:01.173 [error] [RPC Response] PtyService#updateTitle Could not find pty on pty host
2024-04-21 20:28:01.533 [error] [RPC Response] PtyService#updateTitle Could not find pty on pty host
2024-04-21 21:00:01.115 [error] [RPC Response] PtyService#updateIcon Could not find pty on pty host
2024-04-21 21:00:01.115 [error] [RPC Response] PtyService#updateTitle Could not find pty on pty host
2024-04-21 21:00:01.115 [error] [RPC Response] PtyService#updateTitle Could not find pty on pty host
2024-04-21 21:00:01.350 [error] [RPC Response] PtyService#updateTitle Could not find pty on pty host
2024-04-21 21:30:31.095 [error] [RPC Response] PtyService#updateIcon Could not find pty on pty host
2024-04-21 21:30:31.095 [error] [RPC Response] PtyService#updateTitle Could not find pty on pty host
2024-04-21 21:30:31.095 [error] [RPC Response] PtyService#updateTitle Could not find pty on pty host
2024-04-21 21:30:31.771 [error] [RPC Response] PtyService#updateTitle Could not find pty on pty host
2024-04-21 22:02:30.997 [error] [RPC Response] PtyService#updateIcon Could not find pty on pty host
2024-04-21 22:02:30.997 [error] [RPC Response] PtyService#updateTitle Could not find pty on pty host
2024-04-21 22:02:30.997 [error] [RPC Response] PtyService#updateTitle Could not find pty on pty host
2024-04-21 22:02:30.997 [error] [RPC Response] PtyService#updateTitle Could not find pty on pty host
2024-04-21 22:33:01.036 [error] [RPC Response] PtyService#updateIcon Could not find pty on pty host
2024-04-21 22:33:01.036 [error] [RPC Response] PtyService#updateTitle Could not find pty on pty host
2024-04-21 22:33:01.036 [error] [RPC Response] PtyService#updateTitle Could not find pty on pty host
2024-04-21 22:33:01.889 [error] [RPC Response] PtyService#updateTitle Could not find pty on pty host
2024-04-21 23:05:00.896 [error] [RPC Response] PtyService#updateIcon Could not find pty on pty host
2024-04-21 23:05:00.896 [error] [RPC Response] PtyService#updateTitle Could not find pty on pty host
2024-04-21 23:05:00.896 [error] [RPC Response] PtyService#updateTitle Could not find pty on pty host
2024-04-21 23:05:01.784 [error] [RPC Response] PtyService#updateTitle Could not find pty on pty host
2024-04-21 23:35:30.936 [error] [RPC Response] PtyService#updateIcon Could not find pty on pty host
2024-04-21 23:35:30.936 [error] [RPC Response] PtyService#updateTitle Could not find pty on pty host
2024-04-21 23:35:30.936 [error] [RPC Response] PtyService#updateTitle Could not find pty on pty host
2024-04-21 23:35:30.936 [error] [RPC Response] PtyService#updateTitle Could not find pty on pty host
2024-04-22 00:07:32.183 [error] [RPC Response] PtyService#updateIcon Could not find pty on pty host
2024-04-22 00:07:32.184 [error] [RPC Response] PtyService#updateTitle Could not find pty on pty host
2024-04-22 00:07:32.184 [error] [RPC Response] PtyService#updateTitle Could not find pty on pty host
2024-04-22 00:07:33.341 [error] [RPC Response] PtyService#updateTitle Could not find pty on pty host
2024-04-22 00:38:13.463 [error] [RPC Response] PtyService#updateIcon Could not find pty on pty host
2024-04-22 00:38:13.463 [error] [RPC Response] PtyService#updateTitle Could not find pty on pty host
2024-04-22 00:38:13.463 [error] [RPC Response] PtyService#updateTitle Could not find pty on pty host
2024-04-22 00:38:14.395 [error] [RPC Response] PtyService#updateTitle Could not find pty on pty host
2024-04-22 01:10:21.542 [error] [RPC Response] PtyService#updateIcon Could not find pty on pty host
2024-04-22 01:10:21.542 [error] [RPC Response] PtyService#updateTitle Could not find pty on pty host
2024-04-22 01:10:21.542 [error] [RPC Response] PtyService#updateTitle Could not find pty on pty host
2024-04-22 01:10:22.222 [error] [RPC Response] PtyService#updateTitle Could not find pty on pty host
2024-04-22 01:46:16.466 [error] [RPC Response] PtyService#updateIcon Could not find pty on pty host
2024-04-22 01:46:16.466 [error] [RPC Response] PtyService#updateTitle Could not find pty on pty host
2024-04-22 01:46:16.466 [error] [RPC Response] PtyService#updateTitle Could not find pty on pty host
2024-04-22 01:46:16.980 [error] [RPC Response] PtyService#updateTitle Could not find pty on pty host
2024-04-22 02:17:35.510 [error] [RPC Response] PtyService#updateIcon Could not find pty on pty host
2024-04-22 02:17:35.510 [error] [RPC Response] PtyService#updateTitle Could not find pty on pty host
2024-04-22 02:17:35.510 [error] [RPC Response] PtyService#updateTitle Could not find pty on pty host
2024-04-22 02:17:35.818 [error] [RPC Response] PtyService#updateTitle Could not find pty on pty host
2024-04-22 02:52:21.479 [error] [RPC Response] PtyService#updateIcon Could not find pty on pty host
2024-04-22 02:52:21.479 [error] [RPC Response] PtyService#updateTitle Could not find pty on pty host
2024-04-22 02:52:21.479 [error] [RPC Response] PtyService#updateTitle Could not find pty on pty host
2024-04-22 02:52:21.479 [error] [RPC Response] PtyService#updateTitle Could not find pty on pty host
2024-04-22 03:27:15.523 [error] [RPC Response] PtyService#updateIcon Could not find pty on pty host
2024-04-22 03:27:15.524 [error] [RPC Response] PtyService#updateTitle Could not find pty on pty host
2024-04-22 03:27:15.524 [error] [RPC Response] PtyService#updateTitle Could not find pty on pty host
2024-04-22 03:27:16.264 [error] [RPC Response] PtyService#updateTitle Could not find pty on pty host
2024-04-22 04:04:08.512 [error] [RPC Response] PtyService#updateIcon Could not find pty on pty host
2024-04-22 04:04:08.512 [error] [RPC Response] PtyService#updateTitle Could not find pty on pty host
2024-04-22 04:04:08.513 [error] [RPC Response] PtyService#updateTitle Could not find pty on pty host
2024-04-22 04:04:08.513 [error] [RPC Response] PtyService#updateTitle Could not find pty on pty host
2024-04-22 04:36:02.486 [error] [RPC Response] PtyService#updateIcon Could not find pty on pty host
2024-04-22 04:36:02.486 [error] [RPC Response] PtyService#updateTitle Could not find pty on pty host
2024-04-22 04:36:02.487 [error] [RPC Response] PtyService#updateTitle Could not find pty on pty host
2024-04-22 04:36:02.749 [error] [RPC Response] PtyService#updateTitle Could not find pty on pty host
2024-04-22 05:08:14.511 [error] [RPC Response] PtyService#updateIcon Could not find pty on pty host
2024-04-22 05:08:14.511 [error] [RPC Response] PtyService#updateTitle Could not find pty on pty host
2024-04-22 05:08:14.511 [error] [RPC Response] PtyService#updateTitle Could not find pty on pty host
2024-04-22 05:08:15.227 [error] [RPC Response] PtyService#updateTitle Could not find pty on pty host
2024-04-22 05:47:31.475 [error] [RPC Response] PtyService#updateIcon Could not find pty on pty host
2024-04-22 05:47:31.476 [error] [RPC Response] PtyService#updateTitle Could not find pty on pty host
2024-04-22 05:47:31.476 [error] [RPC Response] PtyService#updateTitle Could not find pty on pty host
2024-04-22 05:47:31.476 [error] [RPC Response] PtyService#updateTitle Could not find pty on pty host
2024-04-22 06:29:00.529 [error] [RPC Response] PtyService#updateIcon Could not find pty on pty host
2024-04-22 06:29:00.529 [error] [RPC Response] PtyService#updateTitle Could not find pty on pty host
2024-04-22 06:29:00.529 [error] [RPC Response] PtyService#updateTitle Could not find pty on pty host
2024-04-22 06:29:00.562 [error] [RPC Response] PtyService#updateTitle Could not find pty on pty host
2024-04-22 07:07:08.529 [error] [RPC Response] PtyService#updateIcon Could not find pty on pty host
2024-04-22 07:07:08.529 [error] [RPC Response] PtyService#updateTitle Could not find pty on pty host
2024-04-22 07:07:08.530 [error] [RPC Response] PtyService#updateTitle Could not find pty on pty host
2024-04-22 07:07:08.530 [error] [RPC Response] PtyService#updateTitle Could not find pty on pty host
2024-04-22 07:47:16.511 [error] [RPC Response] PtyService#updateIcon Could not find pty on pty host
2024-04-22 07:47:16.511 [error] [RPC Response] PtyService#updateTitle Could not find pty on pty host
2024-04-22 07:47:16.511 [error] [RPC Response] PtyService#updateTitle Could not find pty on pty host
2024-04-22 07:47:16.511 [error] [RPC Response] PtyService#updateTitle Could not find pty on pty host
2024-04-22 08:25:24.478 [error] [RPC Response] PtyService#updateIcon Could not find pty on pty host
2024-04-22 08:25:24.478 [error] [RPC Response] PtyService#updateTitle Could not find pty on pty host
2024-04-22 08:25:24.478 [error] [RPC Response] PtyService#updateTitle Could not find pty on pty host
2024-04-22 08:25:24.805 [error] [RPC Response] PtyService#updateTitle Could not find pty on pty host
2024-04-22 09:01:38.471 [error] [RPC Response] PtyService#updateIcon Could not find pty on pty host
2024-04-22 09:01:38.471 [error] [RPC Response] PtyService#updateTitle Could not find pty on pty host
2024-04-22 09:01:38.471 [error] [RPC Response] PtyService#updateTitle Could not find pty on pty host
2024-04-22 09:01:38.471 [error] [RPC Response] PtyService#updateTitle Could not find pty on pty host
2024-04-22 09:32:51.183 [error] [RPC Response] PtyService#updateIcon Could not find pty on pty host
2024-04-22 09:32:51.184 [error] [RPC Response] PtyService#updateTitle Could not find pty on pty host
2024-04-22 09:32:51.184 [error] [RPC Response] PtyService#updateTitle Could not find pty on pty host
2024-04-22 09:32:52.430 [error] [RPC Response] PtyService#updateTitle Could not find pty on pty host
2024-04-22 11:05:23.511 [error] [RPC Response] PtyService#updateIcon Could not find pty on pty host
2024-04-22 11:05:23.512 [error] [RPC Response] PtyService#updateTitle Could not find pty on pty host
2024-04-22 11:05:23.512 [error] [RPC Response] PtyService#updateTitle Could not find pty on pty host
2024-04-22 11:05:23.512 [error] [RPC Response] PtyService#updateTitle Could not find pty on pty host
2024-04-22 12:31:04.514 [error] [RPC Response] PtyService#updateIcon Could not find pty on pty host
2024-04-22 12:31:04.514 [error] [RPC Response] PtyService#updateTitle Could not find pty on pty host
2024-04-22 12:31:04.514 [error] [RPC Response] PtyService#updateTitle Could not find pty on pty host
2024-04-22 12:31:05.235 [error] [RPC Response] PtyService#updateTitle Could not find pty on pty host
2024-04-22 13:09:54.471 [error] [RPC Response] PtyService#updateIcon Could not find pty on pty host
2024-04-22 13:09:54.471 [error] [RPC Response] PtyService#updateTitle Could not find pty on pty host
2024-04-22 13:09:54.471 [error] [RPC Response] PtyService#updateTitle Could not find pty on pty host
2024-04-22 13:09:54.496 [error] [RPC Response] PtyService#updateTitle Could not find pty on pty host
2024-04-22 16:34:32.531 [error] [RPC Response] PtyService#updateIcon Could not find pty on pty host
2024-04-22 16:34:32.531 [error] [RPC Response] PtyService#updateTitle Could not find pty on pty host
2024-04-22 16:34:32.531 [error] [RPC Response] PtyService#updateTitle Could not find pty on pty host
2024-04-22 16:34:32.797 [error] [RPC Response] PtyService#updateTitle Could not find pty on pty host
2024-04-22 17:52:41.642 [error] [RPC Response] PtyService#updateIcon Could not find pty on pty host
2024-04-22 17:52:41.643 [error] [RPC Response] PtyService#updateTitle Could not find pty on pty host
2024-04-22 17:52:41.643 [error] [RPC Response] PtyService#updateTitle Could not find pty on pty host
2024-04-22 17:52:41.982 [error] [RPC Response] PtyService#updateTitle Could not find pty on pty host
2024-04-22 19:10:49.544 [error] [RPC Response] PtyService#updateIcon Could not find pty on pty host
2024-04-22 19:10:49.544 [error] [RPC Response] PtyService#updateTitle Could not find pty on pty host
2024-04-22 19:10:49.544 [error] [RPC Response] PtyService#updateTitle Could not find pty on pty host
2024-04-22 19:10:50.386 [error] [RPC Response] PtyService#updateTitle Could not find pty on pty host
2024-04-22 19:44:16.595 [error] [RPC Response] PtyService#updateIcon Could not find pty on pty host
2024-04-22 19:44:16.595 [error] [RPC Response] PtyService#updateTitle Could not find pty on pty host
2024-04-22 19:44:16.595 [error] [RPC Response] PtyService#updateTitle Could not find pty on pty host
2024-04-22 19:44:16.595 [error] [RPC Response] PtyService#updateTitle Could not find pty on pty host
2024-04-22 20:24:25.521 [error] [RPC Response] PtyService#updateIcon Could not find pty on pty host
2024-04-22 20:24:25.521 [error] [RPC Response] PtyService#updateTitle Could not find pty on pty host
2024-04-22 20:24:25.521 [error] [RPC Response] PtyService#updateTitle Could not find pty on pty host
2024-04-22 20:24:25.745 [error] [RPC Response] PtyService#updateTitle Could not find pty on pty host
2024-04-22 20:57:50.532 [error] [RPC Response] PtyService#updateIcon Could not find pty on pty host
2024-04-22 20:57:50.533 [error] [RPC Response] PtyService#updateTitle Could not find pty on pty host
2024-04-22 20:57:50.533 [error] [RPC Response] PtyService#updateTitle Could not find pty on pty host
2024-04-22 20:57:51.187 [error] [RPC Response] PtyService#updateTitle Could not find pty on pty host
2024-04-22 21:35:14.608 [error] [RPC Response] PtyService#updateIcon Could not find pty on pty host
2024-04-22 21:35:14.608 [error] [RPC Response] PtyService#updateTitle Could not find pty on pty host
2024-04-22 21:35:14.608 [error] [RPC Response] PtyService#updateTitle Could not find pty on pty host
2024-04-22 21:35:15.031 [error] [RPC Response] PtyService#updateTitle Could not find pty on pty host
2024-04-22 22:13:04.488 [error] [RPC Response] PtyService#updateIcon Could not find pty on pty host
2024-04-22 22:13:04.488 [error] [RPC Response] PtyService#updateTitle Could not find pty on pty host
2024-04-22 22:13:04.488 [error] [RPC Response] PtyService#updateTitle Could not find pty on pty host
2024-04-22 22:13:04.765 [error] [RPC Response] PtyService#updateTitle Could not find pty on pty host
2024-04-22 22:44:18.495 [error] [RPC Response] PtyService#updateIcon Could not find pty on pty host
2024-04-22 22:44:18.495 [error] [RPC Response] PtyService#updateTitle Could not find pty on pty host
2024-04-22 22:44:18.495 [error] [RPC Response] PtyService#updateTitle Could not find pty on pty host
2024-04-22 22:44:19.010 [error] [RPC Response] PtyService#updateTitle Could not find pty on pty host
2024-04-22 23:22:24.562 [error] [RPC Response] PtyService#updateIcon Could not find pty on pty host
2024-04-22 23:22:24.562 [error] [RPC Response] PtyService#updateTitle Could not find pty on pty host
2024-04-22 23:22:24.562 [error] [RPC Response] PtyService#updateTitle Could not find pty on pty host
2024-04-22 23:22:24.800 [error] [RPC Response] PtyService#updateTitle Could not find pty on pty host
2024-04-23 00:02:33.474 [error] [RPC Response] PtyService#updateIcon Could not find pty on pty host
2024-04-23 00:02:33.474 [error] [RPC Response] PtyService#updateTitle Could not find pty on pty host
2024-04-23 00:02:33.475 [error] [RPC Response] PtyService#updateTitle Could not find pty on pty host
2024-04-23 00:02:34.020 [error] [RPC Response] PtyService#updateTitle Could not find pty on pty host
2024-04-23 00:44:55.471 [error] [RPC Response] PtyService#updateIcon Could not find pty on pty host
2024-04-23 00:44:55.471 [error] [RPC Response] PtyService#updateTitle Could not find pty on pty host
2024-04-23 00:44:55.472 [error] [RPC Response] PtyService#updateTitle Could not find pty on pty host
2024-04-23 00:44:55.472 [error] [RPC Response] PtyService#updateTitle Could not find pty on pty host
2024-04-23 01:36:28.536 [error] [RPC Response] PtyService#updateIcon Could not find pty on pty host
2024-04-23 01:36:28.536 [error] [RPC Response] PtyService#updateTitle Could not find pty on pty host
2024-04-23 01:36:28.536 [error] [RPC Response] PtyService#updateTitle Could not find pty on pty host
2024-04-23 01:36:28.990 [error] [RPC Response] PtyService#updateTitle Could not find pty on pty host
2024-04-23 02:15:05.502 [error] [RPC Response] PtyService#updateIcon Could not find pty on pty host
2024-04-23 02:15:05.502 [error] [RPC Response] PtyService#updateTitle Could not find pty on pty host
2024-04-23 02:15:05.502 [error] [RPC Response] PtyService#updateTitle Could not find pty on pty host
2024-04-23 02:15:06.184 [error] [RPC Response] PtyService#updateTitle Could not find pty on pty host
2024-04-23 02:56:53.593 [error] [RPC Response] PtyService#updateIcon Could not find pty on pty host
2024-04-23 02:56:53.593 [error] [RPC Response] PtyService#updateTitle Could not find pty on pty host
2024-04-23 02:56:53.593 [error] [RPC Response] PtyService#updateTitle Could not find pty on pty host
2024-04-23 02:56:54.021 [error] [RPC Response] PtyService#updateTitle Could not find pty on pty host
2024-04-23 03:34:22.508 [error] [RPC Response] PtyService#updateIcon Could not find pty on pty host
2024-04-23 03:34:22.508 [error] [RPC Response] PtyService#updateTitle Could not find pty on pty host
2024-04-23 03:34:22.509 [error] [RPC Response] PtyService#updateTitle Could not find pty on pty host
2024-04-23 03:34:23.240 [error] [RPC Response] PtyService#updateTitle Could not find pty on pty host
2024-04-23 04:26:41.529 [error] [RPC Response] PtyService#updateIcon Could not find pty on pty host
2024-04-23 04:26:41.530 [error] [RPC Response] PtyService#updateTitle Could not find pty on pty host
2024-04-23 04:26:41.530 [error] [RPC Response] PtyService#updateTitle Could not find pty on pty host
2024-04-23 04:26:41.530 [error] [RPC Response] PtyService#updateTitle Could not find pty on pty host
2024-04-23 05:00:19.505 [error] [RPC Response] PtyService#updateIcon Could not find pty on pty host
2024-04-23 05:00:19.505 [error] [RPC Response] PtyService#updateTitle Could not find pty on pty host
2024-04-23 05:00:19.505 [error] [RPC Response] PtyService#updateTitle Could not find pty on pty host
2024-04-23 05:00:19.505 [error] [RPC Response] PtyService#updateTitle Could not find pty on pty host
2024-04-23 05:40:29.491 [error] [RPC Response] PtyService#updateIcon Could not find pty on pty host
2024-04-23 05:40:29.491 [error] [RPC Response] PtyService#updateTitle Could not find pty on pty host
2024-04-23 05:40:29.491 [error] [RPC Response] PtyService#updateTitle Could not find pty on pty host
2024-04-23 05:40:29.504 [error] [RPC Response] PtyService#updateTitle Could not find pty on pty host
2024-04-23 06:29:04.505 [error] [RPC Response] PtyService#updateIcon Could not find pty on pty host
2024-04-23 06:29:04.505 [error] [RPC Response] PtyService#updateTitle Could not find pty on pty host
2024-04-23 06:29:04.505 [error] [RPC Response] PtyService#updateTitle Could not find pty on pty host
2024-04-23 06:29:05.405 [error] [RPC Response] PtyService#updateTitle Could not find pty on pty host
2024-04-23 07:03:51.573 [error] [RPC Response] PtyService#updateIcon Could not find pty on pty host
2024-04-23 07:03:51.573 [error] [RPC Response] PtyService#updateTitle Could not find pty on pty host
2024-04-23 07:03:51.573 [error] [RPC Response] PtyService#updateTitle Could not find pty on pty host
2024-04-23 07:03:52.002 [error] [RPC Response] PtyService#updateTitle Could not find pty on pty host
2024-04-23 07:53:55.479 [error] [RPC Response] PtyService#updateIcon Could not find pty on pty host
2024-04-23 07:53:55.479 [error] [RPC Response] PtyService#updateTitle Could not find pty on pty host
2024-04-23 07:53:55.479 [error] [RPC Response] PtyService#updateTitle Could not find pty on pty host
2024-04-23 07:53:56.173 [error] [RPC Response] PtyService#updateTitle Could not find pty on pty host
2024-04-23 08:28:03.489 [error] [RPC Response] PtyService#updateIcon Could not find pty on pty host
2024-04-23 08:28:03.489 [error] [RPC Response] PtyService#updateTitle Could not find pty on pty host
2024-04-23 08:28:03.489 [error] [RPC Response] PtyService#updateTitle Could not find pty on pty host
2024-04-23 08:28:04.167 [error] [RPC Response] PtyService#updateTitle Could not find pty on pty host
2024-04-23 09:08:08.492 [error] [RPC Response] PtyService#updateIcon Could not find pty on pty host
2024-04-23 09:08:08.492 [error] [RPC Response] PtyService#updateTitle Could not find pty on pty host
2024-04-23 09:08:08.492 [error] [RPC Response] PtyService#updateTitle Could not find pty on pty host
2024-04-23 09:08:09.158 [error] [RPC Response] PtyService#updateTitle Could not find pty on pty host
2024-04-23 09:48:21.781 [error] [RPC Response] PtyService#updateIcon Could not find pty on pty host
2024-04-23 09:48:21.781 [error] [RPC Response] PtyService#updateTitle Could not find pty on pty host
2024-04-23 09:48:21.781 [error] [RPC Response] PtyService#updateTitle Could not find pty on pty host
2024-04-23 09:48:23.025 [error] [RPC Response] PtyService#updateTitle Could not find pty on pty host
2024-04-23 12:57:56.269 [error] [RPC Response] PtyService#updateIcon Could not find pty on pty host
2024-04-23 12:57:56.269 [error] [RPC Response] PtyService#updateTitle Could not find pty on pty host
2024-04-23 12:57:56.269 [error] [RPC Response] PtyService#updateTitle Could not find pty on pty host
2024-04-23 12:57:56.269 [error] [RPC Response] PtyService#updateTitle Could not find pty on pty host
2024-04-23 15:40:04.474 [error] [RPC Response] PtyService#updateIcon Could not find pty on pty host
2024-04-23 15:40:04.475 [error] [RPC Response] PtyService#updateTitle Could not find pty on pty host
2024-04-23 15:40:04.475 [error] [RPC Response] PtyService#updateTitle Could not find pty on pty host
2024-04-23 15:40:04.575 [error] [RPC Response] PtyService#updateTitle Could not find pty on pty host
2024-04-23 19:10:39.566 [error] [RPC Response] PtyService#updateIcon Could not find pty on pty host
2024-04-23 19:10:39.568 [error] [RPC Response] PtyService#updateTitle Could not find pty on pty host
2024-04-23 19:10:39.568 [error] [RPC Response] PtyService#updateTitle Could not find pty on pty host
2024-04-23 19:10:39.668 [error] [RPC Response] PtyService#updateTitle Could not find pty on pty host
2024-04-23 20:37:17.380 [error] [RPC Response] PtyService#updateIcon Could not find pty on pty host
2024-04-23 20:37:17.380 [error] [RPC Response] PtyService#updateTitle Could not find pty on pty host
2024-04-23 20:37:17.380 [error] [RPC Response] PtyService#updateTitle Could not find pty on pty host
2024-04-23 20:37:17.693 [error] [RPC Response] PtyService#updateTitle Could not find pty on pty host
