2024-04-19 20:22:05.935 [info] Extension host with pid 1708 started
2024-04-19 20:22:05.955 [error] Error: EEXIST: file already exists, open '/root/.vscode-server/data/User/workspaceStorage/8556a86f3b2f27b5cde004325239aa80/vscode.lock'
2024-04-19 20:22:05.963 [info] Lock '/root/.vscode-server/data/User/workspaceStorage/8556a86f3b2f27b5cde004325239aa80/vscode.lock': Could not acquire lock, checking if the file is stale.
2024-04-19 20:22:05.989 [info] Lock '/root/.vscode-server/data/User/workspaceStorage/8556a86f3b2f27b5cde004325239aa80/vscode.lock': The pid 3741 appears to be gone.
2024-04-19 20:22:05.989 [info] Lock '/root/.vscode-server/data/User/workspaceStorage/8556a86f3b2f27b5cde004325239aa80/vscode.lock': Deleting a stale lock.
2024-04-19 20:22:06.056 [info] ExtensionService#_doActivateExtension ms-python.python, startup: false, activationEvent: 'onLanguage:python', root cause: ms-python.debugpy
2024-04-19 20:22:06.058 [info] ExtensionService#_doActivateExtension vscode.emmet, startup: false, activationEvent: 'onLanguage'
2024-04-19 20:22:07.307 [info] ExtensionService#_doActivateExtension vscode.git-base, startup: true, activationEvent: '*', root cause: vscode.git
2024-04-19 20:22:07.385 [info] Lock '/root/.vscode-server/data/User/workspaceStorage/8556a86f3b2f27b5cde004325239aa80/vscode.lock': Lock acquired.
2024-04-19 20:22:08.065 [info] ExtensionService#_doActivateExtension vscode.git, startup: true, activationEvent: '*'
2024-04-19 20:22:08.065 [info] ExtensionService#_doActivateExtension vscode.github, startup: true, activationEvent: '*'
2024-04-19 20:22:08.595 [info] ExtensionService#_doActivateExtension vscode.tunnel-forwarding, startup: false, activationEvent: 'onTunnel'
2024-04-19 20:22:08.910 [info] Eager extensions activated
2024-04-19 20:22:08.910 [info] ExtensionService#_doActivateExtension vscode.debug-auto-launch, startup: false, activationEvent: 'onStartupFinished'
2024-04-19 20:22:08.911 [info] ExtensionService#_doActivateExtension vscode.merge-conflict, startup: false, activationEvent: 'onStartupFinished'
2024-04-19 20:22:09.266 [info] ExtensionService#_doActivateExtension ms-python.debugpy, startup: false, activationEvent: 'onLanguage:python'
2024-04-19 20:22:09.267 [info] ExtensionService#_doActivateExtension ms-python.vscode-pylance, startup: false, activationEvent: 'onLanguage:python'
2024-04-19 20:32:05.600 [error] Error: write EPROTO C0074A990A7F0000:error:0A00010B:SSL routines:ssl3_get_record:wrong version number:../deps/openssl/openssl/ssl/record/ssl3_record.c:355:

	at WriteWrap.onWriteComplete [as oncomplete] (node:internal/stream_base_commons:94:16)
2024-04-19 20:32:13.710 [error] Error: write EPROTO C0074A990A7F0000:error:0A00010B:SSL routines:ssl3_get_record:wrong version number:../deps/openssl/openssl/ssl/record/ssl3_record.c:355:

	at WriteWrap.onWriteComplete [as oncomplete] (node:internal/stream_base_commons:94:16)
2024-04-19 21:48:35.857 [error] Error: write EPROTO C0074A990A7F0000:error:0A00010B:SSL routines:ssl3_get_record:wrong version number:../deps/openssl/openssl/ssl/record/ssl3_record.c:355:

	at WriteWrap.onWriteComplete [as oncomplete] (node:internal/stream_base_commons:94:16)
2024-04-19 21:48:44.013 [error] Error: write EPROTO C0074A990A7F0000:error:0A00010B:SSL routines:ssl3_get_record:wrong version number:../deps/openssl/openssl/ssl/record/ssl3_record.c:355:

	at WriteWrap.onWriteComplete [as oncomplete] (node:internal/stream_base_commons:94:16)
2024-04-20 00:54:31.582 [info] ExtensionService#_doActivateExtension vscode.npm, startup: false, activationEvent: 'onTerminalQuickFixRequest:ms-vscode.npm-command'
2024-04-24 01:03:34.627 [info] Extension host terminating: renderer disconnected for too long (1)
2024-04-24 01:03:34.632 [info] Lock '/root/.vscode-server/data/User/workspaceStorage/8556a86f3b2f27b5cde004325239aa80/vscode.lock': Marking the lockfile as scheduled to be released in 6000 ms.
2024-04-24 01:03:34.773 [error] Canceled: Canceled
	at new $ (/root/.vscode-server/bin/863d2581ecda6849923a2118d93a088b0745d9d6/out/vs/workbench/api/node/extensionHostProcess.js:140:45885)
	at s.U (/root/.vscode-server/bin/863d2581ecda6849923a2118d93a088b0745d9d6/out/vs/workbench/api/node/extensionHostProcess.js:147:5556)
	at z.<computed>.T.charCodeAt.z.<computed> (/root/.vscode-server/bin/863d2581ecda6849923a2118d93a088b0745d9d6/out/vs/workbench/api/node/extensionHostProcess.js:147:3007)
	at u.g (/root/.vscode-server/bin/863d2581ecda6849923a2118d93a088b0745d9d6/out/vs/workbench/api/node/extensionHostProcess.js:150:184300)
	at u.executeCommand (/root/.vscode-server/bin/863d2581ecda6849923a2118d93a088b0745d9d6/out/vs/workbench/api/node/extensionHostProcess.js:150:183738)
	at f.registerCommand.description (/root/.vscode-server/bin/863d2581ecda6849923a2118d93a088b0745d9d6/out/vs/workbench/api/node/extensionHostProcess.js:150:183062)
	at u.h (/root/.vscode-server/bin/863d2581ecda6849923a2118d93a088b0745d9d6/out/vs/workbench/api/node/extensionHostProcess.js:150:184839)
	at u.g (/root/.vscode-server/bin/863d2581ecda6849923a2118d93a088b0745d9d6/out/vs/workbench/api/node/extensionHostProcess.js:150:183831)
	at u.executeCommand (/root/.vscode-server/bin/863d2581ecda6849923a2118d93a088b0745d9d6/out/vs/workbench/api/node/extensionHostProcess.js:150:183738)
	at Object.executeCommand (/root/.vscode-server/bin/863d2581ecda6849923a2118d93a088b0745d9d6/out/vs/workbench/api/node/extensionHostProcess.js:160:21654)
	at p.O [as value] (/root/.vscode-server/bin/863d2581ecda6849923a2118d93a088b0745d9d6/extensions/git/dist/main.js:2:943479)
	at n.y (/root/.vscode-server/bin/863d2581ecda6849923a2118d93a088b0745d9d6/out/vs/workbench/api/node/extensionHostProcess.js:80:1902)
	at n.z (/root/.vscode-server/bin/863d2581ecda6849923a2118d93a088b0745d9d6/out/vs/workbench/api/node/extensionHostProcess.js:80:1972)
	at n.fire (/root/.vscode-server/bin/863d2581ecda6849923a2118d93a088b0745d9d6/out/vs/workbench/api/node/extensionHostProcess.js:80:2188)
	at Object.m [as dispose] (/root/.vscode-server/bin/863d2581ecda6849923a2118d93a088b0745d9d6/extensions/git/dist/main.js:2:962791)
	at /root/.vscode-server/bin/863d2581ecda6849923a2118d93a088b0745d9d6/extensions/git/dist/main.js:2:968825
	at Array.forEach (<anonymous>)
	at f.dispose (/root/.vscode-server/bin/863d2581ecda6849923a2118d93a088b0745d9d6/extensions/git/dist/main.js:2:968811)
	at l.<anonymous> (/root/.vscode-server/bin/863d2581ecda6849923a2118d93a088b0745d9d6/out/vs/workbench/api/node/extensionHostProcess.js:148:3704)
	at l.dispose (/root/.vscode-server/bin/863d2581ecda6849923a2118d93a088b0745d9d6/out/vs/workbench/api/node/extensionHostProcess.js:148:3801)
	at l.<anonymous> (/root/.vscode-server/bin/863d2581ecda6849923a2118d93a088b0745d9d6/extensions/git/dist/main.js:2:945736)
	at l.dispose (/root/.vscode-server/bin/863d2581ecda6849923a2118d93a088b0745d9d6/out/vs/workbench/api/node/extensionHostProcess.js:148:3801)
	at o (/root/.vscode-server/bin/863d2581ecda6849923a2118d93a088b0745d9d6/out/vs/workbench/api/node/extensionHostProcess.js:30:754)
	at p.cb (/root/.vscode-server/bin/863d2581ecda6849923a2118d93a088b0745d9d6/out/vs/workbench/api/node/extensionHostProcess.js:156:9882)
	at /root/.vscode-server/bin/863d2581ecda6849923a2118d93a088b0745d9d6/out/vs/workbench/api/node/extensionHostProcess.js:156:7816
	at Array.map (<anonymous>)
	at p.Y (/root/.vscode-server/bin/863d2581ecda6849923a2118d93a088b0745d9d6/out/vs/workbench/api/node/extensionHostProcess.js:156:7803)
	at p.terminate (/root/.vscode-server/bin/863d2581ecda6849923a2118d93a088b0745d9d6/out/vs/workbench/api/node/extensionHostProcess.js:156:8076)
	at o.terminate (/root/.vscode-server/bin/863d2581ecda6849923a2118d93a088b0745d9d6/out/vs/workbench/api/node/extensionHostProcess.js:160:1513)
	at t (/root/.vscode-server/bin/863d2581ecda6849923a2118d93a088b0745d9d6/out/vs/workbench/api/node/extensionHostProcess.js:173:9949)
	at O.a (/root/.vscode-server/bin/863d2581ecda6849923a2118d93a088b0745d9d6/out/vs/workbench/api/node/extensionHostProcess.js:173:6679)
	at O.h (/root/.vscode-server/bin/863d2581ecda6849923a2118d93a088b0745d9d6/out/vs/workbench/api/node/extensionHostProcess.js:97:20588)
	at listOnTimeout (node:internal/timers:569:17)
	at process.processTimers (node:internal/timers:512:7) setContext undefined
2024-04-24 01:03:34.773 [error] Canceled: Canceled
	at new $ (/root/.vscode-server/bin/863d2581ecda6849923a2118d93a088b0745d9d6/out/vs/workbench/api/node/extensionHostProcess.js:140:45885)
	at s.U (/root/.vscode-server/bin/863d2581ecda6849923a2118d93a088b0745d9d6/out/vs/workbench/api/node/extensionHostProcess.js:147:5556)
	at z.<computed>.T.charCodeAt.z.<computed> (/root/.vscode-server/bin/863d2581ecda6849923a2118d93a088b0745d9d6/out/vs/workbench/api/node/extensionHostProcess.js:147:3007)
	at u.g (/root/.vscode-server/bin/863d2581ecda6849923a2118d93a088b0745d9d6/out/vs/workbench/api/node/extensionHostProcess.js:150:184300)
	at u.executeCommand (/root/.vscode-server/bin/863d2581ecda6849923a2118d93a088b0745d9d6/out/vs/workbench/api/node/extensionHostProcess.js:150:183738)
	at f.registerCommand.description (/root/.vscode-server/bin/863d2581ecda6849923a2118d93a088b0745d9d6/out/vs/workbench/api/node/extensionHostProcess.js:150:183062)
	at u.h (/root/.vscode-server/bin/863d2581ecda6849923a2118d93a088b0745d9d6/out/vs/workbench/api/node/extensionHostProcess.js:150:184839)
	at u.g (/root/.vscode-server/bin/863d2581ecda6849923a2118d93a088b0745d9d6/out/vs/workbench/api/node/extensionHostProcess.js:150:183831)
	at u.executeCommand (/root/.vscode-server/bin/863d2581ecda6849923a2118d93a088b0745d9d6/out/vs/workbench/api/node/extensionHostProcess.js:150:183738)
	at Object.executeCommand (/root/.vscode-server/bin/863d2581ecda6849923a2118d93a088b0745d9d6/out/vs/workbench/api/node/extensionHostProcess.js:160:21654)
	at p.O [as value] (/root/.vscode-server/bin/863d2581ecda6849923a2118d93a088b0745d9d6/extensions/git/dist/main.js:2:943479)
	at n.y (/root/.vscode-server/bin/863d2581ecda6849923a2118d93a088b0745d9d6/out/vs/workbench/api/node/extensionHostProcess.js:80:1902)
	at n.z (/root/.vscode-server/bin/863d2581ecda6849923a2118d93a088b0745d9d6/out/vs/workbench/api/node/extensionHostProcess.js:80:1972)
	at n.fire (/root/.vscode-server/bin/863d2581ecda6849923a2118d93a088b0745d9d6/out/vs/workbench/api/node/extensionHostProcess.js:80:2188)
	at Object.m [as dispose] (/root/.vscode-server/bin/863d2581ecda6849923a2118d93a088b0745d9d6/extensions/git/dist/main.js:2:962791)
	at /root/.vscode-server/bin/863d2581ecda6849923a2118d93a088b0745d9d6/extensions/git/dist/main.js:2:968825
	at Array.forEach (<anonymous>)
	at f.dispose (/root/.vscode-server/bin/863d2581ecda6849923a2118d93a088b0745d9d6/extensions/git/dist/main.js:2:968811)
	at l.<anonymous> (/root/.vscode-server/bin/863d2581ecda6849923a2118d93a088b0745d9d6/out/vs/workbench/api/node/extensionHostProcess.js:148:3704)
	at l.dispose (/root/.vscode-server/bin/863d2581ecda6849923a2118d93a088b0745d9d6/out/vs/workbench/api/node/extensionHostProcess.js:148:3801)
	at l.<anonymous> (/root/.vscode-server/bin/863d2581ecda6849923a2118d93a088b0745d9d6/extensions/git/dist/main.js:2:945736)
	at l.dispose (/root/.vscode-server/bin/863d2581ecda6849923a2118d93a088b0745d9d6/out/vs/workbench/api/node/extensionHostProcess.js:148:3801)
	at o (/root/.vscode-server/bin/863d2581ecda6849923a2118d93a088b0745d9d6/out/vs/workbench/api/node/extensionHostProcess.js:30:754)
	at p.cb (/root/.vscode-server/bin/863d2581ecda6849923a2118d93a088b0745d9d6/out/vs/workbench/api/node/extensionHostProcess.js:156:9882)
	at /root/.vscode-server/bin/863d2581ecda6849923a2118d93a088b0745d9d6/out/vs/workbench/api/node/extensionHostProcess.js:156:7816
	at Array.map (<anonymous>)
	at p.Y (/root/.vscode-server/bin/863d2581ecda6849923a2118d93a088b0745d9d6/out/vs/workbench/api/node/extensionHostProcess.js:156:7803)
	at p.terminate (/root/.vscode-server/bin/863d2581ecda6849923a2118d93a088b0745d9d6/out/vs/workbench/api/node/extensionHostProcess.js:156:8076)
	at o.terminate (/root/.vscode-server/bin/863d2581ecda6849923a2118d93a088b0745d9d6/out/vs/workbench/api/node/extensionHostProcess.js:160:1513)
	at t (/root/.vscode-server/bin/863d2581ecda6849923a2118d93a088b0745d9d6/out/vs/workbench/api/node/extensionHostProcess.js:173:9949)
	at O.a (/root/.vscode-server/bin/863d2581ecda6849923a2118d93a088b0745d9d6/out/vs/workbench/api/node/extensionHostProcess.js:173:6679)
	at O.h (/root/.vscode-server/bin/863d2581ecda6849923a2118d93a088b0745d9d6/out/vs/workbench/api/node/extensionHostProcess.js:97:20588)
	at listOnTimeout (node:internal/timers:569:17)
	at process.processTimers (node:internal/timers:512:7) setContext undefined
2024-04-24 01:03:34.773 [error] Canceled: Canceled
	at new $ (/root/.vscode-server/bin/863d2581ecda6849923a2118d93a088b0745d9d6/out/vs/workbench/api/node/extensionHostProcess.js:140:45885)
	at s.U (/root/.vscode-server/bin/863d2581ecda6849923a2118d93a088b0745d9d6/out/vs/workbench/api/node/extensionHostProcess.js:147:5556)
	at z.<computed>.T.charCodeAt.z.<computed> (/root/.vscode-server/bin/863d2581ecda6849923a2118d93a088b0745d9d6/out/vs/workbench/api/node/extensionHostProcess.js:147:3007)
	at u.g (/root/.vscode-server/bin/863d2581ecda6849923a2118d93a088b0745d9d6/out/vs/workbench/api/node/extensionHostProcess.js:150:184300)
	at u.executeCommand (/root/.vscode-server/bin/863d2581ecda6849923a2118d93a088b0745d9d6/out/vs/workbench/api/node/extensionHostProcess.js:150:183738)
	at f.registerCommand.description (/root/.vscode-server/bin/863d2581ecda6849923a2118d93a088b0745d9d6/out/vs/workbench/api/node/extensionHostProcess.js:150:183062)
	at u.h (/root/.vscode-server/bin/863d2581ecda6849923a2118d93a088b0745d9d6/out/vs/workbench/api/node/extensionHostProcess.js:150:184839)
	at u.g (/root/.vscode-server/bin/863d2581ecda6849923a2118d93a088b0745d9d6/out/vs/workbench/api/node/extensionHostProcess.js:150:183831)
	at u.executeCommand (/root/.vscode-server/bin/863d2581ecda6849923a2118d93a088b0745d9d6/out/vs/workbench/api/node/extensionHostProcess.js:150:183738)
	at Object.executeCommand (/root/.vscode-server/bin/863d2581ecda6849923a2118d93a088b0745d9d6/out/vs/workbench/api/node/extensionHostProcess.js:160:21654)
	at p.O [as value] (/root/.vscode-server/bin/863d2581ecda6849923a2118d93a088b0745d9d6/extensions/git/dist/main.js:2:943479)
	at n.y (/root/.vscode-server/bin/863d2581ecda6849923a2118d93a088b0745d9d6/out/vs/workbench/api/node/extensionHostProcess.js:80:1902)
	at n.z (/root/.vscode-server/bin/863d2581ecda6849923a2118d93a088b0745d9d6/out/vs/workbench/api/node/extensionHostProcess.js:80:1972)
	at n.fire (/root/.vscode-server/bin/863d2581ecda6849923a2118d93a088b0745d9d6/out/vs/workbench/api/node/extensionHostProcess.js:80:2188)
	at Object.m [as dispose] (/root/.vscode-server/bin/863d2581ecda6849923a2118d93a088b0745d9d6/extensions/git/dist/main.js:2:962791)
	at /root/.vscode-server/bin/863d2581ecda6849923a2118d93a088b0745d9d6/extensions/git/dist/main.js:2:968825
	at Array.forEach (<anonymous>)
	at f.dispose (/root/.vscode-server/bin/863d2581ecda6849923a2118d93a088b0745d9d6/extensions/git/dist/main.js:2:968811)
	at l.<anonymous> (/root/.vscode-server/bin/863d2581ecda6849923a2118d93a088b0745d9d6/out/vs/workbench/api/node/extensionHostProcess.js:148:3704)
	at l.dispose (/root/.vscode-server/bin/863d2581ecda6849923a2118d93a088b0745d9d6/out/vs/workbench/api/node/extensionHostProcess.js:148:3801)
	at l.<anonymous> (/root/.vscode-server/bin/863d2581ecda6849923a2118d93a088b0745d9d6/extensions/git/dist/main.js:2:945736)
	at l.dispose (/root/.vscode-server/bin/863d2581ecda6849923a2118d93a088b0745d9d6/out/vs/workbench/api/node/extensionHostProcess.js:148:3801)
	at o (/root/.vscode-server/bin/863d2581ecda6849923a2118d93a088b0745d9d6/out/vs/workbench/api/node/extensionHostProcess.js:30:754)
	at p.cb (/root/.vscode-server/bin/863d2581ecda6849923a2118d93a088b0745d9d6/out/vs/workbench/api/node/extensionHostProcess.js:156:9882)
	at /root/.vscode-server/bin/863d2581ecda6849923a2118d93a088b0745d9d6/out/vs/workbench/api/node/extensionHostProcess.js:156:7816
	at Array.map (<anonymous>)
	at p.Y (/root/.vscode-server/bin/863d2581ecda6849923a2118d93a088b0745d9d6/out/vs/workbench/api/node/extensionHostProcess.js:156:7803)
	at p.terminate (/root/.vscode-server/bin/863d2581ecda6849923a2118d93a088b0745d9d6/out/vs/workbench/api/node/extensionHostProcess.js:156:8076)
	at o.terminate (/root/.vscode-server/bin/863d2581ecda6849923a2118d93a088b0745d9d6/out/vs/workbench/api/node/extensionHostProcess.js:160:1513)
	at t (/root/.vscode-server/bin/863d2581ecda6849923a2118d93a088b0745d9d6/out/vs/workbench/api/node/extensionHostProcess.js:173:9949)
	at O.a (/root/.vscode-server/bin/863d2581ecda6849923a2118d93a088b0745d9d6/out/vs/workbench/api/node/extensionHostProcess.js:173:6679)
	at O.h (/root/.vscode-server/bin/863d2581ecda6849923a2118d93a088b0745d9d6/out/vs/workbench/api/node/extensionHostProcess.js:97:20588)
	at listOnTimeout (node:internal/timers:569:17)
	at process.processTimers (node:internal/timers:512:7) setContext undefined
2024-04-24 01:03:34.773 [error] Canceled: Canceled
	at new $ (/root/.vscode-server/bin/863d2581ecda6849923a2118d93a088b0745d9d6/out/vs/workbench/api/node/extensionHostProcess.js:140:45885)
	at s.U (/root/.vscode-server/bin/863d2581ecda6849923a2118d93a088b0745d9d6/out/vs/workbench/api/node/extensionHostProcess.js:147:5556)
	at z.<computed>.T.charCodeAt.z.<computed> (/root/.vscode-server/bin/863d2581ecda6849923a2118d93a088b0745d9d6/out/vs/workbench/api/node/extensionHostProcess.js:147:3007)
	at u.g (/root/.vscode-server/bin/863d2581ecda6849923a2118d93a088b0745d9d6/out/vs/workbench/api/node/extensionHostProcess.js:150:184300)
	at u.executeCommand (/root/.vscode-server/bin/863d2581ecda6849923a2118d93a088b0745d9d6/out/vs/workbench/api/node/extensionHostProcess.js:150:183738)
	at f.registerCommand.description (/root/.vscode-server/bin/863d2581ecda6849923a2118d93a088b0745d9d6/out/vs/workbench/api/node/extensionHostProcess.js:150:183062)
	at u.h (/root/.vscode-server/bin/863d2581ecda6849923a2118d93a088b0745d9d6/out/vs/workbench/api/node/extensionHostProcess.js:150:184839)
	at u.g (/root/.vscode-server/bin/863d2581ecda6849923a2118d93a088b0745d9d6/out/vs/workbench/api/node/extensionHostProcess.js:150:183831)
	at u.executeCommand (/root/.vscode-server/bin/863d2581ecda6849923a2118d93a088b0745d9d6/out/vs/workbench/api/node/extensionHostProcess.js:150:183738)
	at Object.executeCommand (/root/.vscode-server/bin/863d2581ecda6849923a2118d93a088b0745d9d6/out/vs/workbench/api/node/extensionHostProcess.js:160:21654)
	at p.O [as value] (/root/.vscode-server/bin/863d2581ecda6849923a2118d93a088b0745d9d6/extensions/git/dist/main.js:2:943479)
	at n.y (/root/.vscode-server/bin/863d2581ecda6849923a2118d93a088b0745d9d6/out/vs/workbench/api/node/extensionHostProcess.js:80:1902)
	at n.z (/root/.vscode-server/bin/863d2581ecda6849923a2118d93a088b0745d9d6/out/vs/workbench/api/node/extensionHostProcess.js:80:1972)
	at n.fire (/root/.vscode-server/bin/863d2581ecda6849923a2118d93a088b0745d9d6/out/vs/workbench/api/node/extensionHostProcess.js:80:2188)
	at Object.m [as dispose] (/root/.vscode-server/bin/863d2581ecda6849923a2118d93a088b0745d9d6/extensions/git/dist/main.js:2:962791)
	at /root/.vscode-server/bin/863d2581ecda6849923a2118d93a088b0745d9d6/extensions/git/dist/main.js:2:968825
	at Array.forEach (<anonymous>)
	at f.dispose (/root/.vscode-server/bin/863d2581ecda6849923a2118d93a088b0745d9d6/extensions/git/dist/main.js:2:968811)
	at l.<anonymous> (/root/.vscode-server/bin/863d2581ecda6849923a2118d93a088b0745d9d6/out/vs/workbench/api/node/extensionHostProcess.js:148:3704)
	at l.dispose (/root/.vscode-server/bin/863d2581ecda6849923a2118d93a088b0745d9d6/out/vs/workbench/api/node/extensionHostProcess.js:148:3801)
	at l.<anonymous> (/root/.vscode-server/bin/863d2581ecda6849923a2118d93a088b0745d9d6/extensions/git/dist/main.js:2:945736)
	at l.dispose (/root/.vscode-server/bin/863d2581ecda6849923a2118d93a088b0745d9d6/out/vs/workbench/api/node/extensionHostProcess.js:148:3801)
	at o (/root/.vscode-server/bin/863d2581ecda6849923a2118d93a088b0745d9d6/out/vs/workbench/api/node/extensionHostProcess.js:30:754)
	at p.cb (/root/.vscode-server/bin/863d2581ecda6849923a2118d93a088b0745d9d6/out/vs/workbench/api/node/extensionHostProcess.js:156:9882)
	at /root/.vscode-server/bin/863d2581ecda6849923a2118d93a088b0745d9d6/out/vs/workbench/api/node/extensionHostProcess.js:156:7816
	at Array.map (<anonymous>)
	at p.Y (/root/.vscode-server/bin/863d2581ecda6849923a2118d93a088b0745d9d6/out/vs/workbench/api/node/extensionHostProcess.js:156:7803)
	at p.terminate (/root/.vscode-server/bin/863d2581ecda6849923a2118d93a088b0745d9d6/out/vs/workbench/api/node/extensionHostProcess.js:156:8076)
	at o.terminate (/root/.vscode-server/bin/863d2581ecda6849923a2118d93a088b0745d9d6/out/vs/workbench/api/node/extensionHostProcess.js:160:1513)
	at t (/root/.vscode-server/bin/863d2581ecda6849923a2118d93a088b0745d9d6/out/vs/workbench/api/node/extensionHostProcess.js:173:9949)
	at O.a (/root/.vscode-server/bin/863d2581ecda6849923a2118d93a088b0745d9d6/out/vs/workbench/api/node/extensionHostProcess.js:173:6679)
	at O.h (/root/.vscode-server/bin/863d2581ecda6849923a2118d93a088b0745d9d6/out/vs/workbench/api/node/extensionHostProcess.js:97:20588)
	at listOnTimeout (node:internal/timers:569:17)
	at process.processTimers (node:internal/timers:512:7) setContext undefined
2024-04-24 01:03:34.773 [error] Canceled: Canceled
	at new $ (/root/.vscode-server/bin/863d2581ecda6849923a2118d93a088b0745d9d6/out/vs/workbench/api/node/extensionHostProcess.js:140:45885)
	at s.U (/root/.vscode-server/bin/863d2581ecda6849923a2118d93a088b0745d9d6/out/vs/workbench/api/node/extensionHostProcess.js:147:5556)
	at z.<computed>.T.charCodeAt.z.<computed> (/root/.vscode-server/bin/863d2581ecda6849923a2118d93a088b0745d9d6/out/vs/workbench/api/node/extensionHostProcess.js:147:3007)
	at u.g (/root/.vscode-server/bin/863d2581ecda6849923a2118d93a088b0745d9d6/out/vs/workbench/api/node/extensionHostProcess.js:150:184300)
	at u.executeCommand (/root/.vscode-server/bin/863d2581ecda6849923a2118d93a088b0745d9d6/out/vs/workbench/api/node/extensionHostProcess.js:150:183738)
	at f.registerCommand.description (/root/.vscode-server/bin/863d2581ecda6849923a2118d93a088b0745d9d6/out/vs/workbench/api/node/extensionHostProcess.js:150:183062)
	at u.h (/root/.vscode-server/bin/863d2581ecda6849923a2118d93a088b0745d9d6/out/vs/workbench/api/node/extensionHostProcess.js:150:184839)
	at u.g (/root/.vscode-server/bin/863d2581ecda6849923a2118d93a088b0745d9d6/out/vs/workbench/api/node/extensionHostProcess.js:150:183831)
	at u.executeCommand (/root/.vscode-server/bin/863d2581ecda6849923a2118d93a088b0745d9d6/out/vs/workbench/api/node/extensionHostProcess.js:150:183738)
	at Object.executeCommand (/root/.vscode-server/bin/863d2581ecda6849923a2118d93a088b0745d9d6/out/vs/workbench/api/node/extensionHostProcess.js:160:21654)
	at p.O [as value] (/root/.vscode-server/bin/863d2581ecda6849923a2118d93a088b0745d9d6/extensions/git/dist/main.js:2:943479)
	at n.y (/root/.vscode-server/bin/863d2581ecda6849923a2118d93a088b0745d9d6/out/vs/workbench/api/node/extensionHostProcess.js:80:1902)
	at n.z (/root/.vscode-server/bin/863d2581ecda6849923a2118d93a088b0745d9d6/out/vs/workbench/api/node/extensionHostProcess.js:80:1972)
	at n.fire (/root/.vscode-server/bin/863d2581ecda6849923a2118d93a088b0745d9d6/out/vs/workbench/api/node/extensionHostProcess.js:80:2188)
	at Object.m [as dispose] (/root/.vscode-server/bin/863d2581ecda6849923a2118d93a088b0745d9d6/extensions/git/dist/main.js:2:962791)
	at /root/.vscode-server/bin/863d2581ecda6849923a2118d93a088b0745d9d6/extensions/git/dist/main.js:2:968825
	at Array.forEach (<anonymous>)
	at f.dispose (/root/.vscode-server/bin/863d2581ecda6849923a2118d93a088b0745d9d6/extensions/git/dist/main.js:2:968811)
	at l.<anonymous> (/root/.vscode-server/bin/863d2581ecda6849923a2118d93a088b0745d9d6/out/vs/workbench/api/node/extensionHostProcess.js:148:3704)
	at l.dispose (/root/.vscode-server/bin/863d2581ecda6849923a2118d93a088b0745d9d6/out/vs/workbench/api/node/extensionHostProcess.js:148:3801)
	at l.<anonymous> (/root/.vscode-server/bin/863d2581ecda6849923a2118d93a088b0745d9d6/extensions/git/dist/main.js:2:945736)
	at l.dispose (/root/.vscode-server/bin/863d2581ecda6849923a2118d93a088b0745d9d6/out/vs/workbench/api/node/extensionHostProcess.js:148:3801)
	at o (/root/.vscode-server/bin/863d2581ecda6849923a2118d93a088b0745d9d6/out/vs/workbench/api/node/extensionHostProcess.js:30:754)
	at p.cb (/root/.vscode-server/bin/863d2581ecda6849923a2118d93a088b0745d9d6/out/vs/workbench/api/node/extensionHostProcess.js:156:9882)
	at /root/.vscode-server/bin/863d2581ecda6849923a2118d93a088b0745d9d6/out/vs/workbench/api/node/extensionHostProcess.js:156:7816
	at Array.map (<anonymous>)
	at p.Y (/root/.vscode-server/bin/863d2581ecda6849923a2118d93a088b0745d9d6/out/vs/workbench/api/node/extensionHostProcess.js:156:7803)
	at p.terminate (/root/.vscode-server/bin/863d2581ecda6849923a2118d93a088b0745d9d6/out/vs/workbench/api/node/extensionHostProcess.js:156:8076)
	at o.terminate (/root/.vscode-server/bin/863d2581ecda6849923a2118d93a088b0745d9d6/out/vs/workbench/api/node/extensionHostProcess.js:160:1513)
	at t (/root/.vscode-server/bin/863d2581ecda6849923a2118d93a088b0745d9d6/out/vs/workbench/api/node/extensionHostProcess.js:173:9949)
	at O.a (/root/.vscode-server/bin/863d2581ecda6849923a2118d93a088b0745d9d6/out/vs/workbench/api/node/extensionHostProcess.js:173:6679)
	at O.h (/root/.vscode-server/bin/863d2581ecda6849923a2118d93a088b0745d9d6/out/vs/workbench/api/node/extensionHostProcess.js:97:20588)
	at listOnTimeout (node:internal/timers:569:17)
	at process.processTimers (node:internal/timers:512:7) setContext undefined
2024-04-24 01:03:34.773 [error] Canceled: Canceled
	at new $ (/root/.vscode-server/bin/863d2581ecda6849923a2118d93a088b0745d9d6/out/vs/workbench/api/node/extensionHostProcess.js:140:45885)
	at s.U (/root/.vscode-server/bin/863d2581ecda6849923a2118d93a088b0745d9d6/out/vs/workbench/api/node/extensionHostProcess.js:147:5556)
	at z.<computed>.T.charCodeAt.z.<computed> (/root/.vscode-server/bin/863d2581ecda6849923a2118d93a088b0745d9d6/out/vs/workbench/api/node/extensionHostProcess.js:147:3007)
	at u.g (/root/.vscode-server/bin/863d2581ecda6849923a2118d93a088b0745d9d6/out/vs/workbench/api/node/extensionHostProcess.js:150:184300)
	at u.executeCommand (/root/.vscode-server/bin/863d2581ecda6849923a2118d93a088b0745d9d6/out/vs/workbench/api/node/extensionHostProcess.js:150:183738)
	at f.registerCommand.description (/root/.vscode-server/bin/863d2581ecda6849923a2118d93a088b0745d9d6/out/vs/workbench/api/node/extensionHostProcess.js:150:183062)
	at u.h (/root/.vscode-server/bin/863d2581ecda6849923a2118d93a088b0745d9d6/out/vs/workbench/api/node/extensionHostProcess.js:150:184839)
	at u.g (/root/.vscode-server/bin/863d2581ecda6849923a2118d93a088b0745d9d6/out/vs/workbench/api/node/extensionHostProcess.js:150:183831)
	at u.executeCommand (/root/.vscode-server/bin/863d2581ecda6849923a2118d93a088b0745d9d6/out/vs/workbench/api/node/extensionHostProcess.js:150:183738)
	at Object.executeCommand (/root/.vscode-server/bin/863d2581ecda6849923a2118d93a088b0745d9d6/out/vs/workbench/api/node/extensionHostProcess.js:160:21654)
	at set hasGitHubRepositories [as hasGitHubRepositories] (/root/.vscode-server/bin/863d2581ecda6849923a2118d93a088b0745d9d6/extensions/github/dist/extension.js:2:325214)
	at /root/.vscode-server/bin/863d2581ecda6849923a2118d93a088b0745d9d6/extensions/github/dist/extension.js:2:326173
	at p.value (/root/.vscode-server/bin/863d2581ecda6849923a2118d93a088b0745d9d6/extensions/git/dist/main.js:2:1050811)
	at n.y (/root/.vscode-server/bin/863d2581ecda6849923a2118d93a088b0745d9d6/out/vs/workbench/api/node/extensionHostProcess.js:80:1902)
	at n.z (/root/.vscode-server/bin/863d2581ecda6849923a2118d93a088b0745d9d6/out/vs/workbench/api/node/extensionHostProcess.js:80:1972)
	at n.fire (/root/.vscode-server/bin/863d2581ecda6849923a2118d93a088b0745d9d6/out/vs/workbench/api/node/extensionHostProcess.js:80:2188)
	at Object.m [as dispose] (/root/.vscode-server/bin/863d2581ecda6849923a2118d93a088b0745d9d6/extensions/git/dist/main.js:2:962791)
	at /root/.vscode-server/bin/863d2581ecda6849923a2118d93a088b0745d9d6/extensions/git/dist/main.js:2:968825
	at Array.forEach (<anonymous>)
	at f.dispose (/root/.vscode-server/bin/863d2581ecda6849923a2118d93a088b0745d9d6/extensions/git/dist/main.js:2:968811)
	at l.<anonymous> (/root/.vscode-server/bin/863d2581ecda6849923a2118d93a088b0745d9d6/out/vs/workbench/api/node/extensionHostProcess.js:148:3704)
	at l.dispose (/root/.vscode-server/bin/863d2581ecda6849923a2118d93a088b0745d9d6/out/vs/workbench/api/node/extensionHostProcess.js:148:3801)
	at l.<anonymous> (/root/.vscode-server/bin/863d2581ecda6849923a2118d93a088b0745d9d6/extensions/git/dist/main.js:2:945736)
	at l.dispose (/root/.vscode-server/bin/863d2581ecda6849923a2118d93a088b0745d9d6/out/vs/workbench/api/node/extensionHostProcess.js:148:3801)
	at o (/root/.vscode-server/bin/863d2581ecda6849923a2118d93a088b0745d9d6/out/vs/workbench/api/node/extensionHostProcess.js:30:754)
	at p.cb (/root/.vscode-server/bin/863d2581ecda6849923a2118d93a088b0745d9d6/out/vs/workbench/api/node/extensionHostProcess.js:156:9882)
	at /root/.vscode-server/bin/863d2581ecda6849923a2118d93a088b0745d9d6/out/vs/workbench/api/node/extensionHostProcess.js:156:7816
	at Array.map (<anonymous>)
	at p.Y (/root/.vscode-server/bin/863d2581ecda6849923a2118d93a088b0745d9d6/out/vs/workbench/api/node/extensionHostProcess.js:156:7803)
	at p.terminate (/root/.vscode-server/bin/863d2581ecda6849923a2118d93a088b0745d9d6/out/vs/workbench/api/node/extensionHostProcess.js:156:8076)
	at o.terminate (/root/.vscode-server/bin/863d2581ecda6849923a2118d93a088b0745d9d6/out/vs/workbench/api/node/extensionHostProcess.js:160:1513)
	at t (/root/.vscode-server/bin/863d2581ecda6849923a2118d93a088b0745d9d6/out/vs/workbench/api/node/extensionHostProcess.js:173:9949)
	at O.a (/root/.vscode-server/bin/863d2581ecda6849923a2118d93a088b0745d9d6/out/vs/workbench/api/node/extensionHostProcess.js:173:6679)
	at O.h (/root/.vscode-server/bin/863d2581ecda6849923a2118d93a088b0745d9d6/out/vs/workbench/api/node/extensionHostProcess.js:97:20588)
	at listOnTimeout (node:internal/timers:569:17)
	at process.processTimers (node:internal/timers:512:7) setContext undefined
2024-04-24 01:03:34.804 [info] Extension host with pid 1708 exiting with code 0
