Warning: Missing GLIBCXX >= 3.4.25! from /usr/lib64/libstdc++.so.6.0.19
Warning: Missing GLIBC >= 2.28! from /usr/lib64/libc-2.17.so
Error: Missing required dependencies. Please refer to our FAQ https://aka.ms/vscode-remote/faq/old-linux for additional information.
*
* Visual Studio Code Server
*
* By using the software, you agree to
* the Visual Studio Code Server License Terms (https://aka.ms/vscode-server-license) and
* the Microsoft Privacy Statement (https://privacy.microsoft.com/en-US/privacystatement).
*
Server bound to 127.0.0.1:33215 (IPv4)
Extension host agent listening on 33215

[09:55:25] 




[09:55:25] Extension host agent started.
[09:55:26] [127.0.0.1][ec72135b][ManagementConnection] New connection established.
[09:55:26] [127.0.0.1][ba692d76][ExtensionHostConnection] New connection established.
[09:55:26] [127.0.0.1][ba692d76][ExtensionHostConnection] <92840> Launched Extension Host Process.
rejected promise not handled within 1 second: CodeExpectedError: Could not find pty on pty host
stack trace: CodeExpectedError: Could not find pty on pty host
    at A.U (/root/.vscode-server/bin/903b1e9d8990623e3d7da1df3d33db3e42d80eda/out/vs/platform/terminal/node/ptyHostMain.js:43:32407)
    at A.updateTitle (/root/.vscode-server/bin/903b1e9d8990623e3d7da1df3d33db3e42d80eda/out/vs/platform/terminal/node/ptyHostMain.js:43:27539)
    at U.<computed> (/root/.vscode-server/bin/903b1e9d8990623e3d7da1df3d33db3e42d80eda/out/vs/platform/terminal/node/ptyHostMain.js:43:22765)
    at Object.call (/root/.vscode-server/bin/903b1e9d8990623e3d7da1df3d33db3e42d80eda/out/vs/platform/terminal/node/ptyHostMain.js:34:5041)
    at $.s (/root/.vscode-server/bin/903b1e9d8990623e3d7da1df3d33db3e42d80eda/out/vs/platform/terminal/node/ptyHostMain.js:32:5153)
    at $.q (/root/.vscode-server/bin/903b1e9d8990623e3d7da1df3d33db3e42d80eda/out/vs/platform/terminal/node/ptyHostMain.js:32:4662)
    at a.value (/root/.vscode-server/bin/903b1e9d8990623e3d7da1df3d33db3e42d80eda/out/vs/platform/terminal/node/ptyHostMain.js:32:4064)
    at d.y (/root/.vscode-server/bin/903b1e9d8990623e3d7da1df3d33db3e42d80eda/out/vs/platform/terminal/node/ptyHostMain.js:27:1906)
    at d.fire (/root/.vscode-server/bin/903b1e9d8990623e3d7da1df3d33db3e42d80eda/out/vs/platform/terminal/node/ptyHostMain.js:27:2123)
    at process.ne (/root/.vscode-server/bin/903b1e9d8990623e3d7da1df3d33db3e42d80eda/out/vs/platform/terminal/node/ptyHostMain.js:25:10072)
    at process.emit (node:events:514:28)
    at emit (node:internal/child_process:937:14)
    at process.processTicksAndRejections (node:internal/process/task_queues:83:21)
[09:55:28] Error [CodeExpectedError]: Could not find pty on pty host
    at A.U (/root/.vscode-server/bin/903b1e9d8990623e3d7da1df3d33db3e42d80eda/out/vs/platform/terminal/node/ptyHostMain.js:43:32407)
    at A.updateTitle (/root/.vscode-server/bin/903b1e9d8990623e3d7da1df3d33db3e42d80eda/out/vs/platform/terminal/node/ptyHostMain.js:43:27539)
    at U.<computed> (/root/.vscode-server/bin/903b1e9d8990623e3d7da1df3d33db3e42d80eda/out/vs/platform/terminal/node/ptyHostMain.js:43:22765)
    at Object.call (/root/.vscode-server/bin/903b1e9d8990623e3d7da1df3d33db3e42d80eda/out/vs/platform/terminal/node/ptyHostMain.js:34:5041)
    at $.s (/root/.vscode-server/bin/903b1e9d8990623e3d7da1df3d33db3e42d80eda/out/vs/platform/terminal/node/ptyHostMain.js:32:5153)
    at $.q (/root/.vscode-server/bin/903b1e9d8990623e3d7da1df3d33db3e42d80eda/out/vs/platform/terminal/node/ptyHostMain.js:32:4662)
    at a.value (/root/.vscode-server/bin/903b1e9d8990623e3d7da1df3d33db3e42d80eda/out/vs/platform/terminal/node/ptyHostMain.js:32:4064)
    at d.y (/root/.vscode-server/bin/903b1e9d8990623e3d7da1df3d33db3e42d80eda/out/vs/platform/terminal/node/ptyHostMain.js:27:1906)
    at d.fire (/root/.vscode-server/bin/903b1e9d8990623e3d7da1df3d33db3e42d80eda/out/vs/platform/terminal/node/ptyHostMain.js:27:2123)
    at process.ne (/root/.vscode-server/bin/903b1e9d8990623e3d7da1df3d33db3e42d80eda/out/vs/platform/terminal/node/ptyHostMain.js:25:10072)
    at process.emit (node:events:514:28)
    at emit (node:internal/child_process:937:14)
    at process.processTicksAndRejections (node:internal/process/task_queues:83:21)
[09:55:52] [127.0.0.1][ec72135b][ManagementConnection] The client has disconnected gracefully, so the connection will be disposed.
[09:55:52] [127.0.0.1][ba692d76][ExtensionHostConnection] <92840> Extension Host Process exited with code: 0, signal: null.
Cancelling previous shutdown timeout
[09:55:52] Cancelling previous shutdown timeout
Last EH closed, waiting before shutting down
[09:55:52] Last EH closed, waiting before shutting down
Got delay-shutdown request while in shutdown timeout, delaying
[09:55:53] Got delay-shutdown request while in shutdown timeout, delaying
Cancelling previous shutdown timeout
[09:55:53] Cancelling previous shutdown timeout
[09:55:53] [127.0.0.1][87b865c6][ManagementConnection] New connection established.
[09:55:53] [127.0.0.1][84c4e335][ExtensionHostConnection] New connection established.
[09:55:53] [127.0.0.1][84c4e335][ExtensionHostConnection] <92948> Launched Extension Host Process.
[09:59:46] [127.0.0.1][87b865c6][ManagementConnection] The client has disconnected gracefully, so the connection will be disposed.
[09:59:46] [127.0.0.1][84c4e335][ExtensionHostConnection] <92948> Extension Host Process exited with code: 0, signal: null.
Cancelling previous shutdown timeout
[09:59:46] Cancelling previous shutdown timeout
Last EH closed, waiting before shutting down
[09:59:46] Last EH closed, waiting before shutting down
Last EH closed, shutting down
[10:04:46] Last EH closed, shutting down
